-------------------------- jModeltest 2.1.10 v20160303 --------------------------
(c) 2011-onwards D. Darriba, G.L. Taboada, R. Doallo and D. Posada,
(1) Department of Biochemistry, Genetics and Immunology
    University of Vigo, 36310 Vigo, Spain.
(2) Department of Electronics and Systems
    University of A Coruna, 15071 A Coruna, Spain.
e-mail: ddarriba@udc.es, dposada@uvigo.es
--------------------------------------------------------------------------------
 
Tue Apr 24 20:07:53 EDT 2018
Linux 3.10.0-327.3.1.el7.x86_64, arch: amd64, bits: 64, numcores: 28
 
--------------------------------------------------------------------------------
Citation: Darriba D, Taboada GL, Doallo R and Posada D. 2012.
          "jModelTest 2: more models, new heuristics and parallel computing".
          Nature Methods 9(8), 772.
--------------------------------------------------------------------------------
 
jModelTest 2.1.10 v20160303
Copyright (C) 2011 D. Darriba, G.L. Taboada, R. Doallo and D. Posada
This program comes with ABSOLUTELY NO WARRANTY
This is free software, and you are welcome to redistribute it under certain
conditions
 
Notice: This program may contain errors. Please inspect results carefully.
 
 
Arguments = -d fasfiles/HIV_aligned_NEF.fas -t BIONJ -o fasfiles/HIV_aligned_NEF.fas.out -AICc -BIC -DT -s 3 -hLRT

Reading data file "HIV_aligned_NEF.fas"... OK.
  number of sequences: 151
  number of sites: 617
 
 
---------------------------------------------------------------
*                                                             *
*        COMPUTATION OF LIKELIHOOD SCORES WITH PHYML          *
*                                                             *
---------------------------------------------------------------
 
::Settings::
 
 Phyml version = 20130103
 Phyml binary = PhyML_3.0_linux64
 Phyml path = /gpfs/home/cltucker/jModelTest/jmodeltest-2.1.10/exe/phyml/
 Candidate models = 3
   number of substitution schemes = 3
   including only models with equal base frequencies
   including only models without a proportion of invariable sites
   including only models without rate variation among sites
 Optimized free parameters (K) = substitution parameters + 299 branch lengths 
 Base tree for likelihood calculations = BIONJ tree
 
 
 
::Progress::
 
Model 		 Exec. Time 	 Total Time 	 -lnL
-------------------------------------------------------------------------
JC		00h:00:03:03	00h:00:03:03	   12113.5813	 (1/3)
SYM		00h:00:05:03	00h:00:05:03	   11576.3127	 (2/3)
K80		00h:00:05:03	00h:00:05:03	   11668.7384	 (3/3)
 
   Model = JC
   partition = 000000
   -lnL = 12113.5813
   K = 299 
 
   Model = K80
   partition = 010010
   -lnL = 11668.7384
   K = 300
   kappa = 3.9824 (ti/tv = 1.9912) 
 
   Model = SYM
   partition = 012345
   -lnL = 11576.3127
   K = 304
   R(a) [AC] =  3.0411
   R(b) [AG] =  8.6933
   R(c) [AT] =  1.7546
   R(d) [CG] =  1.3972
   R(e) [CT] =  5.0439
   R(f) [GT] =  1.0000 
 
  Best-fit models should be reoptimized for comparison with unconstrained likelihood
 
Computation of likelihood scores completed. It took 00h:00:05:03.
 



---------------------------------------------------------------
*                                                             *
*        CORRECTED AKAIKE INFORMATION CRITERION (AICc)        *
*                                                             *
---------------------------------------------------------------
 
 Sample size: 617.0
 
 Model selected: 
   Model = SYM
   partition = 012345
   -lnL = 11576.3127
   K = 304
   R(a) [AC] =  3.0411
   R(b) [AG] =  8.6933
   R(c) [AT] =  1.7546
   R(d) [CG] =  1.3972
   R(e) [CT] =  5.0439
   R(f) [GT] =  1.0000 
 
Tree for the best AICc model = ((((((((((((((((AB253725:0.00000001,(AB253717:0.00000001,(AB253721:0.00000001,(AB253720:0.00000001,(AB253718:0.00000001,(AB253724:0.00000001,(AB253723:0.00000001,AB253719:0.00000001):0.00000001):0.00000001):0.00000001):0.00000001):0.00000001):0.00000001):0.00000001,AB253722:0.00000001):0.01030890,((((AB253696:0.00000001,AB253692:0.00000001):0.00163327,(AB253700:0.00163088,AB253715:0.00162904):0.00162847):0.00188628,(AB253686:0.00000001,(AB253423:0.00000001,(AB253690:0.00000001,AB253682:0.00000001):0.00000001):0.00000001):0.00301289):0.00000024,(AB253681:0.00327470,AB253716:0.00326137):0.00188157):0.00418024):0.00670999,AB097872:0.03319715):0.00695975,AB032741:0.02155392):0.00000078,(((AB253425:0.00000001,AB253424:0.00000001):0.00326387,AB097868:0.01814989):0.00000007,((AB220946:0.00161881,AB220948:0.00654758):0.00327851,((AB485653:0.00325706,AB485652:0.00000010):0.00489569,AB220947:0.00325878):0.00000010):0.00163047):0.00000037):0.00658697,(((AB253667:0.00162907,(((AB253639:0.00000001,(AB253636:0.00000001,AB253635:0.00000001):0.00000001):0.00000011,AB253637:0.00326112):0.00162907,(((AB253655:0.00162898,(AB253652:0.00000001,(AB253658:0.00000001,(AB253657:0.00000001,(AB253648:0.00000001,AB253653:0.00000001):0.00000001):0.00000001):0.00000001):0.00000011):0.00000010,AB253656:0.00162958):0.00000010,AB253654:0.00162898):0.00162890):0.00000008):0.00000011,(AB253680:0.00000001,(AB253679:0.00000001,(AB253669:0.00000001,AB253670:0.00000001):0.00000001):0.00000001):0.00326124):0.00331194,AB253638:0.00158780):0.02345963):0.00154814,(AB547464:0.01155017,AB547463:0.00986318):0.00827322):0.00760464,AB032740:0.01390629):0.00998449,(AB253427:0.00326103,AB253426:0.00000011):0.01833302):0.05940161,(((((((((((((((AB485635:0.00000001,AB485634:0.00000001):0.00998339,AB049811:0.02162725):0.00175895,AB485633:0.03347983):0.00000012,AB231898:0.05313697):0.00000342,AB286859:0.02312699):0.00000012,AB231897:0.05433660):0.00000011,AB231895:0.05651877):0.00169128,(AB286864:0.00000001,AB286863:0.00163294):0.03724031):0.00000028,(AB286858:0.00343387,AB286857:0.00811863):0.04304954):0.00657778,AB231896:0.03928329):0.00554401,AB286856:0.04524341):0.00887174,(((((AB287377:0.00000001,AB287376:0.00000001):0.02323353,(AB287379:0.00163199,AB287378:0.00000009):0.02246760):0.00135388,(AB098331:0.00000001,AB098330:0.00000001):0.03261273):0.00737232,AB098332:0.02628502):0.00179886,AB253422:0.03181860):0.00465720):0.01045536,((((AB703613:0.01700782,(AB703610:0.01879356,AB703608:0.01628444):0.00571078):0.00000053,AB703609:0.04409173):0.00378101,AB703612:0.02881776):0.00009114,AB703611:0.03521772):0.02258706):0.01682803,(((((AB286854:0.00000001,AB286853:0.00000001):0.02539585,(AB485661:0.00000001,AB485660:0.00000001):0.03178398):0.01096509,(AB286852:0.00000001,AB286851:0.00000001):0.02845738):0.01979137,AB485662:0.03345940):0.01279422,(AB287004:0.00000001,AB287003:0.00000001):0.02685047):0.02078457):0.01721906,(((AB480299:0.00000001,AB480298:0.00000001):0.02801846,(AB485657:0.00000001,AB485656:0.00000001):0.02981731):0.00570081,AB480300:0.03871106):0.03948804):0.00317878):0.00820923,((AB097866:0.03391564,((((AB097871:0.03697819,(AB023804:0.02179224,(AB485647:0.00000001,AB485646:0.00000001):0.03201530):0.01143021):0.00000017,((AB254151:0.00000001,(AB254150:0.00000001,((((AB254152:0.00163776,AB254154:0.00163568):0.00000008,AB254145:0.00163525):0.00000009,AB254144:0.00000001):0.00000008,AB254143:0.00000001):0.00000010):0.00000008):0.00000011,AB254153:0.00163568):0.04678743):0.00109732,(((AB254147:0.01347430,AB254146:0.00637725):0.01078095,AB254141:0.00670558):0.04011572,(AB254149:0.05089987,AB254148:0.02808803):0.00949086):0.01045610):0.00169727,AB254142:0.06110390):0.01535882):0.01681464,(AB485665:0.00000001,AB485664:0.00000001):0.06865759):0.01902153):0.01157429,(((AB485651:0.00000001,AB485650:0.00000001):0.05687700,AB485648:0.02755286):0.03082434,(((((((((A07867:0.00000001,A04321:0.00000008):0.02474634,(AB253432:0.00000001,AB221005:0.00000001):0.01519373):0.01004538,AB287363:0.03135318):0.00104726,(((AB428553:0.01481649,AB428552:0.00339213):0.00393016,AB428551:0.00938102):0.02075292,AB287368:0.04730697):0.01273687):0.00235679,((AB287367:0.00000001,AB287366:0.00000001):0.03722351,(AB221126:0.00000001,AB221125:0.00000001):0.03953535):0.01301091):0.00396794,AB287369:0.06612422):0.00374898,(((AB564745:0.00000120,AB564744:0.00491518):0.02963048,(AB287365:0.00000001,AB287364:0.00000001):0.04788128):0.01422727,(AB253431:0.00417063,(AB253430:0.00208714,(AB286956:0.00000001,AB286955:0.00000001):0.01103644):0.00531278):0.03779391):0.01445069):0.00302307,((AB097870:0.03500959,AB097873:0.02174882):0.01088697,(AB097869:0.02282468,AB097867:0.02411281):0.00224513):0.01626997):0.01385236,AB289587:0.04346898):0.01229479):0.01310411):0.03369969,(AB286850:0.00000001,AB286849:0.00000001):0.05122703):0.38292569,(AB485667:0.00808668,AB485666:0.01297718):0.09824812):0.08890138,AB485669:0.00160942,AB485668:0.00000001);
 
 
* AICc MODEL SELECTION : Selection uncertainty
 
Model             -lnL    K     AICc       delta       weight   cumWeight
------------------------------------------------------------------------- 
SYM         11576.31268   304  24354.984334   0.000000    1.000000   1.000000 
K80         11668.73839   300  24508.995767  154.011433   3.60e-034   1.000000 
JC          12113.58134   299  25391.093279  1036.108945   0.00e+000   1.000000
-------------------------------------------------------------------------
-lnL:	negative log likelihod
 K:	number of estimated parameters
 AICc:	Corrected Akaike Information Criterion
 delta:	AICc difference
 weight:	AICc weight
 cumWeight:	cumulative AICc weight
 
 
* AICc MODEL SELECTION : Confidence interval
 
There are 3 models in the 100% confidence interval: [ SYM K80 JC ] 
 
 
* AICc MODEL SELECTION : Best Model's command line
 
phyml  -i /tmp/jmodeltest6587848078445478381.phy -d nt -n 1 -b 0 --run_id SYM -m 012345 -f 0.25,0.25,0.25,0.25 -c 1 --no_memory_check -o lr



---------------------------------------------------------------
*                                                             *
*             BAYESIAN INFORMATION CRITERION (BIC)            *
*                                                             *
---------------------------------------------------------------
 
 Sample size: 617.0
 
 Model selected: 
   Model = SYM
   partition = 012345
   -lnL = 11576.3127
   K = 304
   R(a) [AC] =  3.0411
   R(b) [AG] =  8.6933
   R(c) [AT] =  1.7546
   R(d) [CG] =  1.3972
   R(e) [CT] =  5.0439
   R(f) [GT] =  1.0000 
 
Tree for the best BIC model = ((((((((((((((((AB253725:0.00000001,(AB253717:0.00000001,(AB253721:0.00000001,(AB253720:0.00000001,(AB253718:0.00000001,(AB253724:0.00000001,(AB253723:0.00000001,AB253719:0.00000001):0.00000001):0.00000001):0.00000001):0.00000001):0.00000001):0.00000001):0.00000001,AB253722:0.00000001):0.01030890,((((AB253696:0.00000001,AB253692:0.00000001):0.00163327,(AB253700:0.00163088,AB253715:0.00162904):0.00162847):0.00188628,(AB253686:0.00000001,(AB253423:0.00000001,(AB253690:0.00000001,AB253682:0.00000001):0.00000001):0.00000001):0.00301289):0.00000024,(AB253681:0.00327470,AB253716:0.00326137):0.00188157):0.00418024):0.00670999,AB097872:0.03319715):0.00695975,AB032741:0.02155392):0.00000078,(((AB253425:0.00000001,AB253424:0.00000001):0.00326387,AB097868:0.01814989):0.00000007,((AB220946:0.00161881,AB220948:0.00654758):0.00327851,((AB485653:0.00325706,AB485652:0.00000010):0.00489569,AB220947:0.00325878):0.00000010):0.00163047):0.00000037):0.00658697,(((AB253667:0.00162907,(((AB253639:0.00000001,(AB253636:0.00000001,AB253635:0.00000001):0.00000001):0.00000011,AB253637:0.00326112):0.00162907,(((AB253655:0.00162898,(AB253652:0.00000001,(AB253658:0.00000001,(AB253657:0.00000001,(AB253648:0.00000001,AB253653:0.00000001):0.00000001):0.00000001):0.00000001):0.00000011):0.00000010,AB253656:0.00162958):0.00000010,AB253654:0.00162898):0.00162890):0.00000008):0.00000011,(AB253680:0.00000001,(AB253679:0.00000001,(AB253669:0.00000001,AB253670:0.00000001):0.00000001):0.00000001):0.00326124):0.00331194,AB253638:0.00158780):0.02345963):0.00154814,(AB547464:0.01155017,AB547463:0.00986318):0.00827322):0.00760464,AB032740:0.01390629):0.00998449,(AB253427:0.00326103,AB253426:0.00000011):0.01833302):0.05940161,(((((((((((((((AB485635:0.00000001,AB485634:0.00000001):0.00998339,AB049811:0.02162725):0.00175895,AB485633:0.03347983):0.00000012,AB231898:0.05313697):0.00000342,AB286859:0.02312699):0.00000012,AB231897:0.05433660):0.00000011,AB231895:0.05651877):0.00169128,(AB286864:0.00000001,AB286863:0.00163294):0.03724031):0.00000028,(AB286858:0.00343387,AB286857:0.00811863):0.04304954):0.00657778,AB231896:0.03928329):0.00554401,AB286856:0.04524341):0.00887174,(((((AB287377:0.00000001,AB287376:0.00000001):0.02323353,(AB287379:0.00163199,AB287378:0.00000009):0.02246760):0.00135388,(AB098331:0.00000001,AB098330:0.00000001):0.03261273):0.00737232,AB098332:0.02628502):0.00179886,AB253422:0.03181860):0.00465720):0.01045536,((((AB703613:0.01700782,(AB703610:0.01879356,AB703608:0.01628444):0.00571078):0.00000053,AB703609:0.04409173):0.00378101,AB703612:0.02881776):0.00009114,AB703611:0.03521772):0.02258706):0.01682803,(((((AB286854:0.00000001,AB286853:0.00000001):0.02539585,(AB485661:0.00000001,AB485660:0.00000001):0.03178398):0.01096509,(AB286852:0.00000001,AB286851:0.00000001):0.02845738):0.01979137,AB485662:0.03345940):0.01279422,(AB287004:0.00000001,AB287003:0.00000001):0.02685047):0.02078457):0.01721906,(((AB480299:0.00000001,AB480298:0.00000001):0.02801846,(AB485657:0.00000001,AB485656:0.00000001):0.02981731):0.00570081,AB480300:0.03871106):0.03948804):0.00317878):0.00820923,((AB097866:0.03391564,((((AB097871:0.03697819,(AB023804:0.02179224,(AB485647:0.00000001,AB485646:0.00000001):0.03201530):0.01143021):0.00000017,((AB254151:0.00000001,(AB254150:0.00000001,((((AB254152:0.00163776,AB254154:0.00163568):0.00000008,AB254145:0.00163525):0.00000009,AB254144:0.00000001):0.00000008,AB254143:0.00000001):0.00000010):0.00000008):0.00000011,AB254153:0.00163568):0.04678743):0.00109732,(((AB254147:0.01347430,AB254146:0.00637725):0.01078095,AB254141:0.00670558):0.04011572,(AB254149:0.05089987,AB254148:0.02808803):0.00949086):0.01045610):0.00169727,AB254142:0.06110390):0.01535882):0.01681464,(AB485665:0.00000001,AB485664:0.00000001):0.06865759):0.01902153):0.01157429,(((AB485651:0.00000001,AB485650:0.00000001):0.05687700,AB485648:0.02755286):0.03082434,(((((((((A07867:0.00000001,A04321:0.00000008):0.02474634,(AB253432:0.00000001,AB221005:0.00000001):0.01519373):0.01004538,AB287363:0.03135318):0.00104726,(((AB428553:0.01481649,AB428552:0.00339213):0.00393016,AB428551:0.00938102):0.02075292,AB287368:0.04730697):0.01273687):0.00235679,((AB287367:0.00000001,AB287366:0.00000001):0.03722351,(AB221126:0.00000001,AB221125:0.00000001):0.03953535):0.01301091):0.00396794,AB287369:0.06612422):0.00374898,(((AB564745:0.00000120,AB564744:0.00491518):0.02963048,(AB287365:0.00000001,AB287364:0.00000001):0.04788128):0.01422727,(AB253431:0.00417063,(AB253430:0.00208714,(AB286956:0.00000001,AB286955:0.00000001):0.01103644):0.00531278):0.03779391):0.01445069):0.00302307,((AB097870:0.03500959,AB097873:0.02174882):0.01088697,(AB097869:0.02282468,AB097867:0.02411281):0.00224513):0.01626997):0.01385236,AB289587:0.04346898):0.01229479):0.01310411):0.03369969,(AB286850:0.00000001,AB286849:0.00000001):0.05122703):0.38292569,(AB485667:0.00808668,AB485666:0.01297718):0.09824812):0.08890138,AB485669:0.00160942,AB485668:0.00000001);
 
 
* BIC MODEL SELECTION : Selection uncertainty
 
Model             -lnL    K      BIC       delta       weight   cumWeight
------------------------------------------------------------------------- 
SYM         11576.31268   304  25105.785543   0.000000    1.000000   1.000000 
K80         11668.73839   300  25264.937487  159.151944   2.76e-035   1.000000 
JC          12113.58134   299  26148.198518  1042.412975   0.00e+000   1.000000
-------------------------------------------------------------------------
-lnL:	negative log likelihod
K:	number of estimated parameters
BIC:	Bayesian Information Criterion
delta:	BIC difference
weight:	BIC weight
cumWeight:	cumulative BIC weight
 
 
* BIC MODEL SELECTION : Confidence interval
 
There are 3 models in the 100% confidence interval: [ SYM K80 JC ] 
 
 
* BIC MODEL SELECTION : Best Model's command line
 
phyml  -i /tmp/jmodeltest6587848078445478381.phy -d nt -n 1 -b 0 --run_id SYM -m 012345 -f 0.25,0.25,0.25,0.25 -c 1 --no_memory_check -o lr



---------------------------------------------------------------
*                                                             *
*      DECISION THEORY PERFORMANCE-BASED SELECTION (DT)       *
*                                                             *
---------------------------------------------------------------
 
 Sample size: 617.0
 
 Model selected: 
   Model = SYM
   partition = 012345
   -lnL = 11576.3127
   K = 304
   R(a) [AC] =  3.0411
   R(b) [AG] =  8.6933
   R(c) [AT] =  1.7546
   R(d) [CG] =  1.3972
   R(e) [CT] =  5.0439
   R(f) [GT] =  1.0000 
 
Tree for the best DT model = ((((((((((((((((AB253725:0.00000001,(AB253717:0.00000001,(AB253721:0.00000001,(AB253720:0.00000001,(AB253718:0.00000001,(AB253724:0.00000001,(AB253723:0.00000001,AB253719:0.00000001):0.00000001):0.00000001):0.00000001):0.00000001):0.00000001):0.00000001):0.00000001,AB253722:0.00000001):0.01030890,((((AB253696:0.00000001,AB253692:0.00000001):0.00163327,(AB253700:0.00163088,AB253715:0.00162904):0.00162847):0.00188628,(AB253686:0.00000001,(AB253423:0.00000001,(AB253690:0.00000001,AB253682:0.00000001):0.00000001):0.00000001):0.00301289):0.00000024,(AB253681:0.00327470,AB253716:0.00326137):0.00188157):0.00418024):0.00670999,AB097872:0.03319715):0.00695975,AB032741:0.02155392):0.00000078,(((AB253425:0.00000001,AB253424:0.00000001):0.00326387,AB097868:0.01814989):0.00000007,((AB220946:0.00161881,AB220948:0.00654758):0.00327851,((AB485653:0.00325706,AB485652:0.00000010):0.00489569,AB220947:0.00325878):0.00000010):0.00163047):0.00000037):0.00658697,(((AB253667:0.00162907,(((AB253639:0.00000001,(AB253636:0.00000001,AB253635:0.00000001):0.00000001):0.00000011,AB253637:0.00326112):0.00162907,(((AB253655:0.00162898,(AB253652:0.00000001,(AB253658:0.00000001,(AB253657:0.00000001,(AB253648:0.00000001,AB253653:0.00000001):0.00000001):0.00000001):0.00000001):0.00000011):0.00000010,AB253656:0.00162958):0.00000010,AB253654:0.00162898):0.00162890):0.00000008):0.00000011,(AB253680:0.00000001,(AB253679:0.00000001,(AB253669:0.00000001,AB253670:0.00000001):0.00000001):0.00000001):0.00326124):0.00331194,AB253638:0.00158780):0.02345963):0.00154814,(AB547464:0.01155017,AB547463:0.00986318):0.00827322):0.00760464,AB032740:0.01390629):0.00998449,(AB253427:0.00326103,AB253426:0.00000011):0.01833302):0.05940161,(((((((((((((((AB485635:0.00000001,AB485634:0.00000001):0.00998339,AB049811:0.02162725):0.00175895,AB485633:0.03347983):0.00000012,AB231898:0.05313697):0.00000342,AB286859:0.02312699):0.00000012,AB231897:0.05433660):0.00000011,AB231895:0.05651877):0.00169128,(AB286864:0.00000001,AB286863:0.00163294):0.03724031):0.00000028,(AB286858:0.00343387,AB286857:0.00811863):0.04304954):0.00657778,AB231896:0.03928329):0.00554401,AB286856:0.04524341):0.00887174,(((((AB287377:0.00000001,AB287376:0.00000001):0.02323353,(AB287379:0.00163199,AB287378:0.00000009):0.02246760):0.00135388,(AB098331:0.00000001,AB098330:0.00000001):0.03261273):0.00737232,AB098332:0.02628502):0.00179886,AB253422:0.03181860):0.00465720):0.01045536,((((AB703613:0.01700782,(AB703610:0.01879356,AB703608:0.01628444):0.00571078):0.00000053,AB703609:0.04409173):0.00378101,AB703612:0.02881776):0.00009114,AB703611:0.03521772):0.02258706):0.01682803,(((((AB286854:0.00000001,AB286853:0.00000001):0.02539585,(AB485661:0.00000001,AB485660:0.00000001):0.03178398):0.01096509,(AB286852:0.00000001,AB286851:0.00000001):0.02845738):0.01979137,AB485662:0.03345940):0.01279422,(AB287004:0.00000001,AB287003:0.00000001):0.02685047):0.02078457):0.01721906,(((AB480299:0.00000001,AB480298:0.00000001):0.02801846,(AB485657:0.00000001,AB485656:0.00000001):0.02981731):0.00570081,AB480300:0.03871106):0.03948804):0.00317878):0.00820923,((AB097866:0.03391564,((((AB097871:0.03697819,(AB023804:0.02179224,(AB485647:0.00000001,AB485646:0.00000001):0.03201530):0.01143021):0.00000017,((AB254151:0.00000001,(AB254150:0.00000001,((((AB254152:0.00163776,AB254154:0.00163568):0.00000008,AB254145:0.00163525):0.00000009,AB254144:0.00000001):0.00000008,AB254143:0.00000001):0.00000010):0.00000008):0.00000011,AB254153:0.00163568):0.04678743):0.00109732,(((AB254147:0.01347430,AB254146:0.00637725):0.01078095,AB254141:0.00670558):0.04011572,(AB254149:0.05089987,AB254148:0.02808803):0.00949086):0.01045610):0.00169727,AB254142:0.06110390):0.01535882):0.01681464,(AB485665:0.00000001,AB485664:0.00000001):0.06865759):0.01902153):0.01157429,(((AB485651:0.00000001,AB485650:0.00000001):0.05687700,AB485648:0.02755286):0.03082434,(((((((((A07867:0.00000001,A04321:0.00000008):0.02474634,(AB253432:0.00000001,AB221005:0.00000001):0.01519373):0.01004538,AB287363:0.03135318):0.00104726,(((AB428553:0.01481649,AB428552:0.00339213):0.00393016,AB428551:0.00938102):0.02075292,AB287368:0.04730697):0.01273687):0.00235679,((AB287367:0.00000001,AB287366:0.00000001):0.03722351,(AB221126:0.00000001,AB221125:0.00000001):0.03953535):0.01301091):0.00396794,AB287369:0.06612422):0.00374898,(((AB564745:0.00000120,AB564744:0.00491518):0.02963048,(AB287365:0.00000001,AB287364:0.00000001):0.04788128):0.01422727,(AB253431:0.00417063,(AB253430:0.00208714,(AB286956:0.00000001,AB286955:0.00000001):0.01103644):0.00531278):0.03779391):0.01445069):0.00302307,((AB097870:0.03500959,AB097873:0.02174882):0.01088697,(AB097869:0.02282468,AB097867:0.02411281):0.00224513):0.01626997):0.01385236,AB289587:0.04346898):0.01229479):0.01310411):0.03369969,(AB286850:0.00000001,AB286849:0.00000001):0.05122703):0.38292569,(AB485667:0.00808668,AB485666:0.01297718):0.09824812):0.08890138,AB485669:0.00160942,AB485668:0.00000001);
 
 
* DT MODEL SELECTION : Selection uncertainty
 
Model             -lnL    K       DT       delta       weight   cumWeight
------------------------------------------------------------------------- 
SYM         11576.31268   304    0.000000   0.000000    1.000000   1.000000 
K80         11668.73839   300    0.023531   0.023531   2.76e-035   1.000000 
JC          12113.58134   299    0.026493   0.026493   2.45e-035   1.000000
-------------------------------------------------------------------------
-lnL:t	negative log likelihod
K:	number of estimated parameters
DT:	decision theory performance-based score
delta:	DT difference
weight:	DT weight* (calculated using 1/DT)
cumWeight:	cumulative DT weight
 
 
* DT MODEL SELECTION : Confidence interval
 
There are 3 models in the 100% confidence interval: [ SYM K80 JC ] 
 
 
* DT MODEL SELECTION : Best Model's command line
 
phyml  -i /tmp/jmodeltest6587848078445478381.phy -d nt -n 1 -b 0 --run_id SYM -m 012345 -f 0.25,0.25,0.25,0.25 -c 1 --no_memory_check -o lr



---------------------------------------------------------------
*                                                             *
*          HIERARCHICAL LIKELIHOO RATIO TESTS (hLRT)          *
*                                                             *
---------------------------------------------------------------

hLRT is only available when likelihoods are calculated on the same tree (i.e., models are nested)
Execute jModelTest using a fixed BIONJ-JC tree or a user-defined topology
 
 
 
---------------------------------------------------------------
*                                                             *
*                    SELECTION SUMMARY                        *
*                                                             *
---------------------------------------------------------------

::Optimized Topologies Summary::

There are 1 different topologies.

Topology Id: 1
	Rank	Weight		 RF	AvgEucl		VarEucl
BIC	  1	100.00%		  0	1.67e-02	1.40e-04
AICc	  1	100.00%		  0	1.67e-02	1.40e-04
DT	  1	100.00%		  0	1.67e-02	1.40e-04
Models supporting:   3
                     JC K80 SYM 

 
 
 
::Best Models::
 
	Model 		f(a) 	f(c) 	f(g) 	f(t) 	kappa 	titv 	Ra	Rb	Rc	Rd	Re	Rf	pInv 	gamma
----------------------------------------------------------------------------------------------------------------------------------------
BIC 	SYM		0.25	0.25	0.25	0.25	0.00	0.00	  3.041   8.693   1.755   1.397   5.044   1.000 N/A	N/A
AICc 	SYM		0.25	0.25	0.25	0.25	0.00	0.00	  3.041   8.693   1.755   1.397   5.044   1.000 N/A	N/A
DT 	SYM		0.25	0.25	0.25	0.25	0.00	0.00	  3.041   8.693   1.755   1.397   5.044   1.000 N/A	N/A
 
Program is done.
