-------------------------- jModeltest 2.1.10 v20160303 --------------------------
(c) 2011-onwards D. Darriba, G.L. Taboada, R. Doallo and D. Posada,
(1) Department of Biochemistry, Genetics and Immunology
    University of Vigo, 36310 Vigo, Spain.
(2) Department of Electronics and Systems
    University of A Coruna, 15071 A Coruna, Spain.
e-mail: ddarriba@udc.es, dposada@uvigo.es
--------------------------------------------------------------------------------
 
Tue Apr 24 20:08:37 EDT 2018
Linux 3.10.0-327.3.1.el7.x86_64, arch: amd64, bits: 64, numcores: 28
 
--------------------------------------------------------------------------------
Citation: Darriba D, Taboada GL, Doallo R and Posada D. 2012.
          "jModelTest 2: more models, new heuristics and parallel computing".
          Nature Methods 9(8), 772.
--------------------------------------------------------------------------------
 
jModelTest 2.1.10 v20160303
Copyright (C) 2011 D. Darriba, G.L. Taboada, R. Doallo and D. Posada
This program comes with ABSOLUTELY NO WARRANTY
This is free software, and you are welcome to redistribute it under certain
conditions
 
Notice: This program may contain errors. Please inspect results carefully.
 
 
Arguments = -d fasfiles/HIV_aligned_TAT2.fas -t BIONJ -o fasfiles/HIV_aligned_TAT2.fas.out -AICc -BIC -DT -s 3 -hLRT

Reading data file "HIV_aligned_TAT2.fas"... OK.
  number of sequences: 151
  number of sites: 87
 
 
---------------------------------------------------------------
*                                                             *
*        COMPUTATION OF LIKELIHOOD SCORES WITH PHYML          *
*                                                             *
---------------------------------------------------------------
 
::Settings::
 
 Phyml version = 20130103
 Phyml binary = PhyML_3.0_linux64
 Phyml path = /gpfs/home/cltucker/jModelTest/jmodeltest-2.1.10/exe/phyml/
 Candidate models = 3
   number of substitution schemes = 3
   including only models with equal base frequencies
   including only models without a proportion of invariable sites
   including only models without rate variation among sites
 Optimized free parameters (K) = substitution parameters + 299 branch lengths 
 Base tree for likelihood calculations = BIONJ tree
 
 
 
::Progress::
 
Model 		 Exec. Time 	 Total Time 	 -lnL
-------------------------------------------------------------------------
JC		00h:00:02:03	00h:00:02:03	    1477.5100	 (1/3)
K80		00h:00:02:07	00h:00:02:07	    1465.0193	 (2/3)
SYM		00h:00:03:03	00h:00:03:03	    1458.3171	 (3/3)
 
   Model = JC
   partition = 000000
   -lnL = 1477.5100
   K = 299 
 
   Model = K80
   partition = 010010
   -lnL = 1465.0193
   K = 300
   kappa = 1.9977 (ti/tv = 0.9989) 
 
   Model = SYM
   partition = 012345
   -lnL = 1458.3171
   K = 304
   R(a) [AC] =  1.3819
   R(b) [AG] =  2.1704
   R(c) [AT] =  0.9271
   R(d) [CG] =  2.0057
   R(e) [CT] =  3.1385
   R(f) [GT] =  1.0000 
 
  Best-fit models should be reoptimized for comparison with unconstrained likelihood
 
Computation of likelihood scores completed. It took 00h:00:03:03.
 



---------------------------------------------------------------
*                                                             *
*        CORRECTED AKAIKE INFORMATION CRITERION (AICc)        *
*                                                             *
---------------------------------------------------------------
 
 Sample size: 87.0
 
 Model selected: 
   Model = SYM
   partition = 012345
   -lnL = 1458.3171
   K = 304
   R(a) [AC] =  1.3819
   R(b) [AG] =  2.1704
   R(c) [AT] =  0.9271
   R(d) [CG] =  2.0057
   R(e) [CT] =  3.1385
   R(f) [GT] =  1.0000 
 
Tree for the best AICc model = (((((((((((((((((((AB253636:0.00000001,(AB253635:0.00000001,(AB253637:0.00000001,(AB253655:0.00000001,(AB253652:0.00000001,(AB253658:0.00000001,(AB253657:0.00000001,(AB253648:0.00000001,(AB253653:0.00000001,(AB253656:0.00000001,(AB253654:0.00000001,(AB253680:0.00000001,(AB253679:0.00000001,(AB253669:0.00000001,AB253670:0.00000001):0.00000001):0.00000001):0.00000001):0.00000001):0.00000001):0.00000001):0.00000001):0.00000001):0.00000001):0.00000001):0.00000001):0.00000001):0.00000001):0.00000001,AB253639:0.00000001):0.00001146,(AB253667:0.00000001,AB253638:0.00000001):0.10057278):0.00000631,((((((AB253425:0.00000001,(AB253424:0.00000001,(AB485653:0.00000001,(AB485652:0.00000001,AB032741:0.00000001):0.00000001):0.00000001):0.00000001):0.00001005,((AB220948:0.00000001,(AB220947:0.00000001,(AB253700:0.00000001,(AB253681:0.00000001,(AB253686:0.00000001,(AB253423:0.00000001,(AB253690:0.00000001,(AB253682:0.00000001,(AB253716:0.00000001,AB253715:0.00000001):0.00000001):0.00000001):0.00000001):0.00000001):0.00000001):0.00000001):0.00000001):0.00000001):0.00001514,AB032740:0.10350049):0.10152542):0.10442345,AB220946:0.00000969):0.04132143,AB097872:0.07894541):0.08450408,AB547463:0.00000622):0.02917146,AB253722:3.83756559):0.07750734):0.01268021,AB253725:3.83438951):0.02330371,AB253717:3.81966001):0.24705708,(((AB287368:0.00000547,AB097868:0.21735694):0.00001112,AB231898:0.51238364):0.00001156,AB253721:3.81966001):0.10233956):0.00000972,(AB253718:3.81966001,((AB231896:0.07269822,(AB231897:0.57653978,AB253422:0.00001179):0.27677286):0.00006292,AB485664:0.00000001):0.06568753):0.23483002):0.00000853,(AB485648:0.28709269,(AB253696:0.00000001,AB253692:0.00000001):0.00001276):0.31958882):0.00092330,AB253720:3.81966001):0.23459431,(((((AB485667:0.04055530,AB485666:0.10914274):0.08915902,AB287379:0.00000001):0.00022235,(((AB485651:0.00000001,AB485650:0.00000001):0.16762492,AB253426:0.00000001):0.00000620,AB253427:0.00000001):0.37674295):0.34666338,(AB547464:0.00003673,AB287378:0.00000001):0.21699653):0.11704832,AB253724:3.81966001):0.48858426):0.03909815,(((((((AB485669:0.00000163,AB485668:0.00000001):0.30253737,AB287366:0.00000001):0.00000832,AB287367:0.00000001):0.23352653,AB703612:0.09316091):0.00000934,(AB480299:0.00000001,AB480298:0.00000279):0.27198845):0.15316390,((AB097869:0.00000001,(AB097871:0.00000001,(AB286852:0.04233140,AB286851:0.03971545):0.07043068):0.00000313):0.00000324,((AB023804:0.09398208,AB254149:0.00000601):0.37058478,((AB286858:0.00000001,AB286857:0.00000001):0.00002818,(AB485657:0.00000001,AB485656:0.00000001):0.49070441):0.18955335):0.26639455):0.00001135):0.36950281,(((((((A07867:0.37608433,AB286863:0.00001101):0.07663224,((AB221005:0.40578275,AB564744:0.00000001):0.17406864,(AB231895:0.48135564,AB703610:0.00000909):0.00000917):0.09722642):0.00000401,(AB287363:0.37829632,(AB703611:0.01890503,AB485665:0.16109134):0.08031440):0.14280348):0.04571476,(AB286849:0.33506698,(AB703613:0.00001284,(AB703609:0.08960777,AB703608:0.00024369):0.09355206):0.00000555):0.00000927):0.00000403,(((AB253432:0.22408024,AB286859:0.00003140):0.59168073,((((AB485635:0.26190584,AB485634:0.00017285):0.33775516,AB049811:0.14988327):0.21438902,AB287376:0.00000001):0.00000813,AB287377:0.00000001):0.00002782):0.20743181,(((AB485647:0.00000469,AB485646:0.00000001):0.08474865,AB254142:0.00000922):0.18162197,(AB485661:0.00000001,AB485660:0.00000001):0.19100852):0.00001942):0.57649763):0.00000404,((AB564745:0.00784299,(((AB254147:0.00000001,(AB254146:0.00000001,AB254141:0.00000001):0.00000001):0.36065717,AB480300:0.30795118):0.00007909,(AB286864:0.00000947,(AB098331:0.00000001,AB098330:0.00000001):0.22405686):0.29327947):0.32337476):0.18952630,AB097867:0.10362160):0.34480959):0.00000337,AB253719:3.81966001):0.00000261):0.00000432):0.12670769,AB253723:3.81966001):0.11755565,AB286856:0.58995841):0.00002890,((AB253431:0.05955595,(AB253430:0.00000001,(AB286956:0.00000230,AB286955:0.00000001):0.00000116):0.00000401):0.47888018,(((((AB287369:0.11405775,(AB221126:0.00000001,AB221125:0.00000001):0.17304350):0.26689086,(AB097870:0.00000001,AB097873:0.00000587):0.08889034):0.00001172,AB097866:0.52037987):0.28375313,(AB287004:0.00000001,AB287003:0.00000001):0.00000575):0.00001112,((AB287365:0.00000001,AB287364:0.00000001):0.56817540,(AB289587:0.00001505,AB485662:0.68128865):0.03192010):0.30856137):0.10091308):0.00006013):0.31439998,(A04321:0.00000001,((((((AB428553:0.00000001,AB428552:0.00000001):0.37684798,AB254148:0.00000691):0.11963550,(AB254152:0.00000001,(AB254154:0.00000001,(AB254145:0.00000001,(AB254143:0.00000001,(AB254144:0.00000001,(AB286850:0.29143576,AB485633:0.09858060):0.15406910):0.00002794):0.00003080):0.00002561):0.00002347):0.00003325):0.00001427,AB254153:0.00000001):0.00001574,AB254150:0.00000001):0.00003367,AB254151:0.00000001):0.64255852):0.00003278):0.24240573,AB428551:0.07153675):0.07272235,AB098332:0.29241972):0.23001601,AB286854:0.00000001,AB286853:0.00000001);
 
 
* AICc MODEL SELECTION : Selection uncertainty
 
Model             -lnL    K     AICc       delta       weight   cumWeight
------------------------------------------------------------------------- 
SYM         1458.31711   304  2673.992018   0.000000    0.997673   0.997673 
K80         1465.01932   300  2686.113406  12.121388    0.002327   1.000000 
JC          1477.50996   299  2710.766399  36.774381   1.03e-008   1.000000
-------------------------------------------------------------------------
-lnL:	negative log likelihod
 K:	number of estimated parameters
 AICc:	Corrected Akaike Information Criterion
 delta:	AICc difference
 weight:	AICc weight
 cumWeight:	cumulative AICc weight
 
 
* AICc MODEL SELECTION : Confidence interval
 
There are 3 models in the 100% confidence interval: [ SYM K80 JC ] 
 
 
* AICc MODEL SELECTION : Best Model's command line
 
phyml  -i /tmp/jmodeltest1718066073967032508.phy -d nt -n 1 -b 0 --run_id SYM -m 012345 -f 0.25,0.25,0.25,0.25 -c 1 --no_memory_check -o lr



---------------------------------------------------------------
*                                                             *
*             BAYESIAN INFORMATION CRITERION (BIC)            *
*                                                             *
---------------------------------------------------------------
 
 Sample size: 87.0
 
 Model selected: 
   Model = K80
   partition = 010010
   -lnL = 1465.0193
   K = 300
   kappa = 1.9977 (ti/tv = 0.9989) 
 
Tree for the best BIC model = (((((((((((((((((((AB253636:0.00000001,(AB253635:0.00000001,(AB253637:0.00000001,(AB253655:0.00000001,(AB253652:0.00000001,(AB253658:0.00000001,(AB253657:0.00000001,(AB253648:0.00000001,(AB253653:0.00000001,(AB253656:0.00000001,(AB253654:0.00000001,(AB253680:0.00000001,(AB253679:0.00000001,(AB253669:0.00000001,AB253670:0.00000001):0.00000001):0.00000001):0.00000001):0.00000001):0.00000001):0.00000001):0.00000001):0.00000001):0.00000001):0.00000001):0.00000001):0.00000001):0.00000001):0.00000001,AB253639:0.00000001):0.00001146,(AB253667:0.00000001,AB253638:0.00000001):0.08997045):0.00000631,((((((AB253425:0.00000001,(AB253424:0.00000001,(AB485653:0.00000001,(AB485652:0.00000001,AB032741:0.00000001):0.00000001):0.00000001):0.00000001):0.00001005,((AB220948:0.00000001,(AB220947:0.00000001,(AB253700:0.00000001,(AB253681:0.00000001,(AB253686:0.00000001,(AB253423:0.00000001,(AB253690:0.00000001,(AB253682:0.00000001,(AB253716:0.00000001,AB253715:0.00000001):0.00000001):0.00000001):0.00000001):0.00000001):0.00000001):0.00000001):0.00000001):0.00000001):0.04415507,AB032740:0.08190823):0.05637243):0.09201159,AB220946:0.00000969):0.05154867,AB097872:0.07578680):0.05363973,AB547463:0.00000622):0.02947331,AB253722:3.83756559):0.06312097):0.01309418,AB253725:3.83438951):0.02687198,AB253717:3.81966001):0.23302813,(((AB287368:0.04262203,AB097868:0.18005896):0.00002909,AB231898:0.42478068):0.00017463,AB253721:3.81966001):0.00015779):0.00000601,(AB253718:3.81966001,((AB231896:0.00004006,(AB231897:0.50790809,AB253422:0.00001179):0.33148752):0.00006166,AB485664:0.00000001):0.06568308):0.40019408):0.16918902,(AB485648:0.25149332,(AB253696:0.00000001,AB253692:0.00000001):0.00001276):0.00000790):0.00011435,AB253720:6.18033975):0.20056384,(((((AB485667:0.03832562,AB485666:0.10674143):0.07806954,AB287379:0.00000001):0.34370453,(((AB485651:0.00000001,AB485650:0.00000001):0.16175860,AB253426:0.00000001):0.00000620,AB253427:0.00000001):0.12224917):0.21646577,(AB547464:0.00003673,AB287378:0.00000001):0.45475388):0.00002887,AB253724:3.81966010):0.00005639):0.25123228,(((((((AB485669:0.00000163,AB485668:0.00000001):0.29857129,AB287366:0.00000001):0.00000832,AB287367:0.00000001):0.23088160,AB703612:0.08763418):0.00000934,(AB480299:0.00000001,AB480298:0.00000279):0.24972891):0.14840930,((AB097869:0.00000001,(AB097871:0.00000001,(AB286852:0.04033649,AB286851:0.03653495):0.06152087):0.00000313):0.00000324,((AB023804:0.08997024,AB254149:0.00000601):0.31880295,((AB286858:0.00000001,AB286857:0.00000001):0.00002818,(AB485657:0.00000001,AB485656:0.00000001):0.44653251):0.15222076):0.28307148):0.00001135):0.35739658,(((((((A07867:0.34170127,AB286863:0.00000421):0.07419217,((AB221005:0.36852211,AB564744:0.00004579):0.14694012,(AB231895:0.46955350,AB703610:0.00000909):0.00000567):0.08304745):0.00000401,(AB287363:0.32615057,(AB703611:0.00002537,AB485665:0.23642441):0.11572500):0.15889872):0.04890747,(AB286849:0.28682759,(AB703613:0.00000491,(AB703609:0.04906022,AB703608:0.04909702):0.07674842):0.00000555):0.00000994):0.00000369,(((AB253432:0.20730935,AB286859:0.00001941):0.49924044,((((AB485635:0.24691275,AB485634:0.02552977):0.29254410,AB049811:0.14833120):0.15882185,AB287376:0.00000001):0.00000813,AB287377:0.00000001):0.00001063):0.15250472,(((AB485647:0.00000469,AB485646:0.00000001):0.08046297,AB254142:0.00000922):0.17360321,(AB485661:0.00000001,AB485660:0.00000001):0.17069511):0.00001942):0.59980777):0.00000653,((AB564745:0.01770107,(((AB254147:0.00000001,(AB254146:0.00000001,AB254141:0.00000001):0.00000001):0.30170322,AB480300:0.28357193):0.00003022,(AB286864:0.00000947,(AB098331:0.00000001,AB098330:0.00000001):0.20819462):0.32236083):0.28943333):0.13752940,AB097867:0.12012510):0.31653051):0.00001272,AB253719:3.81966001):0.00000843):0.00000432):0.08487354,AB253723:6.18033975):0.11769856,AB286856:0.55832092):0.00000683,((AB253431:0.05716313,(AB253430:0.00000001,(AB286956:0.00000230,AB286955:0.00000001):0.00000116):0.00000401):0.45981151,(((((AB287369:0.10674375,(AB221126:0.00000001,AB221125:0.00000001):0.15909094):0.25066030,(AB097870:0.00000001,AB097873:0.00000587):0.07727688):0.00000725,AB097866:0.44744516):0.26733372,(AB287004:0.00000001,AB287003:0.00000001):0.00000643):0.00001112,((AB287365:0.00000001,AB287364:0.00000001):0.50613411,(AB289587:0.00001505,AB485662:0.62705107):0.01861139):0.28210243):0.07563116):0.00005089):0.25811767,(A04321:0.00000001,((((((AB428553:0.00000001,AB428552:0.00000001):0.32447488,AB254148:0.00000691):0.11147404,(AB254152:0.00000001,(AB254154:0.00000001,(AB254145:0.00000001,(AB254143:0.00000001,(AB254144:0.00000001,(AB286850:0.26730020,AB485633:0.09847166):0.12992643):0.00002500):0.00002301):0.00002608):0.00002347):0.00003325):0.00001427,AB254153:0.00000001):0.00001574,AB254150:0.00000001):0.00003367,AB254151:0.00000001):0.60413837):0.00001035):0.23041861,AB428551:0.00004643):0.15726563,AB098332:0.22236503):0.23361190,AB286854:0.00000001,AB286853:0.00000001);
 
 
* BIC MODEL SELECTION : Selection uncertainty
 
Model             -lnL    K      BIC       delta       weight   cumWeight
------------------------------------------------------------------------- 
K80         1465.01932   300  4269.811076   0.000000    0.902848   0.902848 
SYM         1458.31711   304  4274.270288   4.459212    0.097120   0.999968 
JC          1477.50996   299  4290.326447  20.515372   3.17e-005   1.000000
-------------------------------------------------------------------------
-lnL:	negative log likelihod
K:	number of estimated parameters
BIC:	Bayesian Information Criterion
delta:	BIC difference
weight:	BIC weight
cumWeight:	cumulative BIC weight
 
 
* BIC MODEL SELECTION : Confidence interval
 
There are 3 models in the 100% confidence interval: [ K80 SYM JC ] 
 
 
* BIC MODEL SELECTION : Best Model's command line
 
phyml  -i /tmp/jmodeltest1718066073967032508.phy -d nt -n 1 -b 0 --run_id K80 -m 010010 -f 0.25,0.25,0.25,0.25 -c 1 --no_memory_check -o lr



---------------------------------------------------------------
*                                                             *
*      DECISION THEORY PERFORMANCE-BASED SELECTION (DT)       *
*                                                             *
---------------------------------------------------------------
 
 Sample size: 87.0
 
 Model selected: 
   Model = K80
   partition = 010010
   -lnL = 1465.0193
   K = 300
   kappa = 1.9977 (ti/tv = 0.9989) 
 
Tree for the best DT model = (((((((((((((((((((AB253636:0.00000001,(AB253635:0.00000001,(AB253637:0.00000001,(AB253655:0.00000001,(AB253652:0.00000001,(AB253658:0.00000001,(AB253657:0.00000001,(AB253648:0.00000001,(AB253653:0.00000001,(AB253656:0.00000001,(AB253654:0.00000001,(AB253680:0.00000001,(AB253679:0.00000001,(AB253669:0.00000001,AB253670:0.00000001):0.00000001):0.00000001):0.00000001):0.00000001):0.00000001):0.00000001):0.00000001):0.00000001):0.00000001):0.00000001):0.00000001):0.00000001):0.00000001):0.00000001,AB253639:0.00000001):0.00001146,(AB253667:0.00000001,AB253638:0.00000001):0.08997045):0.00000631,((((((AB253425:0.00000001,(AB253424:0.00000001,(AB485653:0.00000001,(AB485652:0.00000001,AB032741:0.00000001):0.00000001):0.00000001):0.00000001):0.00001005,((AB220948:0.00000001,(AB220947:0.00000001,(AB253700:0.00000001,(AB253681:0.00000001,(AB253686:0.00000001,(AB253423:0.00000001,(AB253690:0.00000001,(AB253682:0.00000001,(AB253716:0.00000001,AB253715:0.00000001):0.00000001):0.00000001):0.00000001):0.00000001):0.00000001):0.00000001):0.00000001):0.00000001):0.04415507,AB032740:0.08190823):0.05637243):0.09201159,AB220946:0.00000969):0.05154867,AB097872:0.07578680):0.05363973,AB547463:0.00000622):0.02947331,AB253722:3.83756559):0.06312097):0.01309418,AB253725:3.83438951):0.02687198,AB253717:3.81966001):0.23302813,(((AB287368:0.04262203,AB097868:0.18005896):0.00002909,AB231898:0.42478068):0.00017463,AB253721:3.81966001):0.00015779):0.00000601,(AB253718:3.81966001,((AB231896:0.00004006,(AB231897:0.50790809,AB253422:0.00001179):0.33148752):0.00006166,AB485664:0.00000001):0.06568308):0.40019408):0.16918902,(AB485648:0.25149332,(AB253696:0.00000001,AB253692:0.00000001):0.00001276):0.00000790):0.00011435,AB253720:6.18033975):0.20056384,(((((AB485667:0.03832562,AB485666:0.10674143):0.07806954,AB287379:0.00000001):0.34370453,(((AB485651:0.00000001,AB485650:0.00000001):0.16175860,AB253426:0.00000001):0.00000620,AB253427:0.00000001):0.12224917):0.21646577,(AB547464:0.00003673,AB287378:0.00000001):0.45475388):0.00002887,AB253724:3.81966010):0.00005639):0.25123228,(((((((AB485669:0.00000163,AB485668:0.00000001):0.29857129,AB287366:0.00000001):0.00000832,AB287367:0.00000001):0.23088160,AB703612:0.08763418):0.00000934,(AB480299:0.00000001,AB480298:0.00000279):0.24972891):0.14840930,((AB097869:0.00000001,(AB097871:0.00000001,(AB286852:0.04033649,AB286851:0.03653495):0.06152087):0.00000313):0.00000324,((AB023804:0.08997024,AB254149:0.00000601):0.31880295,((AB286858:0.00000001,AB286857:0.00000001):0.00002818,(AB485657:0.00000001,AB485656:0.00000001):0.44653251):0.15222076):0.28307148):0.00001135):0.35739658,(((((((A07867:0.34170127,AB286863:0.00000421):0.07419217,((AB221005:0.36852211,AB564744:0.00004579):0.14694012,(AB231895:0.46955350,AB703610:0.00000909):0.00000567):0.08304745):0.00000401,(AB287363:0.32615057,(AB703611:0.00002537,AB485665:0.23642441):0.11572500):0.15889872):0.04890747,(AB286849:0.28682759,(AB703613:0.00000491,(AB703609:0.04906022,AB703608:0.04909702):0.07674842):0.00000555):0.00000994):0.00000369,(((AB253432:0.20730935,AB286859:0.00001941):0.49924044,((((AB485635:0.24691275,AB485634:0.02552977):0.29254410,AB049811:0.14833120):0.15882185,AB287376:0.00000001):0.00000813,AB287377:0.00000001):0.00001063):0.15250472,(((AB485647:0.00000469,AB485646:0.00000001):0.08046297,AB254142:0.00000922):0.17360321,(AB485661:0.00000001,AB485660:0.00000001):0.17069511):0.00001942):0.59980777):0.00000653,((AB564745:0.01770107,(((AB254147:0.00000001,(AB254146:0.00000001,AB254141:0.00000001):0.00000001):0.30170322,AB480300:0.28357193):0.00003022,(AB286864:0.00000947,(AB098331:0.00000001,AB098330:0.00000001):0.20819462):0.32236083):0.28943333):0.13752940,AB097867:0.12012510):0.31653051):0.00001272,AB253719:3.81966001):0.00000843):0.00000432):0.08487354,AB253723:6.18033975):0.11769856,AB286856:0.55832092):0.00000683,((AB253431:0.05716313,(AB253430:0.00000001,(AB286956:0.00000230,AB286955:0.00000001):0.00000116):0.00000401):0.45981151,(((((AB287369:0.10674375,(AB221126:0.00000001,AB221125:0.00000001):0.15909094):0.25066030,(AB097870:0.00000001,AB097873:0.00000587):0.07727688):0.00000725,AB097866:0.44744516):0.26733372,(AB287004:0.00000001,AB287003:0.00000001):0.00000643):0.00001112,((AB287365:0.00000001,AB287364:0.00000001):0.50613411,(AB289587:0.00001505,AB485662:0.62705107):0.01861139):0.28210243):0.07563116):0.00005089):0.25811767,(A04321:0.00000001,((((((AB428553:0.00000001,AB428552:0.00000001):0.32447488,AB254148:0.00000691):0.11147404,(AB254152:0.00000001,(AB254154:0.00000001,(AB254145:0.00000001,(AB254143:0.00000001,(AB254144:0.00000001,(AB286850:0.26730020,AB485633:0.09847166):0.12992643):0.00002500):0.00002301):0.00002608):0.00002347):0.00003325):0.00001427,AB254153:0.00000001):0.00001574,AB254150:0.00000001):0.00003367,AB254151:0.00000001):0.60413837):0.00001035):0.23041861,AB428551:0.00004643):0.15726563,AB098332:0.22236503):0.23361190,AB286854:0.00000001,AB286853:0.00000001);
 
 
* DT MODEL SELECTION : Selection uncertainty
 
Model             -lnL    K       DT       delta       weight   cumWeight
------------------------------------------------------------------------- 
K80         1465.01932   300    0.336751   0.000000    0.875282   0.875282 
SYM         1458.31711   304    3.127968   2.791217    0.094231   0.969513 
JC          1477.50996   299    9.668010   9.331259    0.030487   1.000000
-------------------------------------------------------------------------
-lnL:t	negative log likelihod
K:	number of estimated parameters
DT:	decision theory performance-based score
delta:	DT difference
weight:	DT weight* (calculated using 1/DT)
cumWeight:	cumulative DT weight
 
 
* DT MODEL SELECTION : Confidence interval
 
There are 3 models in the 100% confidence interval: [ K80 SYM JC ] 
 
 
* DT MODEL SELECTION : Best Model's command line
 
phyml  -i /tmp/jmodeltest1718066073967032508.phy -d nt -n 1 -b 0 --run_id K80 -m 010010 -f 0.25,0.25,0.25,0.25 -c 1 --no_memory_check -o lr



---------------------------------------------------------------
*                                                             *
*          HIERARCHICAL LIKELIHOO RATIO TESTS (hLRT)          *
*                                                             *
---------------------------------------------------------------

hLRT is only available when likelihoods are calculated on the same tree (i.e., models are nested)
Execute jModelTest using a fixed BIONJ-JC tree or a user-defined topology
 
 
 
---------------------------------------------------------------
*                                                             *
*                    SELECTION SUMMARY                        *
*                                                             *
---------------------------------------------------------------

::Optimized Topologies Summary::

There are 1 different topologies.

Topology Id: 1
	Rank	Weight		 RF	AvgEucl		VarEucl
BIC	  1	100.00%		  0	4.38e+00	1.60e+01
AICc	  1	100.00%		  0	4.39e+00	1.62e+01
DT	  1	100.00%		  0	4.38e+00	1.60e+01
Models supporting:   3
                     JC K80 SYM 

 
 
 
::Best Models::
 
	Model 		f(a) 	f(c) 	f(g) 	f(t) 	kappa 	titv 	Ra	Rb	Rc	Rd	Re	Rf	pInv 	gamma
----------------------------------------------------------------------------------------------------------------------------------------
BIC 	K80		0.25	0.25	0.25	0.25	2.00	1.00	  1.000   1.998   1.000   1.000   1.998   1.000 N/A	N/A
AICc 	SYM		0.25	0.25	0.25	0.25	0.00	0.00	  1.382   2.170   0.927   2.006   3.139   1.000 N/A	N/A
DT 	K80		0.25	0.25	0.25	0.25	2.00	1.00	  1.000   1.998   1.000   1.000   1.998   1.000 N/A	N/A
 
Program is done.
