-------------------------- jModeltest 2.1.10 v20160303 --------------------------
(c) 2011-onwards D. Darriba, G.L. Taboada, R. Doallo and D. Posada,
(1) Department of Biochemistry, Genetics and Immunology
    University of Vigo, 36310 Vigo, Spain.
(2) Department of Electronics and Systems
    University of A Coruna, 15071 A Coruna, Spain.
e-mail: ddarriba@udc.es, dposada@uvigo.es
--------------------------------------------------------------------------------
 
Tue Apr 24 20:08:46 EDT 2018
Linux 3.10.0-327.3.1.el7.x86_64, arch: amd64, bits: 64, numcores: 28
 
--------------------------------------------------------------------------------
Citation: Darriba D, Taboada GL, Doallo R and Posada D. 2012.
          "jModelTest 2: more models, new heuristics and parallel computing".
          Nature Methods 9(8), 772.
--------------------------------------------------------------------------------
 
jModelTest 2.1.10 v20160303
Copyright (C) 2011 D. Darriba, G.L. Taboada, R. Doallo and D. Posada
This program comes with ABSOLUTELY NO WARRANTY
This is free software, and you are welcome to redistribute it under certain
conditions
 
Notice: This program may contain errors. Please inspect results carefully.
 
 
Arguments = -d fasfiles/HIV_aligned_VPR.fas -t BIONJ -o fasfiles/HIV_aligned_VPR.fas.out -AICc -BIC -DT -s 3 -hLRT

Reading data file "HIV_aligned_VPR.fas"... OK.
  number of sequences: 151
  number of sites: 287
 
 
---------------------------------------------------------------
*                                                             *
*        COMPUTATION OF LIKELIHOOD SCORES WITH PHYML          *
*                                                             *
---------------------------------------------------------------
 
::Settings::
 
 Phyml version = 20130103
 Phyml binary = PhyML_3.0_linux64
 Phyml path = /gpfs/home/cltucker/jModelTest/jmodeltest-2.1.10/exe/phyml/
 Candidate models = 3
   number of substitution schemes = 3
   including only models with equal base frequencies
   including only models without a proportion of invariable sites
   including only models without rate variation among sites
 Optimized free parameters (K) = substitution parameters + 299 branch lengths 
 Base tree for likelihood calculations = BIONJ tree
 
 
 
::Progress::
 
Model 		 Exec. Time 	 Total Time 	 -lnL
-------------------------------------------------------------------------
JC		00h:00:02:02	00h:00:02:02	    5416.0799	 (1/3)
K80		00h:00:02:04	00h:00:02:04	    5157.2120	 (2/3)
SYM		00h:00:03:07	00h:00:03:07	    5126.5398	 (3/3)
 
   Model = JC
   partition = 000000
   -lnL = 5416.0799
   K = 299 
 
   Model = K80
   partition = 010010
   -lnL = 5157.2120
   K = 300
   kappa = 4.9934 (ti/tv = 2.4967) 
 
   Model = SYM
   partition = 012345
   -lnL = 5126.5398
   K = 304
   R(a) [AC] =  1.5598
   R(b) [AG] =  4.8907
   R(c) [AT] =  0.9383
   R(d) [CG] =  0.1458
   R(e) [CT] =  4.5566
   R(f) [GT] =  1.0000 
 
  Best-fit models should be reoptimized for comparison with unconstrained likelihood
 
Computation of likelihood scores completed. It took 00h:00:03:07.
 



---------------------------------------------------------------
*                                                             *
*        CORRECTED AKAIKE INFORMATION CRITERION (AICc)        *
*                                                             *
---------------------------------------------------------------
 
 Sample size: 287.0
 
 Model selected: 
   Model = JC
   partition = 000000
   -lnL = 5416.0799
   K = 299 
 
Tree for the best AICc model = (((((((((((((((((AB253725:0.00000001,(AB253717:0.00000001,(AB253721:0.00000001,(AB253720:0.00000001,(AB253718:0.00000001,(AB253724:0.00000001,(AB253723:0.00000001,AB253719:0.00000001):0.00000001):0.00000001):0.00000001):0.00000001):0.00000001):0.00000001):0.00000001,AB253722:0.00000001):0.00349236,AB253681:0.00000022):0.00349227,(((((((AB253696:0.00701687,(AB253716:0.00000001,AB253715:0.00000001):0.00701679):0.00701737,AB253682:0.00000001):0.00000014,AB253690:0.00000001):0.00000020,AB253423:0.00000001):0.00000017,AB253686:0.00000001):0.00349237,AB253700:0.00000001):0.00000018,AB253692:0.00000001):0.00000017):0.01406816,AB032740:0.01762713):0.00000019,((((((AB253425:0.00000001,AB253424:0.00000001):0.00349257,AB220947:0.00349244):0.00000018,AB220946:0.00000001):0.00000015,AB220948:0.01406899):0.00000019,AB097867:0.01762707):0.00349235,(AB485653:0.00000001,AB485652:0.00000001):0.00000021):0.00000019):0.00000025,AB097872:0.02120357):0.00000017,((((AB253667:0.00349228,(AB253680:0.00000001,(AB253679:0.00000001,(AB253669:0.00000001,AB253670:0.00000001):0.00000001):0.00000001):0.00349237):0.00000017,((AB253639:0.00000001,(AB253636:0.00000001,AB253635:0.00000001):0.00000001):0.00000017,(AB253655:0.00000001,(AB253652:0.00000001,(AB253658:0.00000001,(AB253657:0.00000001,(AB253648:0.00000001,(AB253653:0.00000001,(AB253656:0.00000001,AB253654:0.00000001):0.00000001):0.00000001):0.00000001):0.00000001):0.00000001):0.00000001):0.00349258):0.00349235):0.00349239,(AB253638:0.00700065,AB253637:0.00349240):0.00000015):0.01692453,(AB547464:0.01057295,AB547463:0.02856797):0.00919721):0.00915298):0.00402124,(AB253427:0.00000018,AB253426:0.00349248):0.04640107):0.00722673,AB032741:0.01341865):0.02233529,((((((((((((AB485635:0.00000001,AB485634:0.00000001):0.01354168,(AB286859:0.00000001,AB231895:0.00349244):0.04027107):0.00699328,AB231897:0.02915551):0.00364385,((AB049811:0.05856018,(AB286858:0.00000001,AB286857:0.00000001):0.03929043):0.00745941,AB231898:0.04261964):0.00317243):0.00275369,(AB231896:0.04003161,AB286856:0.01995069):0.00536216):0.01229722,(AB287379:0.00000001,AB287378:0.00000001):0.03113228):0.00281940,AB485633:0.06360102):0.00512966,((AB098331:0.01348293,AB098330:0.01220732):0.00881584,(AB287004:0.00000001,AB287003:0.00000001):0.06951579):0.00794880):0.00000023,(AB286864:0.00440466,AB286863:0.01338689):0.05451443):0.01024870,AB098332:0.02850911):0.00487573,(AB253422:0.04168456,(AB703613:0.02030651,((((AB703610:0.02491259,AB703612:0.00704167):0.00439591,AB703609:0.01006109):0.00000028,AB703608:0.03839115):0.00000020,AB703611:0.01855988):0.01424159):0.01409919):0.00493364):0.00389637,((AB287377:0.00000001,AB287376:0.00000001):0.02223490,AB485662:0.04287440):0.00331519):0.00713153):0.02909146,((AB097869:0.00761360,AB097866:0.01352225):0.01275295,(((((((AB097871:0.02024444,AB023804:0.00473141):0.00314011,AB097868:0.02457688):0.01089323,(((AB485647:0.00000001,AB485646:0.00000001):0.01783546,(((AB254147:0.00000001,AB254144:0.00000001):0.00349235,(AB254146:0.00000001,(AB254151:0.00000001,(AB254150:0.00000001,(AB254153:0.00000001,(AB254152:0.00000001,(AB254154:0.00000001,AB254143:0.00349237):0.00000021):0.00000018):0.00000014):0.00000019):0.00000015):0.00000018):0.00000042,AB254145:0.00700140):0.03222195):0.00346403,(AB286850:0.00000001,AB286849:0.00000001):0.06541496):0.00000033):0.00587916,AB254142:0.03186679):0.00351732,AB254149:0.04822497):0.00000023,AB254148:0.04672830):0.00000021,AB254141:0.04453335):0.01117432):0.04244073):0.01773831,(((((AB485651:0.00000001,AB485650:0.00000001):0.05892997,AB287368:0.02863473):0.01427684,AB485648:0.06974768):0.00837187,((((((A07867:0.00000001,A04321:0.00000001):0.01218857,(AB253432:0.00000001,AB221005:0.00000001):0.03426139):0.00720562,(AB564745:0.00349084,AB564744:0.00701981):0.00834402):0.00000038,(AB097870:0.01445187,AB097873:0.03316748):0.01990933):0.00000074,AB287369:0.04533776):0.00705450,(AB287363:0.05938398,(((AB253431:0.00345136,AB253430:0.00705936):0.04078005,((AB286956:0.00000001,AB286955:0.00000001):0.03157512,(AB287365:0.00000001,AB287364:0.00000001):0.01859889):0.01627211):0.01159231,AB289587:0.02482107):0.00887540):0.00000029):0.00000020):0.01295122,(((AB428553:0.00475830,AB428551:0.01997448):0.00791720,AB428552:0.01293436):0.02243392,((AB287367:0.00000001,AB287366:0.00000001):0.01982950,(AB221126:0.00000001,AB221125:0.00000001):0.02731742):0.01560912):0.00911648):0.00621847):0.01199634,(((AB286854:0.00000001,AB286853:0.00000001):0.02754533,((AB286852:0.00000001,AB286851:0.00000001):0.04300712,(AB485661:0.00000001,AB485660:0.00000001):0.02344033):0.01548353):0.03625453,(AB485665:0.00000001,AB485664:0.00000001):0.06090392):0.01058499):0.01859046,(((AB480299:0.00000001,AB480298:0.00000001):0.01857123,(AB485657:0.00000001,AB485656:0.00000001):0.02051923):0.01266961,AB480300:0.01389173):0.01956461):0.26030207,(AB485667:0.00000090,AB485666:0.01762638):0.06159607):0.08192614,AB485669:0.00542589,AB485668:0.01572218);
 
 
* AICc MODEL SELECTION : Selection uncertainty
 
Model             -lnL    K     AICc       delta       weight   cumWeight
------------------------------------------------------------------------- 
JC          5416.07987   299  -2369.840260   0.000000    1.000000   1.000000 
K80         5157.21201   300  -1985.575980  384.264280   3.61e-084   1.000000 
SYM         5126.53982   304  558.857418  2928.697678   0.00e+000   1.000000
-------------------------------------------------------------------------
-lnL:	negative log likelihod
 K:	number of estimated parameters
 AICc:	Corrected Akaike Information Criterion
 delta:	AICc difference
 weight:	AICc weight
 cumWeight:	cumulative AICc weight
 
 
* AICc MODEL SELECTION : Confidence interval
 
There are 3 models in the 100% confidence interval: [ JC K80 SYM ] 
 
 
* AICc MODEL SELECTION : Best Model's command line
 
phyml  -i /tmp/jmodeltest1631601187052524736.phy -d nt -n 1 -b 0 --run_id JC -m 000000 -f 0.25,0.25,0.25,0.25 -c 1 --no_memory_check -o lr
 
WARNING! Criterion has zero or negative values. Please check whether your sample size is big enough compared to the number of parameters (K)



---------------------------------------------------------------
*                                                             *
*             BAYESIAN INFORMATION CRITERION (BIC)            *
*                                                             *
---------------------------------------------------------------
 
 Sample size: 287.0
 
 Model selected: 
   Model = SYM
   partition = 012345
   -lnL = 5126.5398
   K = 304
   R(a) [AC] =  1.5598
   R(b) [AG] =  4.8907
   R(c) [AT] =  0.9383
   R(d) [CG] =  0.1458
   R(e) [CT] =  4.5566
   R(f) [GT] =  1.0000 
 
Tree for the best BIC model = (((((((((((((((((AB253725:0.00000001,(AB253717:0.00000001,(AB253721:0.00000001,(AB253720:0.00000001,(AB253718:0.00000001,(AB253724:0.00000001,(AB253723:0.00000001,AB253719:0.00000001):0.00000001):0.00000001):0.00000001):0.00000001):0.00000001):0.00000001):0.00000001,AB253722:0.00000001):0.00342974,AB253681:0.00000022):0.00342683,(((((((AB253696:0.00689664,(AB253716:0.00000001,AB253715:0.00000001):0.00689662):0.00690065,AB253682:0.00000001):0.00000014,AB253690:0.00000001):0.00000020,AB253423:0.00000001):0.00000017,AB253686:0.00000001):0.00342794,AB253700:0.00000001):0.00000018,AB253692:0.00000001):0.00000017):0.01379223,AB032740:0.01728060):0.00000019,((((((AB253425:0.00000001,AB253424:0.00000001):0.00342309,AB220947:0.00342309):0.00000018,AB220946:0.00000001):0.00000015,AB220948:0.01381974):0.00000019,AB097867:0.01727645):0.00342398,(AB485653:0.00000001,AB485652:0.00000001):0.00000021):0.00000019):0.00000025,AB097872:0.02080221):0.00000017,((((AB253667:0.00343092,(AB253680:0.00000001,(AB253679:0.00000001,(AB253669:0.00000001,AB253670:0.00000001):0.00000001):0.00000001):0.00343092):0.00000017,((AB253639:0.00000001,(AB253636:0.00000001,AB253635:0.00000001):0.00000001):0.00000017,(AB253655:0.00000001,(AB253652:0.00000001,(AB253658:0.00000001,(AB253657:0.00000001,(AB253648:0.00000001,(AB253653:0.00000001,(AB253656:0.00000001,AB253654:0.00000001):0.00000001):0.00000001):0.00000001):0.00000001):0.00000001):0.00000001):0.00342847):0.00343092):0.00343416,(AB253638:0.00686828,AB253637:0.00343038):0.00000015):0.01590927,(AB547464:0.01046812,AB547463:0.02807239):0.00892297):0.00990570):0.00390098,(AB253427:0.00000018,AB253426:0.00341920):0.04557979):0.00703006,AB032741:0.01323871):0.02230413,((((((((((((AB485635:0.00000001,AB485634:0.00000001):0.01209970,(AB286859:0.00000001,AB231895:0.00342516):0.04128423):0.00681337,AB231897:0.03020461):0.00357184,((AB049811:0.05861222,(AB286858:0.00000001,AB286857:0.00000001):0.03877061):0.00897513,AB231898:0.04235767):0.00130603):0.00376904,(AB231896:0.04121876,AB286856:0.01887033):0.00350964):0.01241298,(AB287379:0.00000001,AB287378:0.00000001):0.03226593):0.00294119,AB485633:0.06338715):0.00529675,((AB098331:0.01279113,AB098330:0.01177629):0.01379630,(AB287004:0.00000001,AB287003:0.00000001):0.06888015):0.00361663):0.00000023,(AB286864:0.00403492,AB286863:0.01331842):0.05417192):0.00579965,AB098332:0.02980905):0.00656462,(AB253422:0.04085686,(AB703613:0.02005672,((((AB703610:0.02457868,AB703612:0.00688302):0.00629706,AB703609:0.00954357):0.00000073,AB703608:0.03582713):0.00000020,AB703611:0.02023216):0.01188344):0.01495383):0.00460902):0.00471293,((AB287377:0.00000001,AB287376:0.00000001):0.02350264,AB485662:0.04298165):0.00291997):0.00840349):0.02639670,((AB097869:0.00769978,AB097866:0.01307121):0.01221342,(((((((AB097871:0.02077002,AB023804:0.00000068):0.00689505,AB097868:0.02442015):0.01038652,(((AB485647:0.00000001,AB485646:0.00000001):0.01757736,(((AB254147:0.00000001,AB254144:0.00000001):0.00342268,(AB254146:0.00000001,(AB254151:0.00000001,(AB254150:0.00000001,(AB254153:0.00000001,(AB254152:0.00000001,(AB254154:0.00000001,AB254143:0.00342357):0.00000021):0.00000018):0.00000014):0.00000019):0.00000015):0.00000018):0.00000056,AB254145:0.00685756):0.03187442):0.00319714,(AB286850:0.00000001,AB286849:0.00000001):0.06416804):0.00000033):0.00427975,AB254142:0.03144059):0.00474151,AB254149:0.04795872):0.00000023,AB254148:0.04575415):0.00000021,AB254141:0.04414126):0.01119050):0.04032516):0.02373250,(((((AB485651:0.00000001,AB485650:0.00000001):0.05924476,AB287368:0.02783556):0.01457680,AB485648:0.06931122):0.00784970,((((((A07867:0.00000001,A04321:0.00000001):0.01220652,(AB253432:0.00000001,AB221005:0.00000001):0.03395050):0.00700960,(AB564745:0.00344625,AB564744:0.00686844):0.00827539):0.00000061,(AB097870:0.01338693,AB097873:0.03252656):0.02070372):0.00000074,AB287369:0.04458580):0.00697713,(AB287363:0.05815000,(((AB253431:0.00328329,AB253430:0.00704335):0.04007916,((AB286956:0.00000001,AB286955:0.00000001):0.03165912,(AB287365:0.00000001,AB287364:0.00000001):0.01834380):0.01564626):0.01185111,AB289587:0.02446486):0.00846975):0.00000018):0.00000020):0.01308563,(((AB428553:0.00473732,AB428551:0.01951301):0.00788480,AB428552:0.01255232):0.02251983,((AB287367:0.00000001,AB287366:0.00000001):0.02146400,(AB221126:0.00000001,AB221125:0.00000001):0.02413083):0.01595592):0.00887936):0.00560587):0.01223047,(((AB286854:0.00000001,AB286853:0.00000001):0.02830280,((AB286852:0.00000001,AB286851:0.00000001):0.04329956,(AB485661:0.00000001,AB485660:0.00000001):0.02351694):0.01268727):0.03351151,(AB485665:0.00000001,AB485664:0.00000001):0.05945581):0.01070037):0.02515955,(((AB480299:0.00000001,AB480298:0.00000001):0.01857576,(AB485657:0.00000001,AB485656:0.00000001):0.01990511):0.01153598,AB480300:0.01463866):0.01446024):0.28022254,(AB485667:0.00000145,AB485666:0.01727412):0.06759524):0.08113525,AB485669:0.00573678,AB485668:0.01506108);
 
 
* BIC MODEL SELECTION : Selection uncertainty
 
Model             -lnL    K      BIC       delta       weight   cumWeight
------------------------------------------------------------------------- 
SYM         5126.53982   304  11973.562234   0.000000    1.000000   1.000000 
K80         5157.21201   300  12012.268685  38.706451   3.94e-009   1.000000 
JC          5416.07987   299  12524.344923  550.782689   2.51e-120   1.000000
-------------------------------------------------------------------------
-lnL:	negative log likelihod
K:	number of estimated parameters
BIC:	Bayesian Information Criterion
delta:	BIC difference
weight:	BIC weight
cumWeight:	cumulative BIC weight
 
 
* BIC MODEL SELECTION : Confidence interval
 
There are 3 models in the 100% confidence interval: [ SYM K80 JC ] 
 
 
* BIC MODEL SELECTION : Best Model's command line
 
phyml  -i /tmp/jmodeltest1631601187052524736.phy -d nt -n 1 -b 0 --run_id SYM -m 012345 -f 0.25,0.25,0.25,0.25 -c 1 --no_memory_check -o lr



---------------------------------------------------------------
*                                                             *
*      DECISION THEORY PERFORMANCE-BASED SELECTION (DT)       *
*                                                             *
---------------------------------------------------------------
 
 Sample size: 287.0
 
 Model selected: 
   Model = SYM
   partition = 012345
   -lnL = 5126.5398
   K = 304
   R(a) [AC] =  1.5598
   R(b) [AG] =  4.8907
   R(c) [AT] =  0.9383
   R(d) [CG] =  0.1458
   R(e) [CT] =  4.5566
   R(f) [GT] =  1.0000 
 
Tree for the best DT model = (((((((((((((((((AB253725:0.00000001,(AB253717:0.00000001,(AB253721:0.00000001,(AB253720:0.00000001,(AB253718:0.00000001,(AB253724:0.00000001,(AB253723:0.00000001,AB253719:0.00000001):0.00000001):0.00000001):0.00000001):0.00000001):0.00000001):0.00000001):0.00000001,AB253722:0.00000001):0.00342974,AB253681:0.00000022):0.00342683,(((((((AB253696:0.00689664,(AB253716:0.00000001,AB253715:0.00000001):0.00689662):0.00690065,AB253682:0.00000001):0.00000014,AB253690:0.00000001):0.00000020,AB253423:0.00000001):0.00000017,AB253686:0.00000001):0.00342794,AB253700:0.00000001):0.00000018,AB253692:0.00000001):0.00000017):0.01379223,AB032740:0.01728060):0.00000019,((((((AB253425:0.00000001,AB253424:0.00000001):0.00342309,AB220947:0.00342309):0.00000018,AB220946:0.00000001):0.00000015,AB220948:0.01381974):0.00000019,AB097867:0.01727645):0.00342398,(AB485653:0.00000001,AB485652:0.00000001):0.00000021):0.00000019):0.00000025,AB097872:0.02080221):0.00000017,((((AB253667:0.00343092,(AB253680:0.00000001,(AB253679:0.00000001,(AB253669:0.00000001,AB253670:0.00000001):0.00000001):0.00000001):0.00343092):0.00000017,((AB253639:0.00000001,(AB253636:0.00000001,AB253635:0.00000001):0.00000001):0.00000017,(AB253655:0.00000001,(AB253652:0.00000001,(AB253658:0.00000001,(AB253657:0.00000001,(AB253648:0.00000001,(AB253653:0.00000001,(AB253656:0.00000001,AB253654:0.00000001):0.00000001):0.00000001):0.00000001):0.00000001):0.00000001):0.00000001):0.00342847):0.00343092):0.00343416,(AB253638:0.00686828,AB253637:0.00343038):0.00000015):0.01590927,(AB547464:0.01046812,AB547463:0.02807239):0.00892297):0.00990570):0.00390098,(AB253427:0.00000018,AB253426:0.00341920):0.04557979):0.00703006,AB032741:0.01323871):0.02230413,((((((((((((AB485635:0.00000001,AB485634:0.00000001):0.01209970,(AB286859:0.00000001,AB231895:0.00342516):0.04128423):0.00681337,AB231897:0.03020461):0.00357184,((AB049811:0.05861222,(AB286858:0.00000001,AB286857:0.00000001):0.03877061):0.00897513,AB231898:0.04235767):0.00130603):0.00376904,(AB231896:0.04121876,AB286856:0.01887033):0.00350964):0.01241298,(AB287379:0.00000001,AB287378:0.00000001):0.03226593):0.00294119,AB485633:0.06338715):0.00529675,((AB098331:0.01279113,AB098330:0.01177629):0.01379630,(AB287004:0.00000001,AB287003:0.00000001):0.06888015):0.00361663):0.00000023,(AB286864:0.00403492,AB286863:0.01331842):0.05417192):0.00579965,AB098332:0.02980905):0.00656462,(AB253422:0.04085686,(AB703613:0.02005672,((((AB703610:0.02457868,AB703612:0.00688302):0.00629706,AB703609:0.00954357):0.00000073,AB703608:0.03582713):0.00000020,AB703611:0.02023216):0.01188344):0.01495383):0.00460902):0.00471293,((AB287377:0.00000001,AB287376:0.00000001):0.02350264,AB485662:0.04298165):0.00291997):0.00840349):0.02639670,((AB097869:0.00769978,AB097866:0.01307121):0.01221342,(((((((AB097871:0.02077002,AB023804:0.00000068):0.00689505,AB097868:0.02442015):0.01038652,(((AB485647:0.00000001,AB485646:0.00000001):0.01757736,(((AB254147:0.00000001,AB254144:0.00000001):0.00342268,(AB254146:0.00000001,(AB254151:0.00000001,(AB254150:0.00000001,(AB254153:0.00000001,(AB254152:0.00000001,(AB254154:0.00000001,AB254143:0.00342357):0.00000021):0.00000018):0.00000014):0.00000019):0.00000015):0.00000018):0.00000056,AB254145:0.00685756):0.03187442):0.00319714,(AB286850:0.00000001,AB286849:0.00000001):0.06416804):0.00000033):0.00427975,AB254142:0.03144059):0.00474151,AB254149:0.04795872):0.00000023,AB254148:0.04575415):0.00000021,AB254141:0.04414126):0.01119050):0.04032516):0.02373250,(((((AB485651:0.00000001,AB485650:0.00000001):0.05924476,AB287368:0.02783556):0.01457680,AB485648:0.06931122):0.00784970,((((((A07867:0.00000001,A04321:0.00000001):0.01220652,(AB253432:0.00000001,AB221005:0.00000001):0.03395050):0.00700960,(AB564745:0.00344625,AB564744:0.00686844):0.00827539):0.00000061,(AB097870:0.01338693,AB097873:0.03252656):0.02070372):0.00000074,AB287369:0.04458580):0.00697713,(AB287363:0.05815000,(((AB253431:0.00328329,AB253430:0.00704335):0.04007916,((AB286956:0.00000001,AB286955:0.00000001):0.03165912,(AB287365:0.00000001,AB287364:0.00000001):0.01834380):0.01564626):0.01185111,AB289587:0.02446486):0.00846975):0.00000018):0.00000020):0.01308563,(((AB428553:0.00473732,AB428551:0.01951301):0.00788480,AB428552:0.01255232):0.02251983,((AB287367:0.00000001,AB287366:0.00000001):0.02146400,(AB221126:0.00000001,AB221125:0.00000001):0.02413083):0.01595592):0.00887936):0.00560587):0.01223047,(((AB286854:0.00000001,AB286853:0.00000001):0.02830280,((AB286852:0.00000001,AB286851:0.00000001):0.04329956,(AB485661:0.00000001,AB485660:0.00000001):0.02351694):0.01268727):0.03351151,(AB485665:0.00000001,AB485664:0.00000001):0.05945581):0.01070037):0.02515955,(((AB480299:0.00000001,AB480298:0.00000001):0.01857576,(AB485657:0.00000001,AB485656:0.00000001):0.01990511):0.01153598,AB480300:0.01463866):0.01446024):0.28022254,(AB485667:0.00000145,AB485666:0.01727412):0.06759524):0.08113525,AB485669:0.00573678,AB485668:0.01506108);
 
 
* DT MODEL SELECTION : Selection uncertainty
 
Model             -lnL    K       DT       delta       weight   cumWeight
------------------------------------------------------------------------- 
SYM         5126.53982   304    0.000000   0.000000    1.000000   1.000000 
K80         5157.21201   300    0.014970   0.014970   3.94e-009   1.000000 
JC          5416.07987   299    0.027440   0.027440   2.15e-009   1.000000
-------------------------------------------------------------------------
-lnL:t	negative log likelihod
K:	number of estimated parameters
DT:	decision theory performance-based score
delta:	DT difference
weight:	DT weight* (calculated using 1/DT)
cumWeight:	cumulative DT weight
 
 
* DT MODEL SELECTION : Confidence interval
 
There are 3 models in the 100% confidence interval: [ SYM K80 JC ] 
 
 
* DT MODEL SELECTION : Best Model's command line
 
phyml  -i /tmp/jmodeltest1631601187052524736.phy -d nt -n 1 -b 0 --run_id SYM -m 012345 -f 0.25,0.25,0.25,0.25 -c 1 --no_memory_check -o lr



---------------------------------------------------------------
*                                                             *
*          HIERARCHICAL LIKELIHOO RATIO TESTS (hLRT)          *
*                                                             *
---------------------------------------------------------------

hLRT is only available when likelihoods are calculated on the same tree (i.e., models are nested)
Execute jModelTest using a fixed BIONJ-JC tree or a user-defined topology
 
 
 
---------------------------------------------------------------
*                                                             *
*                    SELECTION SUMMARY                        *
*                                                             *
---------------------------------------------------------------

::Optimized Topologies Summary::

There are 1 different topologies.

Topology Id: 1
	Rank	Weight		 RF	AvgEucl		VarEucl
BIC	  1	100.00%		  0	1.41e-02	1.26e-04
AICc	  1	100.00%		  0	2.01e-02	2.07e-04
DT	  1	100.00%		  0	1.41e-02	1.26e-04
Models supporting:   3
                     JC K80 SYM 

 
 
 
::Best Models::
 
	Model 		f(a) 	f(c) 	f(g) 	f(t) 	kappa 	titv 	Ra	Rb	Rc	Rd	Re	Rf	pInv 	gamma
----------------------------------------------------------------------------------------------------------------------------------------
BIC 	SYM		0.25	0.25	0.25	0.25	0.00	0.00	  1.560   4.891   0.938   0.146   4.557   1.000 N/A	N/A
AICc 	JC		0.25	0.25	0.25	0.25	0.00	0.00	  1.000   1.000   1.000   1.000   1.000   1.000 N/A	N/A
DT 	SYM		0.25	0.25	0.25	0.25	0.00	0.00	  1.560   4.891   0.938   0.146   4.557   1.000 N/A	N/A
 
Program is done.
* There might not be information enough to achieve reliable results. Please inspect the results carefully.
