-------------------------- jModeltest 2.1.10 v20160303 --------------------------
(c) 2011-onwards D. Darriba, G.L. Taboada, R. Doallo and D. Posada,
(1) Department of Biochemistry, Genetics and Immunology
    University of Vigo, 36310 Vigo, Spain.
(2) Department of Electronics and Systems
    University of A Coruna, 15071 A Coruna, Spain.
e-mail: ddarriba@udc.es, dposada@uvigo.es
--------------------------------------------------------------------------------
 
Tue Apr 24 20:08:27 EDT 2018
Linux 3.10.0-327.3.1.el7.x86_64, arch: amd64, bits: 64, numcores: 28
 
--------------------------------------------------------------------------------
Citation: Darriba D, Taboada GL, Doallo R and Posada D. 2012.
          "jModelTest 2: more models, new heuristics and parallel computing".
          Nature Methods 9(8), 772.
--------------------------------------------------------------------------------
 
jModelTest 2.1.10 v20160303
Copyright (C) 2011 D. Darriba, G.L. Taboada, R. Doallo and D. Posada
This program comes with ABSOLUTELY NO WARRANTY
This is free software, and you are welcome to redistribute it under certain
conditions
 
Notice: This program may contain errors. Please inspect results carefully.
 
 
Arguments = -d fasfiles/HIV_aligned_REV2.fas -t BIONJ -o fasfiles/HIV_aligned_REV2.fas.out -AICc -BIC -DT -s 3 -hLRT

Reading data file "HIV_aligned_REV2.fas"... OK.
  number of sequences: 151
  number of sites: 271
 
 
---------------------------------------------------------------
*                                                             *
*        COMPUTATION OF LIKELIHOOD SCORES WITH PHYML          *
*                                                             *
---------------------------------------------------------------
 
::Settings::
 
 Phyml version = 20130103
 Phyml binary = PhyML_3.0_linux64
 Phyml path = /gpfs/home/cltucker/jModelTest/jmodeltest-2.1.10/exe/phyml/
 Candidate models = 3
   number of substitution schemes = 3
   including only models with equal base frequencies
   including only models without a proportion of invariable sites
   including only models without rate variation among sites
 Optimized free parameters (K) = substitution parameters + 299 branch lengths 
 Base tree for likelihood calculations = BIONJ tree
 
 
 
::Progress::
 
Model 		 Exec. Time 	 Total Time 	 -lnL
-------------------------------------------------------------------------
JC		00h:00:02:09	00h:00:02:09	    7432.6095	 (1/3)
K80		00h:00:03:03	00h:00:03:03	    7337.3705	 (2/3)
SYM		00h:00:04:03	00h:00:04:03	    7290.9648	 (3/3)
 
   Model = JC
   partition = 000000
   -lnL = 7432.6094
   K = 299 
 
   Model = K80
   partition = 010010
   -lnL = 7337.3705
   K = 300
   kappa = 2.1593 (ti/tv = 1.0796) 
 
   Model = SYM
   partition = 012345
   -lnL = 7290.9648
   K = 304
   R(a) [AC] =  2.5240
   R(b) [AG] =  4.2562
   R(c) [AT] =  1.8292
   R(d) [CG] =  1.0318
   R(e) [CT] =  2.9254
   R(f) [GT] =  1.0000 
 
  Best-fit models should be reoptimized for comparison with unconstrained likelihood
 
Computation of likelihood scores completed. It took 00h:00:04:03.
 



---------------------------------------------------------------
*                                                             *
*        CORRECTED AKAIKE INFORMATION CRITERION (AICc)        *
*                                                             *
---------------------------------------------------------------
 
 Sample size: 271.0
 
 Model selected: 
   Model = K80
   partition = 010010
   -lnL = 7337.3705
   K = 300
   kappa = 2.1593 (ti/tv = 1.0796) 
 
Tree for the best AICc model = (((((((((((((AB253652:0.00000001,(AB253658:0.00000001,(AB253657:0.00000001,(AB253648:0.00000001,(AB253653:0.00000001,(AB253656:0.00000001,(AB253654:0.00000001,(AB253680:0.00000001,(AB253679:0.00000001,(AB253669:0.00000001,AB253670:0.00000001):0.00000001):0.00000001):0.00000001):0.00000001):0.00000001):0.00000001):0.00000001):0.00000001):0.00000001):0.00000001,AB253655:0.00000001):0.00721930,(AB253639:0.00000001,(AB253636:0.00000001,(AB253635:0.00000001,AB253637:0.00000001):0.00000001):0.00000001):0.00000063):0.03572788,(AB253667:0.00724275,AB253638:0.00724292):0.07741308):0.01595681,(AB547464:0.05699011,AB547463:0.03566966):0.05239319):0.00000190,(((AB253425:0.00000001,AB253424:0.00000001):0.03206453,((((AB220948:0.03671073,((AB485653:0.00000001,AB485652:0.00000001):0.00665927,AB220947:0.01524547):0.00841414):0.00740945,((((AB253696:0.00000001,AB253692:0.00000001):0.03696265,AB253715:0.00000037):0.02937171,AB253700:0.00000321):0.00000065,(((AB253681:0.00000001,(AB253686:0.00000001,(AB253423:0.00000001,(AB253690:0.00000001,AB253682:0.00000001):0.00000001):0.00000001):0.00000001):0.00000131,AB253716:0.02928402):0.00000078,(AB253722:0.00000001,(AB253725:0.00000001,(AB253717:0.00000001,(AB253721:0.00000001,(AB253720:0.00000001,(AB253718:0.00000001,(AB253724:0.00000001,(AB253723:0.00000001,AB253719:0.00000001):0.00000001):0.00000001):0.00000001):0.00000001):0.00000001):0.00000001):0.00000001):0.02565405):0.02206758):0.02955761):0.01463294,AB032741:0.07040526):0.00967475,(AB032740:0.06647824,AB097868:0.06107243):0.03065224):0.00810267):0.01068774,AB220946:0.03240244):0.01049323):0.00803690,AB097872:0.06958165):0.04324229,(AB253427:0.00000036,AB253426:0.00790512):0.04303733):0.12190572,(((((((((AB485651:0.00000076,AB485650:0.00000001):0.13712121,AB485648:0.07908909):0.11018498,((AB287365:0.00000001,AB287364:0.00000001):0.12332843,AB289587:0.12750881):0.00734781):0.05123850,AB287369:0.16665848):0.04721476,((A07867:0.03104913,A04321:0.01467397):0.03729714,(((AB253432:0.02610911,AB221005:0.03657300):0.02091160,AB254142:0.22327979):0.07386577,(((AB097870:0.07078122,AB097867:0.04572511):0.05900838,(AB097873:0.05170738,AB097866:0.16648034):0.05479045):0.06236445,((AB287367:0.00000001,AB287366:0.00000001):0.08235152,(AB221126:0.00000001,AB221125:0.00000001):0.09995949):0.04969755):0.03480612):0.02699068):0.01976712):0.00000485,((AB428553:0.05847169,AB428552:0.05676975):0.07104865,AB428551:0.06406551):0.08024489):0.07762332,(((AB253431:0.01939632,AB286956:0.00635578):0.01008325,AB286955:0.00000001):0.01602548,AB253430:0.00000001):0.15605731):0.07793085,((AB564745:0.03957434,AB564744:0.04685735):0.09518120,((((((AB097869:0.03000199,AB023804:0.03011869):0.01999432,AB254149:0.10425557):0.04248782,AB254148:0.08961663):0.04717501,((AB097871:0.06537575,((AB485647:0.01818649,AB485646:0.05842510):0.02236702,(AB254151:0.00000001,(AB254150:0.00000001,(AB254153:0.00000001,(AB254152:0.00000001,(AB254154:0.00000001,(AB254145:0.00000001,(AB254143:0.00000001,AB254144:0.00000001):0.00000001):0.00000001):0.00000001):0.00000001):0.00000001):0.00000001):0.08470332):0.02140001):0.02989741,(AB254147:0.00000001,(AB254146:0.00664322,AB254141:0.00000001):0.00000035):0.17655807):0.00000474):0.01913025,(AB286850:0.12368150,AB286849:0.03878831):0.16210963):0.07233384,(((AB286854:0.00000001,AB286853:0.00000001):0.14377955,(((AB286852:0.01307106,AB286851:0.00000101):0.07451482,(AB485661:0.00000001,AB485660:0.00000001):0.06249686):0.01237482,AB485662:0.08860479):0.04945819):0.08193622,(((AB480299:0.01091937,AB480298:0.04071927):0.09523292,(AB485657:0.00000001,AB485656:0.00000001):0.07965861):0.01885738,AB480300:0.09374912):0.09657576):0.02622372):0.09451637):0.01723845):0.04334613,(AB287363:0.11367594,AB287368:0.09858533):0.11666142):0.06132153):0.01800567,(((((((((AB485635:0.01108116,AB485634:0.03948336):0.14093874,AB049811:0.07921961):0.04644000,(AB287377:0.00000001,AB287376:0.00000001):0.11786745):0.06931188,AB286859:0.08591161):0.07655482,((((((AB231895:0.10834547,(AB098331:0.00000001,AB098330:0.00000001):0.10473504):0.01873530,(AB286864:0.04198027,AB286863:0.10511934):0.07662706):0.00707686,((AB286858:0.00875846,AB286857:0.02885923):0.13002698,AB231898:0.09969597):0.09373599):0.01385675,AB286856:0.14471452):0.00000520,((AB287379:0.00000178,AB287378:0.00000001):0.15851441,AB098332:0.09963033):0.07651270):0.05050887,AB253422:0.07419051):0.05861918):0.02536102,(AB703610:0.03913177,AB703612:0.08043980):0.05396924):0.00000171,AB485633:0.25378171):0.00000083,((AB231896:0.08299941,(AB287004:0.00000001,AB287003:0.00000001):0.11798400):0.01390035,AB231897:0.23301378):0.08161022):0.05058581,(AB703613:0.06545711,((AB703609:0.02241770,AB703608:0.08795055):0.02628322,AB703611:0.08910776):0.04780701):0.04258294):0.07089788):0.14198520,(AB485665:0.00706243,AB485664:0.00000001):0.06021842):0.31086535,(AB485669:0.00000032,AB485668:0.00000001):0.27107985):0.21738133,AB485667:0.12222342,AB485666:0.04086918);
 
 
* AICc MODEL SELECTION : Selection uncertainty
 
Model             -lnL    K     AICc       delta       weight   cumWeight
------------------------------------------------------------------------- 
K80         7337.37048   300  9254.740960   0.000000    0.999985   0.999985 
JC          7432.60945   299  9277.012003  22.271043   1.46e-005   1.000000 
SYM         7290.96479   304  9735.811933  481.070973   3.44e-105   1.000000
-------------------------------------------------------------------------
-lnL:	negative log likelihod
 K:	number of estimated parameters
 AICc:	Corrected Akaike Information Criterion
 delta:	AICc difference
 weight:	AICc weight
 cumWeight:	cumulative AICc weight
 
 
* AICc MODEL SELECTION : Confidence interval
 
There are 3 models in the 100% confidence interval: [ K80 JC SYM ] 
 
 
* AICc MODEL SELECTION : Best Model's command line
 
phyml  -i /tmp/jmodeltest8896206972094388037.phy -d nt -n 1 -b 0 --run_id K80 -m 010010 -f 0.25,0.25,0.25,0.25 -c 1 --no_memory_check -o lr



---------------------------------------------------------------
*                                                             *
*             BAYESIAN INFORMATION CRITERION (BIC)            *
*                                                             *
---------------------------------------------------------------
 
 Sample size: 271.0
 
 Model selected: 
   Model = SYM
   partition = 012345
   -lnL = 7290.9648
   K = 304
   R(a) [AC] =  2.5240
   R(b) [AG] =  4.2562
   R(c) [AT] =  1.8292
   R(d) [CG] =  1.0318
   R(e) [CT] =  2.9254
   R(f) [GT] =  1.0000 
 
Tree for the best BIC model = (((((((((((((AB253652:0.00000001,(AB253658:0.00000001,(AB253657:0.00000001,(AB253648:0.00000001,(AB253653:0.00000001,(AB253656:0.00000001,(AB253654:0.00000001,(AB253680:0.00000001,(AB253679:0.00000001,(AB253669:0.00000001,AB253670:0.00000001):0.00000001):0.00000001):0.00000001):0.00000001):0.00000001):0.00000001):0.00000001):0.00000001):0.00000001):0.00000001,AB253655:0.00000001):0.00691928,(AB253639:0.00000001,(AB253636:0.00000001,(AB253635:0.00000001,AB253637:0.00000001):0.00000001):0.00000001):0.00000063):0.03517340,(AB253667:0.00693186,AB253638:0.00692960):0.07435937):0.01407298,(AB547464:0.05492844,AB547463:0.03502432):0.04899744):0.00000190,(((AB253425:0.00000001,AB253424:0.00000001):0.03060518,((((AB220948:0.03528570,((AB485653:0.00000001,AB485652:0.00000001):0.00655665,AB220947:0.01459571):0.00794115):0.00726960,((((AB253696:0.00000001,AB253692:0.00000001):0.03551476,AB253715:0.00000037):0.02811693,AB253700:0.00000077):0.00000065,(((AB253681:0.00000001,(AB253686:0.00000001,(AB253423:0.00000001,(AB253690:0.00000001,AB253682:0.00000001):0.00000001):0.00000001):0.00000001):0.00000113,AB253716:0.02784279):0.00000078,(AB253722:0.00000001,(AB253725:0.00000001,(AB253717:0.00000001,(AB253721:0.00000001,(AB253720:0.00000001,(AB253718:0.00000001,(AB253724:0.00000001,(AB253723:0.00000001,AB253719:0.00000001):0.00000001):0.00000001):0.00000001):0.00000001):0.00000001):0.00000001):0.00000001):0.02479654):0.02110111):0.02833475):0.01429505,AB032741:0.06708040):0.00946555,(AB032740:0.06344885,AB097868:0.05877939):0.02922576):0.00752439):0.01018048,AB220946:0.03129435):0.01009055):0.00724618,AB097872:0.06639237):0.03970060,(AB253427:0.00000036,AB253426:0.00763106):0.04270322):0.12053268,(((((((((AB485651:0.00000076,AB485650:0.00000001):0.12842616,AB485648:0.07352397):0.10481208,((AB287365:0.00000001,AB287364:0.00000001):0.11906086,AB289587:0.11685805):0.00619950):0.04892857,AB287369:0.16118638):0.04818827,((A07867:0.03042838,A04321:0.01360981):0.04009980,(((AB253432:0.02363113,AB221005:0.03395883):0.02596844,AB254142:0.20444269):0.06661526,(((AB097870:0.06726840,AB097867:0.04507505):0.05947418,(AB097873:0.05024159,AB097866:0.15614281):0.05605186):0.05804704,((AB287367:0.00000001,AB287366:0.00000001):0.07664510,(AB221126:0.00000001,AB221125:0.00000001):0.09558456):0.04864206):0.03299942):0.01768131):0.01326442):0.00000300,((AB428553:0.05553378,AB428552:0.05276804):0.06915727,AB428551:0.06267842):0.07618643):0.07917064,(((AB253431:0.01852116,AB286956:0.00604325):0.00954842,AB286955:0.00000001):0.01512829,AB253430:0.00000001):0.15394710):0.06419969,((AB564745:0.03854372,AB564744:0.04415711):0.09047722,((((((AB097869:0.02761426,AB023804:0.02897820):0.01883668,AB254149:0.09904137):0.03929736,AB254148:0.08678237):0.04243567,((AB097871:0.06408425,((AB485647:0.02041151,AB485646:0.05149257):0.02230529,(AB254151:0.00000001,(AB254150:0.00000001,(AB254153:0.00000001,(AB254152:0.00000001,(AB254154:0.00000001,(AB254145:0.00000001,(AB254143:0.00000001,AB254144:0.00000001):0.00000001):0.00000001):0.00000001):0.00000001):0.00000001):0.00000001):0.08017921):0.01862075):0.02870381,(AB254147:0.00000001,(AB254146:0.00628581,AB254141:0.00000001):0.00000035):0.16442495):0.00000102):0.01703837,(AB286850:0.11601220,AB286849:0.03845975):0.15127013):0.06067850,(((AB286854:0.00000001,AB286853:0.00000001):0.13568356,(((AB286852:0.01246440,AB286851:0.00000063):0.07168758,(AB485661:0.00000001,AB485660:0.00000001):0.05988866):0.00880896,AB485662:0.08705931):0.04822331):0.07426850,(((AB480299:0.01187980,AB480298:0.03829232):0.09229270,(AB485657:0.00000001,AB485656:0.00000001):0.07972449):0.01718959,AB480300:0.08202609):0.09163781):0.02836582):0.07743490):0.01985711):0.03955768,(AB287363:0.10810757,AB287368:0.09808075):0.10623829):0.05232741):0.01352094,(((((((((AB485635:0.00165163,AB485634:0.04407498):0.12907075,AB049811:0.07826573):0.04111956,(AB287377:0.00000001,AB287376:0.00000001):0.11409521):0.06525207,AB286859:0.08247059):0.06638206,((((((AB231895:0.10059477,(AB098331:0.00000001,AB098330:0.00000001):0.09415978):0.01485607,(AB286864:0.04147665,AB286863:0.09925877):0.07334529):0.00679010,((AB286858:0.00784095,AB286857:0.02792441):0.12722837,AB231898:0.09737503):0.09020931):0.01299985,AB286856:0.14557432):0.00000520,((AB287379:0.00000068,AB287378:0.00000001):0.14418624,AB098332:0.10139554):0.06419131):0.04353238,AB253422:0.07269273):0.06009260):0.02369932,(AB703610:0.03622524,AB703612:0.07634694):0.04980078):0.00000106,AB485633:0.24811062):0.00000083,((AB231896:0.07744720,(AB287004:0.00000001,AB287003:0.00000001):0.11212871):0.01439609,AB231897:0.22584570):0.07319004):0.04849973,(AB703613:0.06200839,((AB703609:0.02499487,AB703608:0.07939647):0.02389437,AB703611:0.08465459):0.04497723):0.03926114):0.06215250):0.12737798,(AB485665:0.00667314,AB485664:0.00000001):0.06385412):0.28999875,(AB485669:0.00000032,AB485668:0.00000001):0.26942473):0.20556611,AB485667:0.11624610,AB485666:0.03990162);
 
 
* BIC MODEL SELECTION : Selection uncertainty
 
Model             -lnL    K      BIC       delta       weight   cumWeight
------------------------------------------------------------------------- 
SYM         7290.96479   304  16284.973702   0.000000    1.000000   1.000000 
K80         7337.37048   300  16355.376606  70.402905   5.15e-016   1.000000 
JC          7432.60945   299  16540.252427  255.278726   3.69e-056   1.000000
-------------------------------------------------------------------------
-lnL:	negative log likelihod
K:	number of estimated parameters
BIC:	Bayesian Information Criterion
delta:	BIC difference
weight:	BIC weight
cumWeight:	cumulative BIC weight
 
 
* BIC MODEL SELECTION : Confidence interval
 
There are 3 models in the 100% confidence interval: [ SYM K80 JC ] 
 
 
* BIC MODEL SELECTION : Best Model's command line
 
phyml  -i /tmp/jmodeltest8896206972094388037.phy -d nt -n 1 -b 0 --run_id SYM -m 012345 -f 0.25,0.25,0.25,0.25 -c 1 --no_memory_check -o lr



---------------------------------------------------------------
*                                                             *
*      DECISION THEORY PERFORMANCE-BASED SELECTION (DT)       *
*                                                             *
---------------------------------------------------------------
 
 Sample size: 271.0
 
 Model selected: 
   Model = SYM
   partition = 012345
   -lnL = 7290.9648
   K = 304
   R(a) [AC] =  2.5240
   R(b) [AG] =  4.2562
   R(c) [AT] =  1.8292
   R(d) [CG] =  1.0318
   R(e) [CT] =  2.9254
   R(f) [GT] =  1.0000 
 
Tree for the best DT model = (((((((((((((AB253652:0.00000001,(AB253658:0.00000001,(AB253657:0.00000001,(AB253648:0.00000001,(AB253653:0.00000001,(AB253656:0.00000001,(AB253654:0.00000001,(AB253680:0.00000001,(AB253679:0.00000001,(AB253669:0.00000001,AB253670:0.00000001):0.00000001):0.00000001):0.00000001):0.00000001):0.00000001):0.00000001):0.00000001):0.00000001):0.00000001):0.00000001,AB253655:0.00000001):0.00691928,(AB253639:0.00000001,(AB253636:0.00000001,(AB253635:0.00000001,AB253637:0.00000001):0.00000001):0.00000001):0.00000063):0.03517340,(AB253667:0.00693186,AB253638:0.00692960):0.07435937):0.01407298,(AB547464:0.05492844,AB547463:0.03502432):0.04899744):0.00000190,(((AB253425:0.00000001,AB253424:0.00000001):0.03060518,((((AB220948:0.03528570,((AB485653:0.00000001,AB485652:0.00000001):0.00655665,AB220947:0.01459571):0.00794115):0.00726960,((((AB253696:0.00000001,AB253692:0.00000001):0.03551476,AB253715:0.00000037):0.02811693,AB253700:0.00000077):0.00000065,(((AB253681:0.00000001,(AB253686:0.00000001,(AB253423:0.00000001,(AB253690:0.00000001,AB253682:0.00000001):0.00000001):0.00000001):0.00000001):0.00000113,AB253716:0.02784279):0.00000078,(AB253722:0.00000001,(AB253725:0.00000001,(AB253717:0.00000001,(AB253721:0.00000001,(AB253720:0.00000001,(AB253718:0.00000001,(AB253724:0.00000001,(AB253723:0.00000001,AB253719:0.00000001):0.00000001):0.00000001):0.00000001):0.00000001):0.00000001):0.00000001):0.00000001):0.02479654):0.02110111):0.02833475):0.01429505,AB032741:0.06708040):0.00946555,(AB032740:0.06344885,AB097868:0.05877939):0.02922576):0.00752439):0.01018048,AB220946:0.03129435):0.01009055):0.00724618,AB097872:0.06639237):0.03970060,(AB253427:0.00000036,AB253426:0.00763106):0.04270322):0.12053268,(((((((((AB485651:0.00000076,AB485650:0.00000001):0.12842616,AB485648:0.07352397):0.10481208,((AB287365:0.00000001,AB287364:0.00000001):0.11906086,AB289587:0.11685805):0.00619950):0.04892857,AB287369:0.16118638):0.04818827,((A07867:0.03042838,A04321:0.01360981):0.04009980,(((AB253432:0.02363113,AB221005:0.03395883):0.02596844,AB254142:0.20444269):0.06661526,(((AB097870:0.06726840,AB097867:0.04507505):0.05947418,(AB097873:0.05024159,AB097866:0.15614281):0.05605186):0.05804704,((AB287367:0.00000001,AB287366:0.00000001):0.07664510,(AB221126:0.00000001,AB221125:0.00000001):0.09558456):0.04864206):0.03299942):0.01768131):0.01326442):0.00000300,((AB428553:0.05553378,AB428552:0.05276804):0.06915727,AB428551:0.06267842):0.07618643):0.07917064,(((AB253431:0.01852116,AB286956:0.00604325):0.00954842,AB286955:0.00000001):0.01512829,AB253430:0.00000001):0.15394710):0.06419969,((AB564745:0.03854372,AB564744:0.04415711):0.09047722,((((((AB097869:0.02761426,AB023804:0.02897820):0.01883668,AB254149:0.09904137):0.03929736,AB254148:0.08678237):0.04243567,((AB097871:0.06408425,((AB485647:0.02041151,AB485646:0.05149257):0.02230529,(AB254151:0.00000001,(AB254150:0.00000001,(AB254153:0.00000001,(AB254152:0.00000001,(AB254154:0.00000001,(AB254145:0.00000001,(AB254143:0.00000001,AB254144:0.00000001):0.00000001):0.00000001):0.00000001):0.00000001):0.00000001):0.00000001):0.08017921):0.01862075):0.02870381,(AB254147:0.00000001,(AB254146:0.00628581,AB254141:0.00000001):0.00000035):0.16442495):0.00000102):0.01703837,(AB286850:0.11601220,AB286849:0.03845975):0.15127013):0.06067850,(((AB286854:0.00000001,AB286853:0.00000001):0.13568356,(((AB286852:0.01246440,AB286851:0.00000063):0.07168758,(AB485661:0.00000001,AB485660:0.00000001):0.05988866):0.00880896,AB485662:0.08705931):0.04822331):0.07426850,(((AB480299:0.01187980,AB480298:0.03829232):0.09229270,(AB485657:0.00000001,AB485656:0.00000001):0.07972449):0.01718959,AB480300:0.08202609):0.09163781):0.02836582):0.07743490):0.01985711):0.03955768,(AB287363:0.10810757,AB287368:0.09808075):0.10623829):0.05232741):0.01352094,(((((((((AB485635:0.00165163,AB485634:0.04407498):0.12907075,AB049811:0.07826573):0.04111956,(AB287377:0.00000001,AB287376:0.00000001):0.11409521):0.06525207,AB286859:0.08247059):0.06638206,((((((AB231895:0.10059477,(AB098331:0.00000001,AB098330:0.00000001):0.09415978):0.01485607,(AB286864:0.04147665,AB286863:0.09925877):0.07334529):0.00679010,((AB286858:0.00784095,AB286857:0.02792441):0.12722837,AB231898:0.09737503):0.09020931):0.01299985,AB286856:0.14557432):0.00000520,((AB287379:0.00000068,AB287378:0.00000001):0.14418624,AB098332:0.10139554):0.06419131):0.04353238,AB253422:0.07269273):0.06009260):0.02369932,(AB703610:0.03622524,AB703612:0.07634694):0.04980078):0.00000106,AB485633:0.24811062):0.00000083,((AB231896:0.07744720,(AB287004:0.00000001,AB287003:0.00000001):0.11212871):0.01439609,AB231897:0.22584570):0.07319004):0.04849973,(AB703613:0.06200839,((AB703609:0.02499487,AB703608:0.07939647):0.02389437,AB703611:0.08465459):0.04497723):0.03926114):0.06215250):0.12737798,(AB485665:0.00667314,AB485664:0.00000001):0.06385412):0.28999875,(AB485669:0.00000032,AB485668:0.00000001):0.26942473):0.20556611,AB485667:0.11624610,AB485666:0.03990162);
 
 
* DT MODEL SELECTION : Selection uncertainty
 
Model             -lnL    K       DT       delta       weight   cumWeight
------------------------------------------------------------------------- 
SYM         7290.96479   304    0.000000   0.000000    1.000000   1.000000 
K80         7337.37048   300    0.073508   0.073508   5.15e-016   1.000000 
JC          7432.60945   299    0.094641   0.094641   4.00e-016   1.000000
-------------------------------------------------------------------------
-lnL:t	negative log likelihod
K:	number of estimated parameters
DT:	decision theory performance-based score
delta:	DT difference
weight:	DT weight* (calculated using 1/DT)
cumWeight:	cumulative DT weight
 
 
* DT MODEL SELECTION : Confidence interval
 
There are 3 models in the 100% confidence interval: [ SYM K80 JC ] 
 
 
* DT MODEL SELECTION : Best Model's command line
 
phyml  -i /tmp/jmodeltest8896206972094388037.phy -d nt -n 1 -b 0 --run_id SYM -m 012345 -f 0.25,0.25,0.25,0.25 -c 1 --no_memory_check -o lr



---------------------------------------------------------------
*                                                             *
*          HIERARCHICAL LIKELIHOO RATIO TESTS (hLRT)          *
*                                                             *
---------------------------------------------------------------

hLRT is only available when likelihoods are calculated on the same tree (i.e., models are nested)
Execute jModelTest using a fixed BIONJ-JC tree or a user-defined topology
 
 
 
---------------------------------------------------------------
*                                                             *
*                    SELECTION SUMMARY                        *
*                                                             *
---------------------------------------------------------------

::Optimized Topologies Summary::

There are 1 different topologies.

Topology Id: 1
	Rank	Weight		 RF	AvgEucl		VarEucl
BIC	  1	100.00%		  0	5.60e-02	1.65e-03
AICc	  1	100.00%		  0	5.07e-02	1.29e-03
DT	  1	100.00%		  0	5.60e-02	1.65e-03
Models supporting:   3
                     JC K80 SYM 

 
 
 
::Best Models::
 
	Model 		f(a) 	f(c) 	f(g) 	f(t) 	kappa 	titv 	Ra	Rb	Rc	Rd	Re	Rf	pInv 	gamma
----------------------------------------------------------------------------------------------------------------------------------------
BIC 	SYM		0.25	0.25	0.25	0.25	0.00	0.00	  2.524   4.256   1.829   1.032   2.925   1.000 N/A	N/A
AICc 	K80		0.25	0.25	0.25	0.25	2.16	1.08	  1.000   2.159   1.000   1.000   2.159   1.000 N/A	N/A
DT 	SYM		0.25	0.25	0.25	0.25	0.00	0.00	  2.524   4.256   1.829   1.032   2.925   1.000 N/A	N/A
 
Program is done.
