-------------------------- jModeltest 2.1.10 v20160303 --------------------------
(c) 2011-onwards D. Darriba, G.L. Taboada, R. Doallo and D. Posada,
(1) Department of Biochemistry, Genetics and Immunology
    University of Vigo, 36310 Vigo, Spain.
(2) Department of Electronics and Systems
    University of A Coruna, 15071 A Coruna, Spain.
e-mail: ddarriba@udc.es, dposada@uvigo.es
--------------------------------------------------------------------------------
 
Tue Apr 24 20:08:41 EDT 2018
Linux 3.10.0-327.3.1.el7.x86_64, arch: amd64, bits: 64, numcores: 28
 
--------------------------------------------------------------------------------
Citation: Darriba D, Taboada GL, Doallo R and Posada D. 2012.
          "jModelTest 2: more models, new heuristics and parallel computing".
          Nature Methods 9(8), 772.
--------------------------------------------------------------------------------
 
jModelTest 2.1.10 v20160303
Copyright (C) 2011 D. Darriba, G.L. Taboada, R. Doallo and D. Posada
This program comes with ABSOLUTELY NO WARRANTY
This is free software, and you are welcome to redistribute it under certain
conditions
 
Notice: This program may contain errors. Please inspect results carefully.
 
 
Arguments = -d fasfiles/HIV_aligned_VIF.fas -t BIONJ -o fasfiles/HIV_aligned_VIF.fas.out -AICc -BIC -DT -s 3 -hLRT

Reading data file "HIV_aligned_VIF.fas"... OK.
  number of sequences: 151
  number of sites: 575
 
 
---------------------------------------------------------------
*                                                             *
*        COMPUTATION OF LIKELIHOOD SCORES WITH PHYML          *
*                                                             *
---------------------------------------------------------------
 
::Settings::
 
 Phyml version = 20130103
 Phyml binary = PhyML_3.0_linux64
 Phyml path = /gpfs/home/cltucker/jModelTest/jmodeltest-2.1.10/exe/phyml/
 Candidate models = 3
   number of substitution schemes = 3
   including only models with equal base frequencies
   including only models without a proportion of invariable sites
   including only models without rate variation among sites
 Optimized free parameters (K) = substitution parameters + 299 branch lengths 
 Base tree for likelihood calculations = BIONJ tree
 
 
 
::Progress::
 
Model 		 Exec. Time 	 Total Time 	 -lnL
-------------------------------------------------------------------------
JC		00h:00:02:03	00h:00:02:03	    7326.1818	 (1/3)
K80		00h:00:03:06	00h:00:03:06	    6913.4224	 (2/3)
SYM		00h:00:03:07	00h:00:03:07	    6884.1773	 (3/3)
 
   Model = JC
   partition = 000000
   -lnL = 7326.1818
   K = 299 
 
   Model = K80
   partition = 010010
   -lnL = 6913.4224
   K = 300
   kappa = 6.6213 (ti/tv = 3.3107) 
 
   Model = SYM
   partition = 012345
   -lnL = 6884.1773
   K = 304
   R(a) [AC] =  4.0109
   R(b) [AG] =  14.8052
   R(c) [AT] =  2.2666
   R(d) [CG] =  1.4102
   R(e) [CT] =  16.0257
   R(f) [GT] =  1.0000 
 
  Best-fit models should be reoptimized for comparison with unconstrained likelihood
 
Computation of likelihood scores completed. It took 00h:00:03:07.
 



---------------------------------------------------------------
*                                                             *
*        CORRECTED AKAIKE INFORMATION CRITERION (AICc)        *
*                                                             *
---------------------------------------------------------------
 
 Sample size: 575.0
 
 Model selected: 
   Model = SYM
   partition = 012345
   -lnL = 6884.1773
   K = 304
   R(a) [AC] =  4.0109
   R(b) [AG] =  14.8052
   R(c) [AT] =  2.2666
   R(d) [CG] =  1.4102
   R(e) [CT] =  16.0257
   R(f) [GT] =  1.0000 
 
Tree for the best AICc model = ((((((((((((((((((((((((AB253717:0.00000001,(AB253721:0.00000001,(AB253720:0.00000001,(AB253718:0.00000001,(AB253724:0.00000001,(AB253723:0.00173219,AB253719:0.00000001):0.00000009):0.00000009):0.00000008):0.00000009):0.00000006):0.00000006,AB253725:0.00000001):0.00173266,AB253722:0.00000010):0.00522398,AB253681:0.00347049):0.00000008,(AB253686:0.00000001,(AB253423:0.00173646,AB253682:0.00000001):0.00000012):0.00000009):0.00173356,(AB253716:0.00347700,AB253715:0.00173129):0.00347936):0.00000012,AB253690:0.00000011):0.00173480,((AB253696:0.00347049,AB253692:0.00000009):0.00173356,AB253700:0.00000009):0.00173482):0.00522542,AB032741:0.01225043):0.00000025,(((AB253667:0.00173485,((AB253639:0.00000001,(AB253636:0.00000001,AB253635:0.00000001):0.00000001):0.00347046,((AB253655:0.00000001,(AB253652:0.00000001,(AB253658:0.00000001,(AB253657:0.00000001,(AB253648:0.00000001,(AB253653:0.00000001,(AB253656:0.00000001,AB253654:0.00000001):0.00000001):0.00000001):0.00000001):0.00000001):0.00000001):0.00000001):0.00348980,(AB253680:0.00000001,(AB253679:0.00000001,(AB253669:0.00000001,AB253670:0.00000001):0.00000001):0.00000001):0.00349534):0.00522179):0.00000029):0.00173593,AB253638:0.00523690):0.00172510,AB253637:0.00698804):0.00523534):0.00000008,(AB253427:0.00173408,AB253426:0.00173396):0.01224094):0.00000010,((AB253425:0.00000001,AB253424:0.00000001):0.00347090,(AB220946:0.00173245,AB220948:0.00347821):0.00000011):0.00000009):0.00000009,AB220947:0.01049349):0.00173341,(((AB485653:0.00173337,AB485652:0.00000009):0.00522360,AB097867:0.00173655):0.00173546,AB097872:0.00521139):0.00000008):0.00000024,(AB547464:0.00396316,AB547463:0.00530089):0.01002001):0.00475544,AB032740:0.01098280):0.01407303,(((((AB287377:0.00000001,AB287376:0.00000001):0.00787354,(AB287379:0.00000001,AB287378:0.00000001):0.02588907):0.00701851,AB253422:0.01857643):0.00597532,(AB098332:0.02133545,(((((AB703613:0.01594276,AB703610:0.00346022):0.00525478,AB703609:0.01580580):0.00000011,AB703608:0.01580503):0.00000017,AB703612:0.01580142):0.00161309,AB703611:0.01421534):0.01243412):0.00179104):0.00173094,(AB098331:0.01229232,AB098330:0.00344586):0.01252895):0.00231005):0.00657856,((AB286852:0.00000001,AB286851:0.00000001):0.01487414,(AB485661:0.00000001,AB485660:0.00000001):0.01154214):0.01192926):0.00641806,((((((AB485635:0.00000011,AB485634:0.00173405):0.01426182,(((((AB049811:0.01430205,AB231898:0.01946012):0.00333834,(AB286858:0.00000008,AB286857:0.00522269):0.00353490):0.00000012,((AB286859:0.00000001,AB231895:0.00173431):0.01412158,AB485633:0.00880683):0.00336486):0.00000008,AB231896:0.03591632):0.00000014,AB286856:0.01394676):0.00159260):0.00199925,((AB287004:0.00000001,AB287003:0.00000001):0.02100196,AB485662:0.02183362):0.01786142):0.00000025,(AB286864:0.00173752,AB286863:0.00173688):0.01717858):0.00000037,(AB286854:0.00000001,AB286853:0.00173035):0.02699504):0.02115593,AB231897:0.03429052):0.01361830):0.00850453,(((((AB485651:0.00000001,AB485650:0.00000001):0.01209543,AB485648:0.01621915):0.00574501,(((((((((A07867:0.00000001,A04321:0.00000001):0.00872504,(AB253432:0.00000001,AB221005:0.00000001):0.01574990):0.00000008,AB287363:0.01757096):0.00000014,(AB097870:0.02126484,AB097873:0.00784296):0.01871338):0.00000012,(AB564745:0.00000009,AB564744:0.00696500):0.01222938):0.00421038,((((AB286956:0.00000001,AB286955:0.00000001):0.01268852,(AB287365:0.00000001,AB287364:0.00000001):0.02832691):0.01797166,((AB428553:0.00349899,(AB287367:0.00000001,AB287366:0.00000001):0.00522384):0.00395189,(AB428551:0.00828143,AB428552:0.00921757):0.00000022):0.01217314):0.00459195,(AB221126:0.00000001,AB221125:0.00000001):0.03611758):0.00000023):0.00371143,AB287369:0.02746042):0.00211970,(AB289587:0.01708168,AB287368:0.02039353):0.00607534):0.00507802,AB097869:0.04145364):0.01244615):0.01953193,((AB253431:0.00666073,AB253430:0.00729661):0.03529866,(((AB480299:0.00000001,AB480298:0.00000001):0.01497441,(AB485657:0.00000010,AB485656:0.00173152):0.01325943):0.00781549,AB480300:0.01196819):0.01609246):0.01284156):0.00617406,(AB485665:0.00000001,AB485664:0.00000001):0.02650339):0.00587160):0.01055099,AB097866:0.02113204):0.01630661,(((((((AB097871:0.00639608,(((AB485647:0.00000011,AB485646:0.00173318):0.01460458,AB254148:0.02590861):0.00630665,((((AB254147:0.00000001,AB254144:0.00000001):0.00173626,AB254143:0.00000001):0.00000011,AB254145:0.00000001):0.00173645,(AB254146:0.00000001,(AB254151:0.00000001,(AB254150:0.00000001,(AB254153:0.00000001,(AB254152:0.00000001,AB254154:0.00000001):0.00000001):0.00000001):0.00000001):0.00000001):0.00174044):0.01800438):0.00241866):0.00000030,AB023804:0.00943963):0.00000010,AB097868:0.01340020):0.00570267,AB254141:0.01601780):0.00168291,AB254149:0.01595811):0.00262280,AB254142:0.04224856):0.00000011,(AB286850:0.00000059,AB286849:0.00521264):0.03466480):0.00099997):0.14427780,(AB485667:0.00200052,AB485666:0.00320151):0.02951427):0.03740270,AB485669:0.00000001,AB485668:0.00173052);
 
 
* AICc MODEL SELECTION : Selection uncertainty
 
Model             -lnL    K     AICc       delta       weight   cumWeight
------------------------------------------------------------------------- 
SYM         6884.17734   304  15063.169495   0.000000    0.999989   0.999989 
K80         6913.42244   300  15085.968968  22.799473   1.12e-005   1.000000 
JC          7326.18182   299  15902.727276  839.557782   4.92e-183   1.000000
-------------------------------------------------------------------------
-lnL:	negative log likelihod
 K:	number of estimated parameters
 AICc:	Corrected Akaike Information Criterion
 delta:	AICc difference
 weight:	AICc weight
 cumWeight:	cumulative AICc weight
 
 
* AICc MODEL SELECTION : Confidence interval
 
There are 3 models in the 100% confidence interval: [ SYM K80 JC ] 
 
 
* AICc MODEL SELECTION : Best Model's command line
 
phyml  -i /tmp/jmodeltest5712381723261311310.phy -d nt -n 1 -b 0 --run_id SYM -m 012345 -f 0.25,0.25,0.25,0.25 -c 1 --no_memory_check -o lr



---------------------------------------------------------------
*                                                             *
*             BAYESIAN INFORMATION CRITERION (BIC)            *
*                                                             *
---------------------------------------------------------------
 
 Sample size: 575.0
 
 Model selected: 
   Model = SYM
   partition = 012345
   -lnL = 6884.1773
   K = 304
   R(a) [AC] =  4.0109
   R(b) [AG] =  14.8052
   R(c) [AT] =  2.2666
   R(d) [CG] =  1.4102
   R(e) [CT] =  16.0257
   R(f) [GT] =  1.0000 
 
Tree for the best BIC model = ((((((((((((((((((((((((AB253717:0.00000001,(AB253721:0.00000001,(AB253720:0.00000001,(AB253718:0.00000001,(AB253724:0.00000001,(AB253723:0.00173219,AB253719:0.00000001):0.00000009):0.00000009):0.00000008):0.00000009):0.00000006):0.00000006,AB253725:0.00000001):0.00173266,AB253722:0.00000010):0.00522398,AB253681:0.00347049):0.00000008,(AB253686:0.00000001,(AB253423:0.00173646,AB253682:0.00000001):0.00000012):0.00000009):0.00173356,(AB253716:0.00347700,AB253715:0.00173129):0.00347936):0.00000012,AB253690:0.00000011):0.00173480,((AB253696:0.00347049,AB253692:0.00000009):0.00173356,AB253700:0.00000009):0.00173482):0.00522542,AB032741:0.01225043):0.00000025,(((AB253667:0.00173485,((AB253639:0.00000001,(AB253636:0.00000001,AB253635:0.00000001):0.00000001):0.00347046,((AB253655:0.00000001,(AB253652:0.00000001,(AB253658:0.00000001,(AB253657:0.00000001,(AB253648:0.00000001,(AB253653:0.00000001,(AB253656:0.00000001,AB253654:0.00000001):0.00000001):0.00000001):0.00000001):0.00000001):0.00000001):0.00000001):0.00348980,(AB253680:0.00000001,(AB253679:0.00000001,(AB253669:0.00000001,AB253670:0.00000001):0.00000001):0.00000001):0.00349534):0.00522179):0.00000029):0.00173593,AB253638:0.00523690):0.00172510,AB253637:0.00698804):0.00523534):0.00000008,(AB253427:0.00173408,AB253426:0.00173396):0.01224094):0.00000010,((AB253425:0.00000001,AB253424:0.00000001):0.00347090,(AB220946:0.00173245,AB220948:0.00347821):0.00000011):0.00000009):0.00000009,AB220947:0.01049349):0.00173341,(((AB485653:0.00173337,AB485652:0.00000009):0.00522360,AB097867:0.00173655):0.00173546,AB097872:0.00521139):0.00000008):0.00000024,(AB547464:0.00396316,AB547463:0.00530089):0.01002001):0.00475544,AB032740:0.01098280):0.01407303,(((((AB287377:0.00000001,AB287376:0.00000001):0.00787354,(AB287379:0.00000001,AB287378:0.00000001):0.02588907):0.00701851,AB253422:0.01857643):0.00597532,(AB098332:0.02133545,(((((AB703613:0.01594276,AB703610:0.00346022):0.00525478,AB703609:0.01580580):0.00000011,AB703608:0.01580503):0.00000017,AB703612:0.01580142):0.00161309,AB703611:0.01421534):0.01243412):0.00179104):0.00173094,(AB098331:0.01229232,AB098330:0.00344586):0.01252895):0.00231005):0.00657856,((AB286852:0.00000001,AB286851:0.00000001):0.01487414,(AB485661:0.00000001,AB485660:0.00000001):0.01154214):0.01192926):0.00641806,((((((AB485635:0.00000011,AB485634:0.00173405):0.01426182,(((((AB049811:0.01430205,AB231898:0.01946012):0.00333834,(AB286858:0.00000008,AB286857:0.00522269):0.00353490):0.00000012,((AB286859:0.00000001,AB231895:0.00173431):0.01412158,AB485633:0.00880683):0.00336486):0.00000008,AB231896:0.03591632):0.00000014,AB286856:0.01394676):0.00159260):0.00199925,((AB287004:0.00000001,AB287003:0.00000001):0.02100196,AB485662:0.02183362):0.01786142):0.00000025,(AB286864:0.00173752,AB286863:0.00173688):0.01717858):0.00000037,(AB286854:0.00000001,AB286853:0.00173035):0.02699504):0.02115593,AB231897:0.03429052):0.01361830):0.00850453,(((((AB485651:0.00000001,AB485650:0.00000001):0.01209543,AB485648:0.01621915):0.00574501,(((((((((A07867:0.00000001,A04321:0.00000001):0.00872504,(AB253432:0.00000001,AB221005:0.00000001):0.01574990):0.00000008,AB287363:0.01757096):0.00000014,(AB097870:0.02126484,AB097873:0.00784296):0.01871338):0.00000012,(AB564745:0.00000009,AB564744:0.00696500):0.01222938):0.00421038,((((AB286956:0.00000001,AB286955:0.00000001):0.01268852,(AB287365:0.00000001,AB287364:0.00000001):0.02832691):0.01797166,((AB428553:0.00349899,(AB287367:0.00000001,AB287366:0.00000001):0.00522384):0.00395189,(AB428551:0.00828143,AB428552:0.00921757):0.00000022):0.01217314):0.00459195,(AB221126:0.00000001,AB221125:0.00000001):0.03611758):0.00000023):0.00371143,AB287369:0.02746042):0.00211970,(AB289587:0.01708168,AB287368:0.02039353):0.00607534):0.00507802,AB097869:0.04145364):0.01244615):0.01953193,((AB253431:0.00666073,AB253430:0.00729661):0.03529866,(((AB480299:0.00000001,AB480298:0.00000001):0.01497441,(AB485657:0.00000010,AB485656:0.00173152):0.01325943):0.00781549,AB480300:0.01196819):0.01609246):0.01284156):0.00617406,(AB485665:0.00000001,AB485664:0.00000001):0.02650339):0.00587160):0.01055099,AB097866:0.02113204):0.01630661,(((((((AB097871:0.00639608,(((AB485647:0.00000011,AB485646:0.00173318):0.01460458,AB254148:0.02590861):0.00630665,((((AB254147:0.00000001,AB254144:0.00000001):0.00173626,AB254143:0.00000001):0.00000011,AB254145:0.00000001):0.00173645,(AB254146:0.00000001,(AB254151:0.00000001,(AB254150:0.00000001,(AB254153:0.00000001,(AB254152:0.00000001,AB254154:0.00000001):0.00000001):0.00000001):0.00000001):0.00000001):0.00174044):0.01800438):0.00241866):0.00000030,AB023804:0.00943963):0.00000010,AB097868:0.01340020):0.00570267,AB254141:0.01601780):0.00168291,AB254149:0.01595811):0.00262280,AB254142:0.04224856):0.00000011,(AB286850:0.00000059,AB286849:0.00521264):0.03466480):0.00099997):0.14427780,(AB485667:0.00200052,AB485666:0.00320151):0.02951427):0.03740270,AB485669:0.00000001,AB485668:0.00173052);
 
 
* BIC MODEL SELECTION : Selection uncertainty
 
Model             -lnL    K      BIC       delta       weight   cumWeight
------------------------------------------------------------------------- 
SYM         6884.17734   304  15700.083172   0.000000    1.000000   1.000000 
K80         6913.42244   300  15733.155892  33.072720   6.58e-008   1.000000 
JC          7326.18182   299  16552.320282  852.237110   8.69e-186   1.000000
-------------------------------------------------------------------------
-lnL:	negative log likelihod
K:	number of estimated parameters
BIC:	Bayesian Information Criterion
delta:	BIC difference
weight:	BIC weight
cumWeight:	cumulative BIC weight
 
 
* BIC MODEL SELECTION : Confidence interval
 
There are 3 models in the 100% confidence interval: [ SYM K80 JC ] 
 
 
* BIC MODEL SELECTION : Best Model's command line
 
phyml  -i /tmp/jmodeltest5712381723261311310.phy -d nt -n 1 -b 0 --run_id SYM -m 012345 -f 0.25,0.25,0.25,0.25 -c 1 --no_memory_check -o lr



---------------------------------------------------------------
*                                                             *
*      DECISION THEORY PERFORMANCE-BASED SELECTION (DT)       *
*                                                             *
---------------------------------------------------------------
 
 Sample size: 575.0
 
 Model selected: 
   Model = SYM
   partition = 012345
   -lnL = 6884.1773
   K = 304
   R(a) [AC] =  4.0109
   R(b) [AG] =  14.8052
   R(c) [AT] =  2.2666
   R(d) [CG] =  1.4102
   R(e) [CT] =  16.0257
   R(f) [GT] =  1.0000 
 
Tree for the best DT model = ((((((((((((((((((((((((AB253717:0.00000001,(AB253721:0.00000001,(AB253720:0.00000001,(AB253718:0.00000001,(AB253724:0.00000001,(AB253723:0.00173219,AB253719:0.00000001):0.00000009):0.00000009):0.00000008):0.00000009):0.00000006):0.00000006,AB253725:0.00000001):0.00173266,AB253722:0.00000010):0.00522398,AB253681:0.00347049):0.00000008,(AB253686:0.00000001,(AB253423:0.00173646,AB253682:0.00000001):0.00000012):0.00000009):0.00173356,(AB253716:0.00347700,AB253715:0.00173129):0.00347936):0.00000012,AB253690:0.00000011):0.00173480,((AB253696:0.00347049,AB253692:0.00000009):0.00173356,AB253700:0.00000009):0.00173482):0.00522542,AB032741:0.01225043):0.00000025,(((AB253667:0.00173485,((AB253639:0.00000001,(AB253636:0.00000001,AB253635:0.00000001):0.00000001):0.00347046,((AB253655:0.00000001,(AB253652:0.00000001,(AB253658:0.00000001,(AB253657:0.00000001,(AB253648:0.00000001,(AB253653:0.00000001,(AB253656:0.00000001,AB253654:0.00000001):0.00000001):0.00000001):0.00000001):0.00000001):0.00000001):0.00000001):0.00348980,(AB253680:0.00000001,(AB253679:0.00000001,(AB253669:0.00000001,AB253670:0.00000001):0.00000001):0.00000001):0.00349534):0.00522179):0.00000029):0.00173593,AB253638:0.00523690):0.00172510,AB253637:0.00698804):0.00523534):0.00000008,(AB253427:0.00173408,AB253426:0.00173396):0.01224094):0.00000010,((AB253425:0.00000001,AB253424:0.00000001):0.00347090,(AB220946:0.00173245,AB220948:0.00347821):0.00000011):0.00000009):0.00000009,AB220947:0.01049349):0.00173341,(((AB485653:0.00173337,AB485652:0.00000009):0.00522360,AB097867:0.00173655):0.00173546,AB097872:0.00521139):0.00000008):0.00000024,(AB547464:0.00396316,AB547463:0.00530089):0.01002001):0.00475544,AB032740:0.01098280):0.01407303,(((((AB287377:0.00000001,AB287376:0.00000001):0.00787354,(AB287379:0.00000001,AB287378:0.00000001):0.02588907):0.00701851,AB253422:0.01857643):0.00597532,(AB098332:0.02133545,(((((AB703613:0.01594276,AB703610:0.00346022):0.00525478,AB703609:0.01580580):0.00000011,AB703608:0.01580503):0.00000017,AB703612:0.01580142):0.00161309,AB703611:0.01421534):0.01243412):0.00179104):0.00173094,(AB098331:0.01229232,AB098330:0.00344586):0.01252895):0.00231005):0.00657856,((AB286852:0.00000001,AB286851:0.00000001):0.01487414,(AB485661:0.00000001,AB485660:0.00000001):0.01154214):0.01192926):0.00641806,((((((AB485635:0.00000011,AB485634:0.00173405):0.01426182,(((((AB049811:0.01430205,AB231898:0.01946012):0.00333834,(AB286858:0.00000008,AB286857:0.00522269):0.00353490):0.00000012,((AB286859:0.00000001,AB231895:0.00173431):0.01412158,AB485633:0.00880683):0.00336486):0.00000008,AB231896:0.03591632):0.00000014,AB286856:0.01394676):0.00159260):0.00199925,((AB287004:0.00000001,AB287003:0.00000001):0.02100196,AB485662:0.02183362):0.01786142):0.00000025,(AB286864:0.00173752,AB286863:0.00173688):0.01717858):0.00000037,(AB286854:0.00000001,AB286853:0.00173035):0.02699504):0.02115593,AB231897:0.03429052):0.01361830):0.00850453,(((((AB485651:0.00000001,AB485650:0.00000001):0.01209543,AB485648:0.01621915):0.00574501,(((((((((A07867:0.00000001,A04321:0.00000001):0.00872504,(AB253432:0.00000001,AB221005:0.00000001):0.01574990):0.00000008,AB287363:0.01757096):0.00000014,(AB097870:0.02126484,AB097873:0.00784296):0.01871338):0.00000012,(AB564745:0.00000009,AB564744:0.00696500):0.01222938):0.00421038,((((AB286956:0.00000001,AB286955:0.00000001):0.01268852,(AB287365:0.00000001,AB287364:0.00000001):0.02832691):0.01797166,((AB428553:0.00349899,(AB287367:0.00000001,AB287366:0.00000001):0.00522384):0.00395189,(AB428551:0.00828143,AB428552:0.00921757):0.00000022):0.01217314):0.00459195,(AB221126:0.00000001,AB221125:0.00000001):0.03611758):0.00000023):0.00371143,AB287369:0.02746042):0.00211970,(AB289587:0.01708168,AB287368:0.02039353):0.00607534):0.00507802,AB097869:0.04145364):0.01244615):0.01953193,((AB253431:0.00666073,AB253430:0.00729661):0.03529866,(((AB480299:0.00000001,AB480298:0.00000001):0.01497441,(AB485657:0.00000010,AB485656:0.00173152):0.01325943):0.00781549,AB480300:0.01196819):0.01609246):0.01284156):0.00617406,(AB485665:0.00000001,AB485664:0.00000001):0.02650339):0.00587160):0.01055099,AB097866:0.02113204):0.01630661,(((((((AB097871:0.00639608,(((AB485647:0.00000011,AB485646:0.00173318):0.01460458,AB254148:0.02590861):0.00630665,((((AB254147:0.00000001,AB254144:0.00000001):0.00173626,AB254143:0.00000001):0.00000011,AB254145:0.00000001):0.00173645,(AB254146:0.00000001,(AB254151:0.00000001,(AB254150:0.00000001,(AB254153:0.00000001,(AB254152:0.00000001,AB254154:0.00000001):0.00000001):0.00000001):0.00000001):0.00000001):0.00174044):0.01800438):0.00241866):0.00000030,AB023804:0.00943963):0.00000010,AB097868:0.01340020):0.00570267,AB254141:0.01601780):0.00168291,AB254149:0.01595811):0.00262280,AB254142:0.04224856):0.00000011,(AB286850:0.00000059,AB286849:0.00521264):0.03466480):0.00099997):0.14427780,(AB485667:0.00200052,AB485666:0.00320151):0.02951427):0.03740270,AB485669:0.00000001,AB485668:0.00173052);
 
 
* DT MODEL SELECTION : Selection uncertainty
 
Model             -lnL    K       DT       delta       weight   cumWeight
------------------------------------------------------------------------- 
SYM         6884.17734   304    0.000000   0.000000    1.000000   1.000000 
K80         6913.42244   300    0.003555   0.003555   6.58e-008   1.000000 
JC          7326.18182   299    0.013874   0.013874   1.69e-008   1.000000
-------------------------------------------------------------------------
-lnL:t	negative log likelihod
K:	number of estimated parameters
DT:	decision theory performance-based score
delta:	DT difference
weight:	DT weight* (calculated using 1/DT)
cumWeight:	cumulative DT weight
 
 
* DT MODEL SELECTION : Confidence interval
 
There are 3 models in the 100% confidence interval: [ SYM K80 JC ] 
 
 
* DT MODEL SELECTION : Best Model's command line
 
phyml  -i /tmp/jmodeltest5712381723261311310.phy -d nt -n 1 -b 0 --run_id SYM -m 012345 -f 0.25,0.25,0.25,0.25 -c 1 --no_memory_check -o lr



---------------------------------------------------------------
*                                                             *
*          HIERARCHICAL LIKELIHOO RATIO TESTS (hLRT)          *
*                                                             *
---------------------------------------------------------------

hLRT is only available when likelihoods are calculated on the same tree (i.e., models are nested)
Execute jModelTest using a fixed BIONJ-JC tree or a user-defined topology
 
 
 
---------------------------------------------------------------
*                                                             *
*                    SELECTION SUMMARY                        *
*                                                             *
---------------------------------------------------------------

::Optimized Topologies Summary::

There are 1 different topologies.

Topology Id: 1
	Rank	Weight		 RF	AvgEucl		VarEucl
BIC	  1	100.00%		  0	5.81e-03	3.46e-05
AICc	  1	100.00%		  0	5.81e-03	3.46e-05
DT	  1	100.00%		  0	5.81e-03	3.46e-05
Models supporting:   3
                     JC K80 SYM 

 
 
 
::Best Models::
 
	Model 		f(a) 	f(c) 	f(g) 	f(t) 	kappa 	titv 	Ra	Rb	Rc	Rd	Re	Rf	pInv 	gamma
----------------------------------------------------------------------------------------------------------------------------------------
BIC 	SYM		0.25	0.25	0.25	0.25	0.00	0.00	  4.011  14.805   2.267   1.410  16.026   1.000 N/A	N/A
AICc 	SYM		0.25	0.25	0.25	0.25	0.00	0.00	  4.011  14.805   2.267   1.410  16.026   1.000 N/A	N/A
DT 	SYM		0.25	0.25	0.25	0.25	0.00	0.00	  4.011  14.805   2.267   1.410  16.026   1.000 N/A	N/A
 
Program is done.
