-------------------------- jModeltest 2.1.10 v20160303 --------------------------
(c) 2011-onwards D. Darriba, G.L. Taboada, R. Doallo and D. Posada,
(1) Department of Biochemistry, Genetics and Immunology
    University of Vigo, 36310 Vigo, Spain.
(2) Department of Electronics and Systems
    University of A Coruna, 15071 A Coruna, Spain.
e-mail: ddarriba@udc.es, dposada@uvigo.es
--------------------------------------------------------------------------------
 
Tue Apr 24 20:08:24 EDT 2018
Linux 3.10.0-327.3.1.el7.x86_64, arch: amd64, bits: 64, numcores: 28
 
--------------------------------------------------------------------------------
Citation: Darriba D, Taboada GL, Doallo R and Posada D. 2012.
          "jModelTest 2: more models, new heuristics and parallel computing".
          Nature Methods 9(8), 772.
--------------------------------------------------------------------------------
 
jModelTest 2.1.10 v20160303
Copyright (C) 2011 D. Darriba, G.L. Taboada, R. Doallo and D. Posada
This program comes with ABSOLUTELY NO WARRANTY
This is free software, and you are welcome to redistribute it under certain
conditions
 
Notice: This program may contain errors. Please inspect results carefully.
 
 
Arguments = -d fasfiles/HIV_aligned_REV1.fas -t BIONJ -o fasfiles/HIV_aligned_REV1.fas.out -AICc -BIC -DT -s 3 -hLRT

Reading data file "HIV_aligned_REV1.fas"... OK.
  number of sequences: 151
  number of sites: 75
 
 
---------------------------------------------------------------
*                                                             *
*        COMPUTATION OF LIKELIHOOD SCORES WITH PHYML          *
*                                                             *
---------------------------------------------------------------
 
::Settings::
 
 Phyml version = 20130103
 Phyml binary = PhyML_3.0_linux64
 Phyml path = /gpfs/home/cltucker/jModelTest/jmodeltest-2.1.10/exe/phyml/
 Candidate models = 3
   number of substitution schemes = 3
   including only models with equal base frequencies
   including only models without a proportion of invariable sites
   including only models without rate variation among sites
 Optimized free parameters (K) = substitution parameters + 299 branch lengths 
 Base tree for likelihood calculations = BIONJ tree
 
 
 
::Progress::
 
Model 		 Exec. Time 	 Total Time 	 -lnL
-------------------------------------------------------------------------
JC		00h:00:01:00	00h:00:01:00	    1285.5420	 (1/3)
K80		00h:00:01:04	00h:00:01:04	    1240.5538	 (2/3)
SYM		00h:00:01:07	00h:00:01:07	    1222.3001	 (3/3)
 
   Model = JC
   partition = 000000
   -lnL = 1285.5420
   K = 299 
 
   Model = K80
   partition = 010010
   -lnL = 1240.5538
   K = 300
   kappa = 3.7864 (ti/tv = 1.8932) 
 
   Model = SYM
   partition = 012345
   -lnL = 1222.3001
   K = 304
   R(a) [AC] =  2.4027
   R(b) [AG] =  4.3941
   R(c) [AT] =  0.7181
   R(d) [CG] =  0.1502
   R(e) [CT] =  4.1753
   R(f) [GT] =  1.0000 
 
  Best-fit models should be reoptimized for comparison with unconstrained likelihood
 
Computation of likelihood scores completed. It took 00h:00:01:07.
 



---------------------------------------------------------------
*                                                             *
*        CORRECTED AKAIKE INFORMATION CRITERION (AICc)        *
*                                                             *
---------------------------------------------------------------
 
 Sample size: 75.0
 
 Model selected: 
   Model = SYM
   partition = 012345
   -lnL = 1222.3001
   K = 304
   R(a) [AC] =  2.4027
   R(b) [AG] =  4.3941
   R(c) [AT] =  0.7181
   R(d) [CG] =  0.1502
   R(e) [CT] =  4.1753
   R(f) [GT] =  1.0000 
 
Tree for the best AICc model = ((((((((((((AB253692:0.00000001,(AB253700:0.00000001,(AB253681:0.00000001,(AB253686:0.00000001,(AB253423:0.00000001,(AB253690:0.00000001,(AB253682:0.00000001,(AB253722:0.00000001,(AB253725:0.00000001,(AB253717:0.00000001,(AB253721:0.00000001,(AB253720:0.00000001,(AB253718:0.00000001,(AB253724:0.00000001,(AB253723:0.00000001,AB253719:0.00000001):0.00000001):0.00000001):0.00000001):0.00000001):0.00000001):0.00000001):0.00000001):0.00000001):0.00000001):0.00000001):0.00000001):0.00000001):0.00000001):0.00000001):0.00000001,AB253696:0.00000001):0.00000156,((AB253716:0.00000001,AB253715:0.00000001):0.00000160,(AB253667:0.00000001,(((((((((((((AB253638:0.00000001,AB253637:0.00000001):0.02756177,AB253654:0.00000001):0.00000197,(AB253680:0.00000001,(AB253679:0.00000001,(AB253669:0.00000001,AB253670:0.00000001):0.00000001):0.00000001):0.01370878):0.00000177,AB253656:0.00000001):0.00000147,AB253653:0.00000001):0.00000198,AB253648:0.00000001):0.00000164,AB253657:0.00000001):0.00000085,AB253658:0.00000001):0.00000184,AB253652:0.00000001):0.00000153,AB253655:0.00000001):0.00000206,AB253635:0.00000001):0.00000106,AB253636:0.00000001):0.00000055,AB253639:0.00000001):0.00000028):0.01370879):0.01367236):0.01365064,(((((((((AB253425:0.00000001,AB253424:0.00000001):0.01365128,AB097867:0.01361192):0.00000163,AB220948:0.01359244):0.00000146,(AB032740:0.00000001,AB097872:0.02756810):0.00000151):0.00000082,AB220946:0.01363590):0.00000153,(AB032741:0.00000001,(((AB253427:0.00000001,AB253426:0.00000001):0.01362543,AB547463:0.01362543):0.00000179,AB547464:0.00000001):0.01361193):0.00000082):0.00000083,AB220947:0.00000001):0.00000146,AB485652:0.00000001):0.00000201,AB485653:0.00000001):0.00000168):0.04170369,(AB287377:0.00000001,AB287376:0.00000001):0.08575654):0.03158346,(((((((AB485651:0.00000001,AB485650:0.00000001):0.05586473,AB480300:0.00000198):0.01373856,(AB480299:0.00000001,AB480298:0.00000001):0.02786025):0.01376090,(AB485657:0.00000001,AB485656:0.00000001):0.00000148):0.04184538,((((((AB485648:0.05659671,((AB253431:0.00000001,AB253430:0.00000001):0.00000185,(((AB097870:0.01382078,AB097873:0.02826271):0.01381316,(AB221126:0.00000001,AB221125:0.00000001):0.02837345):0.00000159,((AB428553:0.00000095,AB428552:0.02798957):0.03420788,(AB428551:0.02152007,(AB287367:0.00000001,AB287366:0.00000001):0.03427641):0.00000200):0.06561541):0.01377339):0.00000184):0.01397284,(((AB253432:0.00000001,AB221005:0.00000001):0.01574060,AB287369:0.04096509):0.01381735,AB097869:0.03912269):0.01496970):0.00000200,AB287368:0.03025938):0.00000172,((AB286956:0.00000001,AB286955:0.00000001):0.02776597,(AB287365:0.00000001,AB287364:0.00000001):0.05761153):0.01566316):0.00652637,(((A07867:0.00000001,A04321:0.00000001):0.00000173,AB287363:0.04180633):0.00000080,(AB564745:0.00000191,AB564744:0.01386752):0.04273152):0.02053996):0.00000188,AB289587:0.06287654):0.01962752):0.00000167,((((((((AB097866:0.01353628,AB254141:0.02761970):0.01309587,AB254149:0.04181080):0.00000092,(AB097871:0.01312208,AB023804:0.00000166):0.01332277):0.01298331,(((AB485647:0.00000001,AB485646:0.00000001):0.00000885,AB097868:0.01324969):0.01316269,AB254148:0.00000001):0.00000187):0.00000089,AB254142:0.04195588):0.00000106,(AB286850:0.00000001,AB286849:0.00000001):0.01374410):0.00000195,((AB254147:0.00000001,(AB254145:0.00000001,(AB254143:0.00000001,AB254144:0.00000001):0.00000001):0.00000001):0.00000194,(AB254146:0.00000001,(AB254151:0.00000001,(AB254150:0.00000001,(AB254153:0.00000001,(AB254152:0.00000001,AB254154:0.00000001):0.00000001):0.00000001):0.00000001):0.00000001):0.01378942):0.02780732):0.05454015,(((AB286852:0.00000001,AB286851:0.00000001):0.04099311,(AB485665:0.00000001,AB485664:0.00000001):0.01444250):0.00000092,(AB485661:0.00000001,AB485660:0.00000001):0.08844243):0.01444464):0.02713117):0.04338415,((AB253422:0.04057288,((((AB703613:0.07163802,AB703611:0.01343430):0.01411161,AB703612:0.00000001):0.00000164,(AB703610:0.00000001,AB703609:0.01366113):0.01366113):0.00000196,AB703608:0.00000001):0.01555219):0.01347436,(((AB287379:0.00000001,AB287378:0.00000001):0.00000179,(AB098331:0.00000001,AB098330:0.00000001):0.01359358):0.02801073,AB098332:0.00000484):0.02609858):0.00000095):0.00000199):0.02923312,AB485633:0.01377981):0.00000080,(((AB049811:0.07423057,AB231897:0.01383151):0.01376950,((((AB286858:0.00000001,AB286857:0.00000001):0.04322921,AB286863:0.01374284):0.00000171,AB286864:0.00000001):0.01377975,AB231898:0.05670661):0.00000084):0.00000170,(((AB231896:0.05881979,(AB287004:0.00000001,AB287003:0.00000001):0.01322404):0.02885588,AB485662:0.01358935):0.01411719,(AB286856:0.04370094,(AB286854:0.00000001,AB286853:0.00000001):0.01379542):0.01375821):0.00000548):0.00000150):0.02863568,(AB485635:0.00000001,AB485634:0.00000001):0.04270679):0.02635702,(AB286859:0.00000001,AB231895:0.00000001):0.03342381):0.28489889,(AB485667:0.00000001,AB485666:0.00000001):0.03557673):0.19830175,AB485669:0.00000001,AB485668:0.00000001);
 
 
* AICc MODEL SELECTION : Selection uncertainty
 
Model             -lnL    K     AICc       delta       weight   cumWeight
------------------------------------------------------------------------- 
SYM         1222.30009   304  2246.339310   0.000000    1.000000   1.000000 
K80         1240.55375   300  2281.992456  35.653145   1.81e-008   1.000000 
JC          1285.54203   299  2371.750727  125.411416   5.85e-028   1.000000
-------------------------------------------------------------------------
-lnL:	negative log likelihod
 K:	number of estimated parameters
 AICc:	Corrected Akaike Information Criterion
 delta:	AICc difference
 weight:	AICc weight
 cumWeight:	cumulative AICc weight
 
 
* AICc MODEL SELECTION : Confidence interval
 
There are 3 models in the 100% confidence interval: [ SYM K80 JC ] 
 
 
* AICc MODEL SELECTION : Best Model's command line
 
phyml  -i /tmp/jmodeltest450551122038217753.phy -d nt -n 1 -b 0 --run_id SYM -m 012345 -f 0.25,0.25,0.25,0.25 -c 1 --no_memory_check -o lr



---------------------------------------------------------------
*                                                             *
*             BAYESIAN INFORMATION CRITERION (BIC)            *
*                                                             *
---------------------------------------------------------------
 
 Sample size: 75.0
 
 Model selected: 
   Model = SYM
   partition = 012345
   -lnL = 1222.3001
   K = 304
   R(a) [AC] =  2.4027
   R(b) [AG] =  4.3941
   R(c) [AT] =  0.7181
   R(d) [CG] =  0.1502
   R(e) [CT] =  4.1753
   R(f) [GT] =  1.0000 
 
Tree for the best BIC model = ((((((((((((AB253692:0.00000001,(AB253700:0.00000001,(AB253681:0.00000001,(AB253686:0.00000001,(AB253423:0.00000001,(AB253690:0.00000001,(AB253682:0.00000001,(AB253722:0.00000001,(AB253725:0.00000001,(AB253717:0.00000001,(AB253721:0.00000001,(AB253720:0.00000001,(AB253718:0.00000001,(AB253724:0.00000001,(AB253723:0.00000001,AB253719:0.00000001):0.00000001):0.00000001):0.00000001):0.00000001):0.00000001):0.00000001):0.00000001):0.00000001):0.00000001):0.00000001):0.00000001):0.00000001):0.00000001):0.00000001):0.00000001,AB253696:0.00000001):0.00000156,((AB253716:0.00000001,AB253715:0.00000001):0.00000160,(AB253667:0.00000001,(((((((((((((AB253638:0.00000001,AB253637:0.00000001):0.02756177,AB253654:0.00000001):0.00000197,(AB253680:0.00000001,(AB253679:0.00000001,(AB253669:0.00000001,AB253670:0.00000001):0.00000001):0.00000001):0.01370878):0.00000177,AB253656:0.00000001):0.00000147,AB253653:0.00000001):0.00000198,AB253648:0.00000001):0.00000164,AB253657:0.00000001):0.00000085,AB253658:0.00000001):0.00000184,AB253652:0.00000001):0.00000153,AB253655:0.00000001):0.00000206,AB253635:0.00000001):0.00000106,AB253636:0.00000001):0.00000055,AB253639:0.00000001):0.00000028):0.01370879):0.01367236):0.01365064,(((((((((AB253425:0.00000001,AB253424:0.00000001):0.01365128,AB097867:0.01361192):0.00000163,AB220948:0.01359244):0.00000146,(AB032740:0.00000001,AB097872:0.02756810):0.00000151):0.00000082,AB220946:0.01363590):0.00000153,(AB032741:0.00000001,(((AB253427:0.00000001,AB253426:0.00000001):0.01362543,AB547463:0.01362543):0.00000179,AB547464:0.00000001):0.01361193):0.00000082):0.00000083,AB220947:0.00000001):0.00000146,AB485652:0.00000001):0.00000201,AB485653:0.00000001):0.00000168):0.04170369,(AB287377:0.00000001,AB287376:0.00000001):0.08575654):0.03158346,(((((((AB485651:0.00000001,AB485650:0.00000001):0.05586473,AB480300:0.00000198):0.01373856,(AB480299:0.00000001,AB480298:0.00000001):0.02786025):0.01376090,(AB485657:0.00000001,AB485656:0.00000001):0.00000148):0.04184538,((((((AB485648:0.05659671,((AB253431:0.00000001,AB253430:0.00000001):0.00000185,(((AB097870:0.01382078,AB097873:0.02826271):0.01381316,(AB221126:0.00000001,AB221125:0.00000001):0.02837345):0.00000159,((AB428553:0.00000095,AB428552:0.02798957):0.03420788,(AB428551:0.02152007,(AB287367:0.00000001,AB287366:0.00000001):0.03427641):0.00000200):0.06561541):0.01377339):0.00000184):0.01397284,(((AB253432:0.00000001,AB221005:0.00000001):0.01574060,AB287369:0.04096509):0.01381735,AB097869:0.03912269):0.01496970):0.00000200,AB287368:0.03025938):0.00000172,((AB286956:0.00000001,AB286955:0.00000001):0.02776597,(AB287365:0.00000001,AB287364:0.00000001):0.05761153):0.01566316):0.00652637,(((A07867:0.00000001,A04321:0.00000001):0.00000173,AB287363:0.04180633):0.00000080,(AB564745:0.00000191,AB564744:0.01386752):0.04273152):0.02053996):0.00000188,AB289587:0.06287654):0.01962752):0.00000167,((((((((AB097866:0.01353628,AB254141:0.02761970):0.01309587,AB254149:0.04181080):0.00000092,(AB097871:0.01312208,AB023804:0.00000166):0.01332277):0.01298331,(((AB485647:0.00000001,AB485646:0.00000001):0.00000885,AB097868:0.01324969):0.01316269,AB254148:0.00000001):0.00000187):0.00000089,AB254142:0.04195588):0.00000106,(AB286850:0.00000001,AB286849:0.00000001):0.01374410):0.00000195,((AB254147:0.00000001,(AB254145:0.00000001,(AB254143:0.00000001,AB254144:0.00000001):0.00000001):0.00000001):0.00000194,(AB254146:0.00000001,(AB254151:0.00000001,(AB254150:0.00000001,(AB254153:0.00000001,(AB254152:0.00000001,AB254154:0.00000001):0.00000001):0.00000001):0.00000001):0.00000001):0.01378942):0.02780732):0.05454015,(((AB286852:0.00000001,AB286851:0.00000001):0.04099311,(AB485665:0.00000001,AB485664:0.00000001):0.01444250):0.00000092,(AB485661:0.00000001,AB485660:0.00000001):0.08844243):0.01444464):0.02713117):0.04338415,((AB253422:0.04057288,((((AB703613:0.07163802,AB703611:0.01343430):0.01411161,AB703612:0.00000001):0.00000164,(AB703610:0.00000001,AB703609:0.01366113):0.01366113):0.00000196,AB703608:0.00000001):0.01555219):0.01347436,(((AB287379:0.00000001,AB287378:0.00000001):0.00000179,(AB098331:0.00000001,AB098330:0.00000001):0.01359358):0.02801073,AB098332:0.00000484):0.02609858):0.00000095):0.00000199):0.02923312,AB485633:0.01377981):0.00000080,(((AB049811:0.07423057,AB231897:0.01383151):0.01376950,((((AB286858:0.00000001,AB286857:0.00000001):0.04322921,AB286863:0.01374284):0.00000171,AB286864:0.00000001):0.01377975,AB231898:0.05670661):0.00000084):0.00000170,(((AB231896:0.05881979,(AB287004:0.00000001,AB287003:0.00000001):0.01322404):0.02885588,AB485662:0.01358935):0.01411719,(AB286856:0.04370094,(AB286854:0.00000001,AB286853:0.00000001):0.01379542):0.01375821):0.00000548):0.00000150):0.02863568,(AB485635:0.00000001,AB485634:0.00000001):0.04270679):0.02635702,(AB286859:0.00000001,AB231895:0.00000001):0.03342381):0.28489889,(AB485667:0.00000001,AB485666:0.00000001):0.03557673):0.19830175,AB485669:0.00000001,AB485668:0.00000001);
 
 
* BIC MODEL SELECTION : Selection uncertainty
 
Model             -lnL    K      BIC       delta       weight   cumWeight
------------------------------------------------------------------------- 
SYM         1222.30009   304  3757.116567   0.000000    0.999934   0.999934 
K80         1240.55375   300  3776.353934  19.237368   6.65e-005   1.000000 
JC          1285.54203   299  3862.013006  104.896439   1.67e-023   1.000000
-------------------------------------------------------------------------
-lnL:	negative log likelihod
K:	number of estimated parameters
BIC:	Bayesian Information Criterion
delta:	BIC difference
weight:	BIC weight
cumWeight:	cumulative BIC weight
 
 
* BIC MODEL SELECTION : Confidence interval
 
There are 3 models in the 100% confidence interval: [ SYM K80 JC ] 
 
 
* BIC MODEL SELECTION : Best Model's command line
 
phyml  -i /tmp/jmodeltest450551122038217753.phy -d nt -n 1 -b 0 --run_id SYM -m 012345 -f 0.25,0.25,0.25,0.25 -c 1 --no_memory_check -o lr



---------------------------------------------------------------
*                                                             *
*      DECISION THEORY PERFORMANCE-BASED SELECTION (DT)       *
*                                                             *
---------------------------------------------------------------
 
 Sample size: 75.0
 
 Model selected: 
   Model = SYM
   partition = 012345
   -lnL = 1222.3001
   K = 304
   R(a) [AC] =  2.4027
   R(b) [AG] =  4.3941
   R(c) [AT] =  0.7181
   R(d) [CG] =  0.1502
   R(e) [CT] =  4.1753
   R(f) [GT] =  1.0000 
 
Tree for the best DT model = ((((((((((((AB253692:0.00000001,(AB253700:0.00000001,(AB253681:0.00000001,(AB253686:0.00000001,(AB253423:0.00000001,(AB253690:0.00000001,(AB253682:0.00000001,(AB253722:0.00000001,(AB253725:0.00000001,(AB253717:0.00000001,(AB253721:0.00000001,(AB253720:0.00000001,(AB253718:0.00000001,(AB253724:0.00000001,(AB253723:0.00000001,AB253719:0.00000001):0.00000001):0.00000001):0.00000001):0.00000001):0.00000001):0.00000001):0.00000001):0.00000001):0.00000001):0.00000001):0.00000001):0.00000001):0.00000001):0.00000001):0.00000001,AB253696:0.00000001):0.00000156,((AB253716:0.00000001,AB253715:0.00000001):0.00000160,(AB253667:0.00000001,(((((((((((((AB253638:0.00000001,AB253637:0.00000001):0.02756177,AB253654:0.00000001):0.00000197,(AB253680:0.00000001,(AB253679:0.00000001,(AB253669:0.00000001,AB253670:0.00000001):0.00000001):0.00000001):0.01370878):0.00000177,AB253656:0.00000001):0.00000147,AB253653:0.00000001):0.00000198,AB253648:0.00000001):0.00000164,AB253657:0.00000001):0.00000085,AB253658:0.00000001):0.00000184,AB253652:0.00000001):0.00000153,AB253655:0.00000001):0.00000206,AB253635:0.00000001):0.00000106,AB253636:0.00000001):0.00000055,AB253639:0.00000001):0.00000028):0.01370879):0.01367236):0.01365064,(((((((((AB253425:0.00000001,AB253424:0.00000001):0.01365128,AB097867:0.01361192):0.00000163,AB220948:0.01359244):0.00000146,(AB032740:0.00000001,AB097872:0.02756810):0.00000151):0.00000082,AB220946:0.01363590):0.00000153,(AB032741:0.00000001,(((AB253427:0.00000001,AB253426:0.00000001):0.01362543,AB547463:0.01362543):0.00000179,AB547464:0.00000001):0.01361193):0.00000082):0.00000083,AB220947:0.00000001):0.00000146,AB485652:0.00000001):0.00000201,AB485653:0.00000001):0.00000168):0.04170369,(AB287377:0.00000001,AB287376:0.00000001):0.08575654):0.03158346,(((((((AB485651:0.00000001,AB485650:0.00000001):0.05586473,AB480300:0.00000198):0.01373856,(AB480299:0.00000001,AB480298:0.00000001):0.02786025):0.01376090,(AB485657:0.00000001,AB485656:0.00000001):0.00000148):0.04184538,((((((AB485648:0.05659671,((AB253431:0.00000001,AB253430:0.00000001):0.00000185,(((AB097870:0.01382078,AB097873:0.02826271):0.01381316,(AB221126:0.00000001,AB221125:0.00000001):0.02837345):0.00000159,((AB428553:0.00000095,AB428552:0.02798957):0.03420788,(AB428551:0.02152007,(AB287367:0.00000001,AB287366:0.00000001):0.03427641):0.00000200):0.06561541):0.01377339):0.00000184):0.01397284,(((AB253432:0.00000001,AB221005:0.00000001):0.01574060,AB287369:0.04096509):0.01381735,AB097869:0.03912269):0.01496970):0.00000200,AB287368:0.03025938):0.00000172,((AB286956:0.00000001,AB286955:0.00000001):0.02776597,(AB287365:0.00000001,AB287364:0.00000001):0.05761153):0.01566316):0.00652637,(((A07867:0.00000001,A04321:0.00000001):0.00000173,AB287363:0.04180633):0.00000080,(AB564745:0.00000191,AB564744:0.01386752):0.04273152):0.02053996):0.00000188,AB289587:0.06287654):0.01962752):0.00000167,((((((((AB097866:0.01353628,AB254141:0.02761970):0.01309587,AB254149:0.04181080):0.00000092,(AB097871:0.01312208,AB023804:0.00000166):0.01332277):0.01298331,(((AB485647:0.00000001,AB485646:0.00000001):0.00000885,AB097868:0.01324969):0.01316269,AB254148:0.00000001):0.00000187):0.00000089,AB254142:0.04195588):0.00000106,(AB286850:0.00000001,AB286849:0.00000001):0.01374410):0.00000195,((AB254147:0.00000001,(AB254145:0.00000001,(AB254143:0.00000001,AB254144:0.00000001):0.00000001):0.00000001):0.00000194,(AB254146:0.00000001,(AB254151:0.00000001,(AB254150:0.00000001,(AB254153:0.00000001,(AB254152:0.00000001,AB254154:0.00000001):0.00000001):0.00000001):0.00000001):0.00000001):0.01378942):0.02780732):0.05454015,(((AB286852:0.00000001,AB286851:0.00000001):0.04099311,(AB485665:0.00000001,AB485664:0.00000001):0.01444250):0.00000092,(AB485661:0.00000001,AB485660:0.00000001):0.08844243):0.01444464):0.02713117):0.04338415,((AB253422:0.04057288,((((AB703613:0.07163802,AB703611:0.01343430):0.01411161,AB703612:0.00000001):0.00000164,(AB703610:0.00000001,AB703609:0.01366113):0.01366113):0.00000196,AB703608:0.00000001):0.01555219):0.01347436,(((AB287379:0.00000001,AB287378:0.00000001):0.00000179,(AB098331:0.00000001,AB098330:0.00000001):0.01359358):0.02801073,AB098332:0.00000484):0.02609858):0.00000095):0.00000199):0.02923312,AB485633:0.01377981):0.00000080,(((AB049811:0.07423057,AB231897:0.01383151):0.01376950,((((AB286858:0.00000001,AB286857:0.00000001):0.04322921,AB286863:0.01374284):0.00000171,AB286864:0.00000001):0.01377975,AB231898:0.05670661):0.00000084):0.00000170,(((AB231896:0.05881979,(AB287004:0.00000001,AB287003:0.00000001):0.01322404):0.02885588,AB485662:0.01358935):0.01411719,(AB286856:0.04370094,(AB286854:0.00000001,AB286853:0.00000001):0.01379542):0.01375821):0.00000548):0.00000150):0.02863568,(AB485635:0.00000001,AB485634:0.00000001):0.04270679):0.02635702,(AB286859:0.00000001,AB231895:0.00000001):0.03342381):0.28489889,(AB485667:0.00000001,AB485666:0.00000001):0.03557673):0.19830175,AB485669:0.00000001,AB485668:0.00000001);
 
 
* DT MODEL SELECTION : Selection uncertainty
 
Model             -lnL    K       DT       delta       weight   cumWeight
------------------------------------------------------------------------- 
SYM         1222.30009   304    0.000003   0.000000    0.999905   0.999905 
K80         1240.55375   300    0.038834   0.038831   6.65e-005   0.999971 
JC          1285.54203   299    0.089216   0.089213   2.89e-005   1.000000
-------------------------------------------------------------------------
-lnL:t	negative log likelihod
K:	number of estimated parameters
DT:	decision theory performance-based score
delta:	DT difference
weight:	DT weight* (calculated using 1/DT)
cumWeight:	cumulative DT weight
 
 
* DT MODEL SELECTION : Confidence interval
 
There are 3 models in the 100% confidence interval: [ SYM K80 JC ] 
 
 
* DT MODEL SELECTION : Best Model's command line
 
phyml  -i /tmp/jmodeltest450551122038217753.phy -d nt -n 1 -b 0 --run_id SYM -m 012345 -f 0.25,0.25,0.25,0.25 -c 1 --no_memory_check -o lr



---------------------------------------------------------------
*                                                             *
*          HIERARCHICAL LIKELIHOO RATIO TESTS (hLRT)          *
*                                                             *
---------------------------------------------------------------

hLRT is only available when likelihoods are calculated on the same tree (i.e., models are nested)
Execute jModelTest using a fixed BIONJ-JC tree or a user-defined topology
 
 
 
---------------------------------------------------------------
*                                                             *
*                    SELECTION SUMMARY                        *
*                                                             *
---------------------------------------------------------------

::Optimized Topologies Summary::

There are 1 different topologies.

Topology Id: 1
	Rank	Weight		 RF	AvgEucl		VarEucl
BIC	  1	100.00%		  0	4.27e-02	1.33e-03
AICc	  1	100.00%		  0	4.27e-02	1.33e-03
DT	  1	100.00%		  0	4.27e-02	1.33e-03
Models supporting:   3
                     JC K80 SYM 

 
 
 
::Best Models::
 
	Model 		f(a) 	f(c) 	f(g) 	f(t) 	kappa 	titv 	Ra	Rb	Rc	Rd	Re	Rf	pInv 	gamma
----------------------------------------------------------------------------------------------------------------------------------------
BIC 	SYM		0.25	0.25	0.25	0.25	0.00	0.00	  2.403   4.394   0.718   0.150   4.175   1.000 N/A	N/A
AICc 	SYM		0.25	0.25	0.25	0.25	0.00	0.00	  2.403   4.394   0.718   0.150   4.175   1.000 N/A	N/A
DT 	SYM		0.25	0.25	0.25	0.25	0.00	0.00	  2.403   4.394   0.718   0.150   4.175   1.000 N/A	N/A
 
Program is done.
