-------------------------- jModeltest 2.1.10 v20160303 --------------------------
(c) 2011-onwards D. Darriba, G.L. Taboada, R. Doallo and D. Posada,
(1) Department of Biochemistry, Genetics and Immunology
    University of Vigo, 36310 Vigo, Spain.
(2) Department of Electronics and Systems
    University of A Coruna, 15071 A Coruna, Spain.
e-mail: ddarriba@udc.es, dposada@uvigo.es
--------------------------------------------------------------------------------
 
Tue Apr 24 20:07:59 EDT 2018
Linux 3.10.0-327.3.1.el7.x86_64, arch: amd64, bits: 64, numcores: 28
 
--------------------------------------------------------------------------------
Citation: Darriba D, Taboada GL, Doallo R and Posada D. 2012.
          "jModelTest 2: more models, new heuristics and parallel computing".
          Nature Methods 9(8), 772.
--------------------------------------------------------------------------------
 
jModelTest 2.1.10 v20160303
Copyright (C) 2011 D. Darriba, G.L. Taboada, R. Doallo and D. Posada
This program comes with ABSOLUTELY NO WARRANTY
This is free software, and you are welcome to redistribute it under certain
conditions
 
Notice: This program may contain errors. Please inspect results carefully.
 
 
Arguments = -d fasfiles/HIV_aligned_POL.fas -t BIONJ -o fasfiles/HIV_aligned_POL.fas.out -AICc -BIC -DT -s 3 -hLRT

Reading data file "HIV_aligned_POL.fas"... OK.
  number of sequences: 151
  number of sites: 3008
 
 
---------------------------------------------------------------
*                                                             *
*        COMPUTATION OF LIKELIHOOD SCORES WITH PHYML          *
*                                                             *
---------------------------------------------------------------
 
::Settings::
 
 Phyml version = 20130103
 Phyml binary = PhyML_3.0_linux64
 Phyml path = /gpfs/home/cltucker/jModelTest/jmodeltest-2.1.10/exe/phyml/
 Candidate models = 3
   number of substitution schemes = 3
   including only models with equal base frequencies
   including only models without a proportion of invariable sites
   including only models without rate variation among sites
 Optimized free parameters (K) = substitution parameters + 299 branch lengths 
 Base tree for likelihood calculations = BIONJ tree
 
 
 
::Progress::
 
Model 		 Exec. Time 	 Total Time 	 -lnL
-------------------------------------------------------------------------
JC		00h:00:14:07	00h:00:14:07	   52010.0466	 (1/3)
K80		00h:00:20:06	00h:00:20:06	   48863.3579	 (2/3)
SYM		00h:00:23:08	00h:00:23:08	   48680.8974	 (3/3)
 
   Model = JC
   partition = 000000
   -lnL = 52010.0466
   K = 299 
 
   Model = K80
   partition = 010010
   -lnL = 48863.3579
   K = 300
   kappa = 6.4775 (ti/tv = 3.2387) 
 
   Model = SYM
   partition = 012345
   -lnL = 48680.8974
   K = 304
   R(a) [AC] =  2.5938
   R(b) [AG] =  11.0724
   R(c) [AT] =  1.7161
   R(d) [CG] =  0.7846
   R(e) [CT] =  9.4822
   R(f) [GT] =  1.0000 
 
  Best-fit models should be reoptimized for comparison with unconstrained likelihood
 
Computation of likelihood scores completed. It took 00h:00:23:08.
 



---------------------------------------------------------------
*                                                             *
*        CORRECTED AKAIKE INFORMATION CRITERION (AICc)        *
*                                                             *
---------------------------------------------------------------
 
 Sample size: 3008.0
 
 Model selected: 
   Model = SYM
   partition = 012345
   -lnL = 48680.8974
   K = 304
   R(a) [AC] =  2.5938
   R(b) [AG] =  11.0724
   R(c) [AT] =  1.7161
   R(d) [CG] =  0.7846
   R(e) [CT] =  9.4822
   R(f) [GT] =  1.0000 
 
Tree for the best AICc model = ((((((((((((((((((((AB253657:0.00000001,AB253648:0.00000001):0.00000001,AB253658:0.00000001):0.00034331,((AB253655:0.00000001,AB253652:0.00000001):0.00034335,(AB253653:0.00000001,(AB253656:0.00000001,AB253654:0.00000001):0.00000001):0.00034333):0.00000005):0.00000003,(AB253667:0.00224703,(AB253680:0.00000001,(AB253679:0.00000001,(AB253669:0.00034336,AB253670:0.00000001):0.00000005):0.00000003):0.00471849):0.00166026):0.00269273,AB253636:0.00144372):0.00099589,(AB253638:0.00295862,(AB253639:0.00152143,AB253637:0.00088474):0.00004050):0.00091210):0.00131287,AB253635:0.00410955):0.01556978,((((AB253696:0.00413441,(AB253692:0.00036405,AB253700:0.00101186):0.00136579):0.00073642,((AB253681:0.00346657,(AB253686:0.00250639,AB253423:0.00093798):0.00000004):0.00203696,AB253690:0.00277328):0.00241569):0.00101297,(AB253716:0.00545118,(AB253715:0.00543682,((AB253722:0.00000001,(AB253725:0.00000001,(AB253717:0.00000001,(AB253721:0.00000001,(AB253720:0.00000001,(AB253718:0.00000001,(AB253723:0.00000001,AB253719:0.00034395):0.00000005):0.00000003):0.00000005):0.00000003):0.00000003):0.00000005):0.00034383,AB253724:0.00000001):0.01131704):0.00081727):0.00299235):0.00207116,AB253682:0.00148696):0.01923883):0.00386974,((((AB253425:0.00103212,AB253424:0.00000003):0.00616443,AB220946:0.00493254):0.00092243,((AB220948:0.00859747,(AB220947:0.00994451,(AB097872:0.01945793,AB097867:0.02249252):0.00137190):0.00205576):0.00035342,(AB485653:0.00068865,AB485652:0.00068868):0.00978958):0.00045229):0.00088857,(AB032741:0.01247900,AB032740:0.01147265):0.00201913):0.00000005):0.00424230,(AB253427:0.00000001,AB253426:0.00000001):0.01819806):0.00810484,(AB547464:0.01425965,AB547463:0.01184380):0.02966724):0.02481316,(((AB287377:0.00084846,AB287376:0.00122584):0.03059147,(AB253422:0.02830897,(AB098331:0.00288745,AB098330:0.00367501):0.02493829):0.00381553):0.00169792,((AB287379:0.00000001,AB287378:0.00034417):0.02356643,AB098332:0.02855572):0.00549573):0.01334756):0.00691334,(((((AB703613:0.01768465,AB703610:0.01760430):0.00435799,AB703611:0.01467287):0.00140694,AB703609:0.01702921):0.00132120,AB703608:0.02480116):0.00426755,AB703612:0.01897027):0.03487858):0.01170482,(((((((((AB485635:0.00207732,AB485634:0.00102432):0.01808104,AB231896:0.02800449):0.00154368,(AB286858:0.00833597,AB286857:0.00870822):0.02307988):0.00000005,(AB049811:0.02474965,AB286856:0.03292372):0.00585923):0.00032341,(AB286859:0.00033942,AB231895:0.00138222):0.02851883):0.00253645,AB231898:0.03117386):0.00031672,AB485633:0.02824902):0.00527669,((AB286864:0.00415386,AB286854:0.00626251):0.00300859,(AB286863:0.00000001,AB286853:0.00000001):0.00311992):0.03286540):0.00514095,AB231897:0.04138484):0.01969487):0.01643941,AB097866:0.05466691):0.01040168,(((AB286852:0.00000001,AB286851:0.00000001):0.02540396,(AB485661:0.00000001,AB485660:0.00000001):0.02279135):0.01935919,(((AB287004:0.00034260,AB287003:0.00000001):0.04010385,AB485662:0.03103125):0.01540192,(AB485665:0.00000001,AB485664:0.00000001):0.03830206):0.00885491):0.02160704):0.00416327,(((((((((AB097871:0.02110432,AB023804:0.01205781):0.01144638,(AB485647:0.00068401,AB485646:0.00000003):0.01754632):0.00164895,((AB254147:0.00103374,(AB254145:0.00000001,(AB254143:0.00000001,AB254144:0.00000001):0.00000001):0.00000005):0.00035100,(AB254146:0.00068900,(AB254151:0.00000001,(AB254150:0.00000001,(AB254153:0.00000001,(AB254152:0.00000001,AB254154:0.00000001):0.00000001):0.00000001):0.00000001):0.00000005):0.00033774):0.02649887):0.00287986,AB254142:0.04170189):0.00742924,AB254149:0.03717107):0.00157426,AB254148:0.04099841):0.00227649,AB254141:0.03548981):0.00713400,AB097868:0.04877365):0.01595102,(AB286850:0.00215585,AB286849:0.00196966):0.05356522):0.02044328):0.00392327,((((AB485651:0.00218403,AB485650:0.00193783):0.04177413,AB485648:0.03628364):0.01500300,(((((((((((A07867:0.00000001,A04321:0.00000001):0.01020231,(AB253432:0.00000001,AB221005:0.00000001):0.01668446):0.00333250,AB287363:0.03141621):0.00088276,(AB564745:0.00550863,AB564744:0.00903644):0.02287423):0.00076421,AB287369:0.04073749):0.00137619,((AB097870:0.02316574,AB097873:0.01998348):0.00425492,AB097869:0.03465505):0.01430876):0.00065373,(AB221126:0.00034280,AB221125:0.00000003):0.03616558):0.00000005,(((AB428553:0.01333669,AB428551:0.00696383):0.00434835,AB428552:0.01581073):0.01608471,(AB287367:0.00000001,AB287366:0.00000001):0.03320121):0.00810617):0.00404682,((AB286956:0.00142307,AB286955:0.00272809):0.01533421,(AB287365:0.00000001,AB287364:0.00000001):0.02480548):0.01671069):0.00373084,(AB289587:0.03873085,AB287368:0.03704593):0.01063964):0.00685446,(AB253431:0.00539881,AB253430:0.00690550):0.04187572):0.01605820):0.01726766,(((AB480299:0.00000001,AB480298:0.00000001):0.02861154,AB480300:0.02886200):0.01125114,(AB485657:0.00305514,AB485656:0.00419444):0.01806703):0.04158466):0.00285802):0.26699811,(AB485667:0.00655114,AB485666:0.00460239):0.04276356):0.05869471,AB485669:0.00385679,AB485668:0.00198817);
 
 
* AICc MODEL SELECTION : Selection uncertainty
 
Model             -lnL    K     AICc       delta       weight   cumWeight
------------------------------------------------------------------------- 
SYM         48680.89738   304  98038.400013   0.000000    1.000000   1.000000 
K80         48863.35786   300  98393.431642  355.031628   8.05e-078   1.000000 
JC          52010.04660   299  104684.341354  6645.941340   0.00e+000   1.000000
-------------------------------------------------------------------------
-lnL:	negative log likelihod
 K:	number of estimated parameters
 AICc:	Corrected Akaike Information Criterion
 delta:	AICc difference
 weight:	AICc weight
 cumWeight:	cumulative AICc weight
 
 
* AICc MODEL SELECTION : Confidence interval
 
There are 3 models in the 100% confidence interval: [ SYM K80 JC ] 
 
 
* AICc MODEL SELECTION : Best Model's command line
 
phyml  -i /tmp/jmodeltest534175281166079895.phy -d nt -n 1 -b 0 --run_id SYM -m 012345 -f 0.25,0.25,0.25,0.25 -c 1 --no_memory_check -o lr



---------------------------------------------------------------
*                                                             *
*             BAYESIAN INFORMATION CRITERION (BIC)            *
*                                                             *
---------------------------------------------------------------
 
 Sample size: 3008.0
 
 Model selected: 
   Model = SYM
   partition = 012345
   -lnL = 48680.8974
   K = 304
   R(a) [AC] =  2.5938
   R(b) [AG] =  11.0724
   R(c) [AT] =  1.7161
   R(d) [CG] =  0.7846
   R(e) [CT] =  9.4822
   R(f) [GT] =  1.0000 
 
Tree for the best BIC model = ((((((((((((((((((((AB253657:0.00000001,AB253648:0.00000001):0.00000001,AB253658:0.00000001):0.00034331,((AB253655:0.00000001,AB253652:0.00000001):0.00034335,(AB253653:0.00000001,(AB253656:0.00000001,AB253654:0.00000001):0.00000001):0.00034333):0.00000005):0.00000003,(AB253667:0.00224703,(AB253680:0.00000001,(AB253679:0.00000001,(AB253669:0.00034336,AB253670:0.00000001):0.00000005):0.00000003):0.00471849):0.00166026):0.00269273,AB253636:0.00144372):0.00099589,(AB253638:0.00295862,(AB253639:0.00152143,AB253637:0.00088474):0.00004050):0.00091210):0.00131287,AB253635:0.00410955):0.01556978,((((AB253696:0.00413441,(AB253692:0.00036405,AB253700:0.00101186):0.00136579):0.00073642,((AB253681:0.00346657,(AB253686:0.00250639,AB253423:0.00093798):0.00000004):0.00203696,AB253690:0.00277328):0.00241569):0.00101297,(AB253716:0.00545118,(AB253715:0.00543682,((AB253722:0.00000001,(AB253725:0.00000001,(AB253717:0.00000001,(AB253721:0.00000001,(AB253720:0.00000001,(AB253718:0.00000001,(AB253723:0.00000001,AB253719:0.00034395):0.00000005):0.00000003):0.00000005):0.00000003):0.00000003):0.00000005):0.00034383,AB253724:0.00000001):0.01131704):0.00081727):0.00299235):0.00207116,AB253682:0.00148696):0.01923883):0.00386974,((((AB253425:0.00103212,AB253424:0.00000003):0.00616443,AB220946:0.00493254):0.00092243,((AB220948:0.00859747,(AB220947:0.00994451,(AB097872:0.01945793,AB097867:0.02249252):0.00137190):0.00205576):0.00035342,(AB485653:0.00068865,AB485652:0.00068868):0.00978958):0.00045229):0.00088857,(AB032741:0.01247900,AB032740:0.01147265):0.00201913):0.00000005):0.00424230,(AB253427:0.00000001,AB253426:0.00000001):0.01819806):0.00810484,(AB547464:0.01425965,AB547463:0.01184380):0.02966724):0.02481316,(((AB287377:0.00084846,AB287376:0.00122584):0.03059147,(AB253422:0.02830897,(AB098331:0.00288745,AB098330:0.00367501):0.02493829):0.00381553):0.00169792,((AB287379:0.00000001,AB287378:0.00034417):0.02356643,AB098332:0.02855572):0.00549573):0.01334756):0.00691334,(((((AB703613:0.01768465,AB703610:0.01760430):0.00435799,AB703611:0.01467287):0.00140694,AB703609:0.01702921):0.00132120,AB703608:0.02480116):0.00426755,AB703612:0.01897027):0.03487858):0.01170482,(((((((((AB485635:0.00207732,AB485634:0.00102432):0.01808104,AB231896:0.02800449):0.00154368,(AB286858:0.00833597,AB286857:0.00870822):0.02307988):0.00000005,(AB049811:0.02474965,AB286856:0.03292372):0.00585923):0.00032341,(AB286859:0.00033942,AB231895:0.00138222):0.02851883):0.00253645,AB231898:0.03117386):0.00031672,AB485633:0.02824902):0.00527669,((AB286864:0.00415386,AB286854:0.00626251):0.00300859,(AB286863:0.00000001,AB286853:0.00000001):0.00311992):0.03286540):0.00514095,AB231897:0.04138484):0.01969487):0.01643941,AB097866:0.05466691):0.01040168,(((AB286852:0.00000001,AB286851:0.00000001):0.02540396,(AB485661:0.00000001,AB485660:0.00000001):0.02279135):0.01935919,(((AB287004:0.00034260,AB287003:0.00000001):0.04010385,AB485662:0.03103125):0.01540192,(AB485665:0.00000001,AB485664:0.00000001):0.03830206):0.00885491):0.02160704):0.00416327,(((((((((AB097871:0.02110432,AB023804:0.01205781):0.01144638,(AB485647:0.00068401,AB485646:0.00000003):0.01754632):0.00164895,((AB254147:0.00103374,(AB254145:0.00000001,(AB254143:0.00000001,AB254144:0.00000001):0.00000001):0.00000005):0.00035100,(AB254146:0.00068900,(AB254151:0.00000001,(AB254150:0.00000001,(AB254153:0.00000001,(AB254152:0.00000001,AB254154:0.00000001):0.00000001):0.00000001):0.00000001):0.00000005):0.00033774):0.02649887):0.00287986,AB254142:0.04170189):0.00742924,AB254149:0.03717107):0.00157426,AB254148:0.04099841):0.00227649,AB254141:0.03548981):0.00713400,AB097868:0.04877365):0.01595102,(AB286850:0.00215585,AB286849:0.00196966):0.05356522):0.02044328):0.00392327,((((AB485651:0.00218403,AB485650:0.00193783):0.04177413,AB485648:0.03628364):0.01500300,(((((((((((A07867:0.00000001,A04321:0.00000001):0.01020231,(AB253432:0.00000001,AB221005:0.00000001):0.01668446):0.00333250,AB287363:0.03141621):0.00088276,(AB564745:0.00550863,AB564744:0.00903644):0.02287423):0.00076421,AB287369:0.04073749):0.00137619,((AB097870:0.02316574,AB097873:0.01998348):0.00425492,AB097869:0.03465505):0.01430876):0.00065373,(AB221126:0.00034280,AB221125:0.00000003):0.03616558):0.00000005,(((AB428553:0.01333669,AB428551:0.00696383):0.00434835,AB428552:0.01581073):0.01608471,(AB287367:0.00000001,AB287366:0.00000001):0.03320121):0.00810617):0.00404682,((AB286956:0.00142307,AB286955:0.00272809):0.01533421,(AB287365:0.00000001,AB287364:0.00000001):0.02480548):0.01671069):0.00373084,(AB289587:0.03873085,AB287368:0.03704593):0.01063964):0.00685446,(AB253431:0.00539881,AB253430:0.00690550):0.04187572):0.01605820):0.01726766,(((AB480299:0.00000001,AB480298:0.00000001):0.02861154,AB480300:0.02886200):0.01125114,(AB485657:0.00305514,AB485656:0.00419444):0.01806703):0.04158466):0.00285802):0.26699811,(AB485667:0.00655114,AB485666:0.00460239):0.04276356):0.05869471,AB485669:0.00385679,AB485668:0.00198817);
 
 
* BIC MODEL SELECTION : Selection uncertainty
 
Model             -lnL    K      BIC       delta       weight   cumWeight
------------------------------------------------------------------------- 
SYM         48680.89738   304  99796.540088   0.000000    1.000000   1.000000 
K80         48863.35786   300  100129.424926  332.884837   5.19e-073   1.000000 
JC          52010.04660   299  106414.793375  6618.253287   0.00e+000   1.000000
-------------------------------------------------------------------------
-lnL:	negative log likelihod
K:	number of estimated parameters
BIC:	Bayesian Information Criterion
delta:	BIC difference
weight:	BIC weight
cumWeight:	cumulative BIC weight
 
 
* BIC MODEL SELECTION : Confidence interval
 
There are 3 models in the 100% confidence interval: [ SYM K80 JC ] 
 
 
* BIC MODEL SELECTION : Best Model's command line
 
phyml  -i /tmp/jmodeltest534175281166079895.phy -d nt -n 1 -b 0 --run_id SYM -m 012345 -f 0.25,0.25,0.25,0.25 -c 1 --no_memory_check -o lr



---------------------------------------------------------------
*                                                             *
*      DECISION THEORY PERFORMANCE-BASED SELECTION (DT)       *
*                                                             *
---------------------------------------------------------------
 
 Sample size: 3008.0
 
 Model selected: 
   Model = SYM
   partition = 012345
   -lnL = 48680.8974
   K = 304
   R(a) [AC] =  2.5938
   R(b) [AG] =  11.0724
   R(c) [AT] =  1.7161
   R(d) [CG] =  0.7846
   R(e) [CT] =  9.4822
   R(f) [GT] =  1.0000 
 
Tree for the best DT model = ((((((((((((((((((((AB253657:0.00000001,AB253648:0.00000001):0.00000001,AB253658:0.00000001):0.00034331,((AB253655:0.00000001,AB253652:0.00000001):0.00034335,(AB253653:0.00000001,(AB253656:0.00000001,AB253654:0.00000001):0.00000001):0.00034333):0.00000005):0.00000003,(AB253667:0.00224703,(AB253680:0.00000001,(AB253679:0.00000001,(AB253669:0.00034336,AB253670:0.00000001):0.00000005):0.00000003):0.00471849):0.00166026):0.00269273,AB253636:0.00144372):0.00099589,(AB253638:0.00295862,(AB253639:0.00152143,AB253637:0.00088474):0.00004050):0.00091210):0.00131287,AB253635:0.00410955):0.01556978,((((AB253696:0.00413441,(AB253692:0.00036405,AB253700:0.00101186):0.00136579):0.00073642,((AB253681:0.00346657,(AB253686:0.00250639,AB253423:0.00093798):0.00000004):0.00203696,AB253690:0.00277328):0.00241569):0.00101297,(AB253716:0.00545118,(AB253715:0.00543682,((AB253722:0.00000001,(AB253725:0.00000001,(AB253717:0.00000001,(AB253721:0.00000001,(AB253720:0.00000001,(AB253718:0.00000001,(AB253723:0.00000001,AB253719:0.00034395):0.00000005):0.00000003):0.00000005):0.00000003):0.00000003):0.00000005):0.00034383,AB253724:0.00000001):0.01131704):0.00081727):0.00299235):0.00207116,AB253682:0.00148696):0.01923883):0.00386974,((((AB253425:0.00103212,AB253424:0.00000003):0.00616443,AB220946:0.00493254):0.00092243,((AB220948:0.00859747,(AB220947:0.00994451,(AB097872:0.01945793,AB097867:0.02249252):0.00137190):0.00205576):0.00035342,(AB485653:0.00068865,AB485652:0.00068868):0.00978958):0.00045229):0.00088857,(AB032741:0.01247900,AB032740:0.01147265):0.00201913):0.00000005):0.00424230,(AB253427:0.00000001,AB253426:0.00000001):0.01819806):0.00810484,(AB547464:0.01425965,AB547463:0.01184380):0.02966724):0.02481316,(((AB287377:0.00084846,AB287376:0.00122584):0.03059147,(AB253422:0.02830897,(AB098331:0.00288745,AB098330:0.00367501):0.02493829):0.00381553):0.00169792,((AB287379:0.00000001,AB287378:0.00034417):0.02356643,AB098332:0.02855572):0.00549573):0.01334756):0.00691334,(((((AB703613:0.01768465,AB703610:0.01760430):0.00435799,AB703611:0.01467287):0.00140694,AB703609:0.01702921):0.00132120,AB703608:0.02480116):0.00426755,AB703612:0.01897027):0.03487858):0.01170482,(((((((((AB485635:0.00207732,AB485634:0.00102432):0.01808104,AB231896:0.02800449):0.00154368,(AB286858:0.00833597,AB286857:0.00870822):0.02307988):0.00000005,(AB049811:0.02474965,AB286856:0.03292372):0.00585923):0.00032341,(AB286859:0.00033942,AB231895:0.00138222):0.02851883):0.00253645,AB231898:0.03117386):0.00031672,AB485633:0.02824902):0.00527669,((AB286864:0.00415386,AB286854:0.00626251):0.00300859,(AB286863:0.00000001,AB286853:0.00000001):0.00311992):0.03286540):0.00514095,AB231897:0.04138484):0.01969487):0.01643941,AB097866:0.05466691):0.01040168,(((AB286852:0.00000001,AB286851:0.00000001):0.02540396,(AB485661:0.00000001,AB485660:0.00000001):0.02279135):0.01935919,(((AB287004:0.00034260,AB287003:0.00000001):0.04010385,AB485662:0.03103125):0.01540192,(AB485665:0.00000001,AB485664:0.00000001):0.03830206):0.00885491):0.02160704):0.00416327,(((((((((AB097871:0.02110432,AB023804:0.01205781):0.01144638,(AB485647:0.00068401,AB485646:0.00000003):0.01754632):0.00164895,((AB254147:0.00103374,(AB254145:0.00000001,(AB254143:0.00000001,AB254144:0.00000001):0.00000001):0.00000005):0.00035100,(AB254146:0.00068900,(AB254151:0.00000001,(AB254150:0.00000001,(AB254153:0.00000001,(AB254152:0.00000001,AB254154:0.00000001):0.00000001):0.00000001):0.00000001):0.00000005):0.00033774):0.02649887):0.00287986,AB254142:0.04170189):0.00742924,AB254149:0.03717107):0.00157426,AB254148:0.04099841):0.00227649,AB254141:0.03548981):0.00713400,AB097868:0.04877365):0.01595102,(AB286850:0.00215585,AB286849:0.00196966):0.05356522):0.02044328):0.00392327,((((AB485651:0.00218403,AB485650:0.00193783):0.04177413,AB485648:0.03628364):0.01500300,(((((((((((A07867:0.00000001,A04321:0.00000001):0.01020231,(AB253432:0.00000001,AB221005:0.00000001):0.01668446):0.00333250,AB287363:0.03141621):0.00088276,(AB564745:0.00550863,AB564744:0.00903644):0.02287423):0.00076421,AB287369:0.04073749):0.00137619,((AB097870:0.02316574,AB097873:0.01998348):0.00425492,AB097869:0.03465505):0.01430876):0.00065373,(AB221126:0.00034280,AB221125:0.00000003):0.03616558):0.00000005,(((AB428553:0.01333669,AB428551:0.00696383):0.00434835,AB428552:0.01581073):0.01608471,(AB287367:0.00000001,AB287366:0.00000001):0.03320121):0.00810617):0.00404682,((AB286956:0.00142307,AB286955:0.00272809):0.01533421,(AB287365:0.00000001,AB287364:0.00000001):0.02480548):0.01671069):0.00373084,(AB289587:0.03873085,AB287368:0.03704593):0.01063964):0.00685446,(AB253431:0.00539881,AB253430:0.00690550):0.04187572):0.01605820):0.01726766,(((AB480299:0.00000001,AB480298:0.00000001):0.02861154,AB480300:0.02886200):0.01125114,(AB485657:0.00305514,AB485656:0.00419444):0.01806703):0.04158466):0.00285802):0.26699811,(AB485667:0.00655114,AB485666:0.00460239):0.04276356):0.05869471,AB485669:0.00385679,AB485668:0.00198817);
 
 
* DT MODEL SELECTION : Selection uncertainty
 
Model             -lnL    K       DT       delta       weight   cumWeight
------------------------------------------------------------------------- 
SYM         48680.89738   304    0.000000   0.000000    1.000000   1.000000 
K80         48863.35786   300    0.011651   0.011651   5.19e-073   1.000000 
JC          52010.04660   299    0.026161   0.026161   2.31e-073   1.000000
-------------------------------------------------------------------------
-lnL:t	negative log likelihod
K:	number of estimated parameters
DT:	decision theory performance-based score
delta:	DT difference
weight:	DT weight* (calculated using 1/DT)
cumWeight:	cumulative DT weight
 
 
* DT MODEL SELECTION : Confidence interval
 
There are 3 models in the 100% confidence interval: [ SYM K80 JC ] 
 
 
* DT MODEL SELECTION : Best Model's command line
 
phyml  -i /tmp/jmodeltest534175281166079895.phy -d nt -n 1 -b 0 --run_id SYM -m 012345 -f 0.25,0.25,0.25,0.25 -c 1 --no_memory_check -o lr



---------------------------------------------------------------
*                                                             *
*          HIERARCHICAL LIKELIHOO RATIO TESTS (hLRT)          *
*                                                             *
---------------------------------------------------------------

hLRT is only available when likelihoods are calculated on the same tree (i.e., models are nested)
Execute jModelTest using a fixed BIONJ-JC tree or a user-defined topology
 
 
 
---------------------------------------------------------------
*                                                             *
*                    SELECTION SUMMARY                        *
*                                                             *
---------------------------------------------------------------

::Optimized Topologies Summary::

There are 1 different topologies.

Topology Id: 1
	Rank	Weight		 RF	AvgEucl		VarEucl
BIC	  1	100.00%		  0	1.26e-02	1.15e-04
AICc	  1	100.00%		  0	1.26e-02	1.15e-04
DT	  1	100.00%		  0	1.26e-02	1.15e-04
Models supporting:   3
                     JC K80 SYM 

 
 
 
::Best Models::
 
	Model 		f(a) 	f(c) 	f(g) 	f(t) 	kappa 	titv 	Ra	Rb	Rc	Rd	Re	Rf	pInv 	gamma
----------------------------------------------------------------------------------------------------------------------------------------
BIC 	SYM		0.25	0.25	0.25	0.25	0.00	0.00	  2.594  11.072   1.716   0.785   9.482   1.000 N/A	N/A
AICc 	SYM		0.25	0.25	0.25	0.25	0.00	0.00	  2.594  11.072   1.716   0.785   9.482   1.000 N/A	N/A
DT 	SYM		0.25	0.25	0.25	0.25	0.00	0.00	  2.594  11.072   1.716   0.785   9.482   1.000 N/A	N/A
 
Program is done.
