-------------------------- jModeltest 2.1.10 v20160303 --------------------------
(c) 2011-onwards D. Darriba, G.L. Taboada, R. Doallo and D. Posada,
(1) Department of Biochemistry, Genetics and Immunology
    University of Vigo, 36310 Vigo, Spain.
(2) Department of Electronics and Systems
    University of A Coruna, 15071 A Coruna, Spain.
e-mail: ddarriba@udc.es, dposada@uvigo.es
--------------------------------------------------------------------------------
 
Tue May 01 17:16:52 EDT 2018
Linux 3.10.0-327.3.1.el7.x86_64, arch: amd64, bits: 64, numcores: 28
 
--------------------------------------------------------------------------------
Citation: Darriba D, Taboada GL, Doallo R and Posada D. 2012.
          "jModelTest 2: more models, new heuristics and parallel computing".
          Nature Methods 9(8), 772.
--------------------------------------------------------------------------------
 
jModelTest 2.1.10 v20160303
Copyright (C) 2011 D. Darriba, G.L. Taboada, R. Doallo and D. Posada
This program comes with ABSOLUTELY NO WARRANTY
This is free software, and you are welcome to redistribute it under certain
conditions
 
Notice: This program may contain errors. Please inspect results carefully.
 
 
Arguments = -d /gpfs/scratch/cltucker/GAG_VPU_fasfiles/HIV_aligned_VPU.fas -t BIONJ -o HIV_aligned_VPU.fas -AICc -BIC -DT -s 3 -hLRT

Reading data file "HIV_aligned_VPU.fas"... OK.
  number of sequences: 151
  number of sites: 246
 
 
---------------------------------------------------------------
*                                                             *
*        COMPUTATION OF LIKELIHOOD SCORES WITH PHYML          *
*                                                             *
---------------------------------------------------------------
 
::Settings::
 
 Phyml version = 20130103
 Phyml binary = PhyML_3.0_linux64
 Phyml path = /gpfs/home/cltucker/jModelTest/jmodeltest-2.1.10/exe/phyml/
 Candidate models = 3
   number of substitution schemes = 3
   including only models with equal base frequencies
   including only models without a proportion of invariable sites
   including only models without rate variation among sites
 Optimized free parameters (K) = substitution parameters + 299 branch lengths 
 Base tree for likelihood calculations = BIONJ tree
 
 
 
::Progress::
 
Model 		 Exec. Time 	 Total Time 	 -lnL
-------------------------------------------------------------------------
JC		00h:00:01:09	00h:00:01:09	    4919.6174	 (1/3)
K80		00h:00:02:02	00h:00:02:02	    4708.0497	 (2/3)
SYM		00h:00:02:06	00h:00:02:06	    4697.4581	 (3/3)
 
   Model = JC
   partition = 000000
   -lnL = 4919.6174
   K = 299 
 
   Model = K80
   partition = 010010
   -lnL = 4708.0497
   K = 300
   kappa = 4.4862 (ti/tv = 2.2431) 
 
   Model = SYM
   partition = 012345
   -lnL = 4697.4581
   K = 304
   R(a) [AC] =  1.8708
   R(b) [AG] =  5.2545
   R(c) [AT] =  1.1458
   R(d) [CG] =  0.8828
   R(e) [CT] =  5.8933
   R(f) [GT] =  1.0000 
 
  Best-fit models should be reoptimized for comparison with unconstrained likelihood
 
Computation of likelihood scores completed. It took 00h:00:02:06.
 



---------------------------------------------------------------
*                                                             *
*        CORRECTED AKAIKE INFORMATION CRITERION (AICc)        *
*                                                             *
---------------------------------------------------------------
 
 Sample size: 246.0
 
 Model selected: 
   Model = K80
   partition = 010010
   -lnL = 4708.0497
   K = 300
   kappa = 4.4862 (ti/tv = 2.2431) 
 
Tree for the best AICc model = (((((((((((((((((AB253655:0.00000001,(AB253652:0.00000001,(AB253658:0.00000001,(AB253657:0.00000001,AB253648:0.00000001):0.00000001):0.00000001):0.00000001):0.00000001,(((AB253667:0.00428540,AB253654:0.00000001):0.00000024,AB253656:0.00000001):0.00000023,AB253653:0.00000001):0.00000026):0.00000019,(AB253680:0.00000001,(AB253679:0.00000001,(AB253669:0.00000001,AB253670:0.00000020):0.00000018):0.00000025):0.00428329):0.00428523,AB253637:0.00000024):0.00586719,(AB253638:0.00428304,(AB253639:0.00000001,(AB253636:0.00000001,AB253635:0.00000001):0.00000001):0.00000077):0.00324763):0.03021774,(((((AB253696:0.00000001,AB253692:0.00000001):0.00871142,((AB253716:0.00000001,AB253715:0.00000001):0.00000021,(AB253722:0.00000001,(AB253725:0.00000001,(AB253717:0.00000001,(AB253721:0.00000001,(AB253720:0.00000001,(AB253718:0.00000001,(AB253724:0.00000001,(AB253723:0.00000001,AB253719:0.00000001):0.00000001):0.00000001):0.00000001):0.00000001):0.00000001):0.00000001):0.00000001):0.01291412):0.01737122):0.00423748,(AB253686:0.00000001,(AB253423:0.00000001,(AB253690:0.00000001,AB253682:0.00000001):0.00000001):0.00000001):0.00000024):0.00000020,AB253700:0.00861214):0.00424283,AB253681:0.00435528):0.02182414):0.00000028,((((AB253425:0.00000001,AB253424:0.00000001):0.01302336,AB220946:0.01312579):0.00423647,AB032740:0.01739333):0.00430475,(AB220948:0.00000027,(((AB485653:0.00000001,AB485652:0.00000001):0.00000022,AB032741:0.00858825):0.00429553,AB220947:0.00858683):0.00000185):0.00000024):0.00429701):0.00000025,((AB253427:0.00000001,AB253426:0.00000001):0.00457884,(AB547464:0.01666105,AB547463:0.00000001):0.02246546):0.00457873):0.00000029,AB097867:0.03953976):0.00691081,AB097872:0.03766248):0.00663079,((((((((AB485635:0.00000001,AB485634:0.00000001):0.01315153,(((AB231895:0.03577970,AB485633:0.01768142):0.00396660,(AB286864:0.00000001,AB286863:0.00000001):0.03525271):0.00000076,AB231896:0.02164357):0.00420112):0.00000051,AB231897:0.02627152):0.00000023,(AB049811:0.02760988,((AB286858:0.00000001,AB286857:0.00000001):0.01426180,(AB286854:0.00000001,AB286853:0.00000001):0.07439998):0.02056550):0.01597464):0.00000074,AB286856:0.03064927):0.01059646,AB286859:0.03365076):0.00833680,AB231898:0.03184682):0.00725727,(((AB287377:0.00000001,AB287376:0.00000001):0.04948736,((AB253422:0.02215450,((((AB703613:0.02006233,AB703612:0.01045229):0.00548124,(AB703610:0.03323433,AB703609:0.01449318):0.00669253):0.00564923,AB703611:0.02630291):0.00000034,AB703608:0.03975684):0.04965458):0.02156294,((AB098331:0.00427568,AB098330:0.00864788):0.01327720,AB098332:0.03961831):0.00000083):0.00570429):0.01367744,(AB287379:0.00429143,AB287378:0.00000021):0.04440656):0.02000146):0.02764681):0.02847233,((AB287004:0.00000001,AB287003:0.00000001):0.03791465,AB485662:0.03829526):0.03135840):0.01761148,((AB286852:0.00000001,AB286851:0.00000001):0.05454947,(AB485661:0.00000001,AB485660:0.00000001):0.02787858):0.03020713):0.00000151,(AB485665:0.00428891,AB485664:0.00000019):0.07918406):0.01516558,((((AB485651:0.00000001,AB485650:0.00000001):0.04988535,AB485648:0.03452915):0.01310619,((((((((((A07867:0.00000021,A04321:0.00000001):0.01084437,(AB287365:0.00000001,AB287364:0.00000001):0.05164156):0.01317441,(AB253432:0.00000001,AB221005:0.00000001):0.02733437):0.02625219,((AB564745:0.02917800,AB564744:0.01025736):0.03664102,(AB221126:0.00000001,AB221125:0.00000001):0.03656555):0.02056581):0.00000031,(AB287363:0.03026697,(((AB428553:0.00419606,(AB287367:0.00000001,AB287366:0.00000001):0.02181204):0.01315779,AB428552:0.02175497):0.00000077,AB428551:0.02610803):0.03166362):0.00439625):0.00359326,(AB289587:0.07281301,AB287368:0.03153940):0.02261067):0.00000047,((AB097870:0.00949743,AB097873:0.05198734):0.00677415,(AB097869:0.03538664,AB097866:0.05119211):0.01782394):0.01917411):0.00000075,((AB253431:0.00427446,(AB286956:0.00000001,AB286955:0.00000001):0.00863720):0.00442596,AB253430:0.00420842):0.03523973):0.00457305,AB287369:0.07234794):0.02794407,(((((((((AB097871:0.02486022,AB023804:0.01939782):0.00392969,(((AB254151:0.00000001,(AB254150:0.00000001,(AB254153:0.00000001,AB254154:0.00428539):0.00000021):0.00000017):0.00000023,(AB254145:0.00000001,(AB254143:0.00000001,AB254144:0.00428342):0.00000023):0.00428505):0.00000018,AB254152:0.00428514):0.03325779):0.00579665,(AB485647:0.00000001,AB485646:0.00000001):0.03332463):0.00353969,AB097868:0.05089821):0.00000038,((AB254147:0.00439527,AB254141:0.01285126):0.00889647,AB254146:0.00425884):0.04425206):0.01569056,AB254149:0.07959679):0.00380127,AB254142:0.08342407):0.00000038,AB254148:0.05299566):0.01372938,(AB286850:0.00000001,AB286849:0.00000001):0.05888380):0.04158486):0.00333952):0.02368074,(((AB480299:0.00000001,AB480298:0.00000001):0.01144169,AB480300:0.02116475):0.00413477,(AB485657:0.00000001,AB485656:0.00000001):0.03285543):0.02953577):0.01841334):0.22687716,(AB485667:0.00000001,AB485666:0.00000001):0.05972241):0.05645865,AB485669:0.00425506,AB485668:0.00391167);
 
 
* AICc MODEL SELECTION : Selection uncertainty
 
Model             -lnL    K     AICc       delta       weight   cumWeight
------------------------------------------------------------------------- 
K80         4708.04966   300  6732.462956   0.000000    1.000000   1.000000 
SYM         4697.45811   304  6859.865373  127.402416   2.16e-028   1.000000 
JC          4919.61744   299  7115.012658  382.549701   8.52e-084   1.000000
-------------------------------------------------------------------------
-lnL:	negative log likelihod
 K:	number of estimated parameters
 AICc:	Corrected Akaike Information Criterion
 delta:	AICc difference
 weight:	AICc weight
 cumWeight:	cumulative AICc weight
 
 
* AICc MODEL SELECTION : Confidence interval
 
There are 3 models in the 100% confidence interval: [ K80 SYM JC ] 
 
 
* AICc MODEL SELECTION : Best Model's command line
 
phyml  -i /tmp/jmodeltest1804097137302139257.phy -d nt -n 1 -b 0 --run_id K80 -m 010010 -f 0.25,0.25,0.25,0.25 -c 1 --no_memory_check -o lr



---------------------------------------------------------------
*                                                             *
*             BAYESIAN INFORMATION CRITERION (BIC)            *
*                                                             *
---------------------------------------------------------------
 
 Sample size: 246.0
 
 Model selected: 
   Model = K80
   partition = 010010
   -lnL = 4708.0497
   K = 300
   kappa = 4.4862 (ti/tv = 2.2431) 
 
Tree for the best BIC model = (((((((((((((((((AB253655:0.00000001,(AB253652:0.00000001,(AB253658:0.00000001,(AB253657:0.00000001,AB253648:0.00000001):0.00000001):0.00000001):0.00000001):0.00000001,(((AB253667:0.00428540,AB253654:0.00000001):0.00000024,AB253656:0.00000001):0.00000023,AB253653:0.00000001):0.00000026):0.00000019,(AB253680:0.00000001,(AB253679:0.00000001,(AB253669:0.00000001,AB253670:0.00000020):0.00000018):0.00000025):0.00428329):0.00428523,AB253637:0.00000024):0.00586719,(AB253638:0.00428304,(AB253639:0.00000001,(AB253636:0.00000001,AB253635:0.00000001):0.00000001):0.00000077):0.00324763):0.03021774,(((((AB253696:0.00000001,AB253692:0.00000001):0.00871142,((AB253716:0.00000001,AB253715:0.00000001):0.00000021,(AB253722:0.00000001,(AB253725:0.00000001,(AB253717:0.00000001,(AB253721:0.00000001,(AB253720:0.00000001,(AB253718:0.00000001,(AB253724:0.00000001,(AB253723:0.00000001,AB253719:0.00000001):0.00000001):0.00000001):0.00000001):0.00000001):0.00000001):0.00000001):0.00000001):0.01291412):0.01737122):0.00423748,(AB253686:0.00000001,(AB253423:0.00000001,(AB253690:0.00000001,AB253682:0.00000001):0.00000001):0.00000001):0.00000024):0.00000020,AB253700:0.00861214):0.00424283,AB253681:0.00435528):0.02182414):0.00000028,((((AB253425:0.00000001,AB253424:0.00000001):0.01302336,AB220946:0.01312579):0.00423647,AB032740:0.01739333):0.00430475,(AB220948:0.00000027,(((AB485653:0.00000001,AB485652:0.00000001):0.00000022,AB032741:0.00858825):0.00429553,AB220947:0.00858683):0.00000185):0.00000024):0.00429701):0.00000025,((AB253427:0.00000001,AB253426:0.00000001):0.00457884,(AB547464:0.01666105,AB547463:0.00000001):0.02246546):0.00457873):0.00000029,AB097867:0.03953976):0.00691081,AB097872:0.03766248):0.00663079,((((((((AB485635:0.00000001,AB485634:0.00000001):0.01315153,(((AB231895:0.03577970,AB485633:0.01768142):0.00396660,(AB286864:0.00000001,AB286863:0.00000001):0.03525271):0.00000076,AB231896:0.02164357):0.00420112):0.00000051,AB231897:0.02627152):0.00000023,(AB049811:0.02760988,((AB286858:0.00000001,AB286857:0.00000001):0.01426180,(AB286854:0.00000001,AB286853:0.00000001):0.07439998):0.02056550):0.01597464):0.00000074,AB286856:0.03064927):0.01059646,AB286859:0.03365076):0.00833680,AB231898:0.03184682):0.00725727,(((AB287377:0.00000001,AB287376:0.00000001):0.04948736,((AB253422:0.02215450,((((AB703613:0.02006233,AB703612:0.01045229):0.00548124,(AB703610:0.03323433,AB703609:0.01449318):0.00669253):0.00564923,AB703611:0.02630291):0.00000034,AB703608:0.03975684):0.04965458):0.02156294,((AB098331:0.00427568,AB098330:0.00864788):0.01327720,AB098332:0.03961831):0.00000083):0.00570429):0.01367744,(AB287379:0.00429143,AB287378:0.00000021):0.04440656):0.02000146):0.02764681):0.02847233,((AB287004:0.00000001,AB287003:0.00000001):0.03791465,AB485662:0.03829526):0.03135840):0.01761148,((AB286852:0.00000001,AB286851:0.00000001):0.05454947,(AB485661:0.00000001,AB485660:0.00000001):0.02787858):0.03020713):0.00000151,(AB485665:0.00428891,AB485664:0.00000019):0.07918406):0.01516558,((((AB485651:0.00000001,AB485650:0.00000001):0.04988535,AB485648:0.03452915):0.01310619,((((((((((A07867:0.00000021,A04321:0.00000001):0.01084437,(AB287365:0.00000001,AB287364:0.00000001):0.05164156):0.01317441,(AB253432:0.00000001,AB221005:0.00000001):0.02733437):0.02625219,((AB564745:0.02917800,AB564744:0.01025736):0.03664102,(AB221126:0.00000001,AB221125:0.00000001):0.03656555):0.02056581):0.00000031,(AB287363:0.03026697,(((AB428553:0.00419606,(AB287367:0.00000001,AB287366:0.00000001):0.02181204):0.01315779,AB428552:0.02175497):0.00000077,AB428551:0.02610803):0.03166362):0.00439625):0.00359326,(AB289587:0.07281301,AB287368:0.03153940):0.02261067):0.00000047,((AB097870:0.00949743,AB097873:0.05198734):0.00677415,(AB097869:0.03538664,AB097866:0.05119211):0.01782394):0.01917411):0.00000075,((AB253431:0.00427446,(AB286956:0.00000001,AB286955:0.00000001):0.00863720):0.00442596,AB253430:0.00420842):0.03523973):0.00457305,AB287369:0.07234794):0.02794407,(((((((((AB097871:0.02486022,AB023804:0.01939782):0.00392969,(((AB254151:0.00000001,(AB254150:0.00000001,(AB254153:0.00000001,AB254154:0.00428539):0.00000021):0.00000017):0.00000023,(AB254145:0.00000001,(AB254143:0.00000001,AB254144:0.00428342):0.00000023):0.00428505):0.00000018,AB254152:0.00428514):0.03325779):0.00579665,(AB485647:0.00000001,AB485646:0.00000001):0.03332463):0.00353969,AB097868:0.05089821):0.00000038,((AB254147:0.00439527,AB254141:0.01285126):0.00889647,AB254146:0.00425884):0.04425206):0.01569056,AB254149:0.07959679):0.00380127,AB254142:0.08342407):0.00000038,AB254148:0.05299566):0.01372938,(AB286850:0.00000001,AB286849:0.00000001):0.05888380):0.04158486):0.00333952):0.02368074,(((AB480299:0.00000001,AB480298:0.00000001):0.01144169,AB480300:0.02116475):0.00413477,(AB485657:0.00000001,AB485656:0.00000001):0.03285543):0.02953577):0.01841334):0.22687716,(AB485667:0.00000001,AB485666:0.00000001):0.05972241):0.05645865,AB485669:0.00425506,AB485668:0.00391167);
 
 
* BIC MODEL SELECTION : Selection uncertainty
 
Model             -lnL    K      BIC       delta       weight   cumWeight
------------------------------------------------------------------------- 
K80         4708.04966   300  11067.698781   0.000000    0.603271   0.603271 
SYM         4697.45811   304  11068.537007   0.838226    0.396729   1.000000 
JC          4919.61744   299  11485.329009  417.630228   1.24e-091   1.000000
-------------------------------------------------------------------------
-lnL:	negative log likelihod
K:	number of estimated parameters
BIC:	Bayesian Information Criterion
delta:	BIC difference
weight:	BIC weight
cumWeight:	cumulative BIC weight
 
 
* BIC MODEL SELECTION : Confidence interval
 
There are 3 models in the 100% confidence interval: [ K80 SYM JC ] 
 
 
* BIC MODEL SELECTION : Best Model's command line
 
phyml  -i /tmp/jmodeltest1804097137302139257.phy -d nt -n 1 -b 0 --run_id K80 -m 010010 -f 0.25,0.25,0.25,0.25 -c 1 --no_memory_check -o lr



---------------------------------------------------------------
*                                                             *
*      DECISION THEORY PERFORMANCE-BASED SELECTION (DT)       *
*                                                             *
---------------------------------------------------------------
 
 Sample size: 246.0
 
 Model selected: 
   Model = K80
   partition = 010010
   -lnL = 4708.0497
   K = 300
   kappa = 4.4862 (ti/tv = 2.2431) 
 
Tree for the best DT model = (((((((((((((((((AB253655:0.00000001,(AB253652:0.00000001,(AB253658:0.00000001,(AB253657:0.00000001,AB253648:0.00000001):0.00000001):0.00000001):0.00000001):0.00000001,(((AB253667:0.00428540,AB253654:0.00000001):0.00000024,AB253656:0.00000001):0.00000023,AB253653:0.00000001):0.00000026):0.00000019,(AB253680:0.00000001,(AB253679:0.00000001,(AB253669:0.00000001,AB253670:0.00000020):0.00000018):0.00000025):0.00428329):0.00428523,AB253637:0.00000024):0.00586719,(AB253638:0.00428304,(AB253639:0.00000001,(AB253636:0.00000001,AB253635:0.00000001):0.00000001):0.00000077):0.00324763):0.03021774,(((((AB253696:0.00000001,AB253692:0.00000001):0.00871142,((AB253716:0.00000001,AB253715:0.00000001):0.00000021,(AB253722:0.00000001,(AB253725:0.00000001,(AB253717:0.00000001,(AB253721:0.00000001,(AB253720:0.00000001,(AB253718:0.00000001,(AB253724:0.00000001,(AB253723:0.00000001,AB253719:0.00000001):0.00000001):0.00000001):0.00000001):0.00000001):0.00000001):0.00000001):0.00000001):0.01291412):0.01737122):0.00423748,(AB253686:0.00000001,(AB253423:0.00000001,(AB253690:0.00000001,AB253682:0.00000001):0.00000001):0.00000001):0.00000024):0.00000020,AB253700:0.00861214):0.00424283,AB253681:0.00435528):0.02182414):0.00000028,((((AB253425:0.00000001,AB253424:0.00000001):0.01302336,AB220946:0.01312579):0.00423647,AB032740:0.01739333):0.00430475,(AB220948:0.00000027,(((AB485653:0.00000001,AB485652:0.00000001):0.00000022,AB032741:0.00858825):0.00429553,AB220947:0.00858683):0.00000185):0.00000024):0.00429701):0.00000025,((AB253427:0.00000001,AB253426:0.00000001):0.00457884,(AB547464:0.01666105,AB547463:0.00000001):0.02246546):0.00457873):0.00000029,AB097867:0.03953976):0.00691081,AB097872:0.03766248):0.00663079,((((((((AB485635:0.00000001,AB485634:0.00000001):0.01315153,(((AB231895:0.03577970,AB485633:0.01768142):0.00396660,(AB286864:0.00000001,AB286863:0.00000001):0.03525271):0.00000076,AB231896:0.02164357):0.00420112):0.00000051,AB231897:0.02627152):0.00000023,(AB049811:0.02760988,((AB286858:0.00000001,AB286857:0.00000001):0.01426180,(AB286854:0.00000001,AB286853:0.00000001):0.07439998):0.02056550):0.01597464):0.00000074,AB286856:0.03064927):0.01059646,AB286859:0.03365076):0.00833680,AB231898:0.03184682):0.00725727,(((AB287377:0.00000001,AB287376:0.00000001):0.04948736,((AB253422:0.02215450,((((AB703613:0.02006233,AB703612:0.01045229):0.00548124,(AB703610:0.03323433,AB703609:0.01449318):0.00669253):0.00564923,AB703611:0.02630291):0.00000034,AB703608:0.03975684):0.04965458):0.02156294,((AB098331:0.00427568,AB098330:0.00864788):0.01327720,AB098332:0.03961831):0.00000083):0.00570429):0.01367744,(AB287379:0.00429143,AB287378:0.00000021):0.04440656):0.02000146):0.02764681):0.02847233,((AB287004:0.00000001,AB287003:0.00000001):0.03791465,AB485662:0.03829526):0.03135840):0.01761148,((AB286852:0.00000001,AB286851:0.00000001):0.05454947,(AB485661:0.00000001,AB485660:0.00000001):0.02787858):0.03020713):0.00000151,(AB485665:0.00428891,AB485664:0.00000019):0.07918406):0.01516558,((((AB485651:0.00000001,AB485650:0.00000001):0.04988535,AB485648:0.03452915):0.01310619,((((((((((A07867:0.00000021,A04321:0.00000001):0.01084437,(AB287365:0.00000001,AB287364:0.00000001):0.05164156):0.01317441,(AB253432:0.00000001,AB221005:0.00000001):0.02733437):0.02625219,((AB564745:0.02917800,AB564744:0.01025736):0.03664102,(AB221126:0.00000001,AB221125:0.00000001):0.03656555):0.02056581):0.00000031,(AB287363:0.03026697,(((AB428553:0.00419606,(AB287367:0.00000001,AB287366:0.00000001):0.02181204):0.01315779,AB428552:0.02175497):0.00000077,AB428551:0.02610803):0.03166362):0.00439625):0.00359326,(AB289587:0.07281301,AB287368:0.03153940):0.02261067):0.00000047,((AB097870:0.00949743,AB097873:0.05198734):0.00677415,(AB097869:0.03538664,AB097866:0.05119211):0.01782394):0.01917411):0.00000075,((AB253431:0.00427446,(AB286956:0.00000001,AB286955:0.00000001):0.00863720):0.00442596,AB253430:0.00420842):0.03523973):0.00457305,AB287369:0.07234794):0.02794407,(((((((((AB097871:0.02486022,AB023804:0.01939782):0.00392969,(((AB254151:0.00000001,(AB254150:0.00000001,(AB254153:0.00000001,AB254154:0.00428539):0.00000021):0.00000017):0.00000023,(AB254145:0.00000001,(AB254143:0.00000001,AB254144:0.00428342):0.00000023):0.00428505):0.00000018,AB254152:0.00428514):0.03325779):0.00579665,(AB485647:0.00000001,AB485646:0.00000001):0.03332463):0.00353969,AB097868:0.05089821):0.00000038,((AB254147:0.00439527,AB254141:0.01285126):0.00889647,AB254146:0.00425884):0.04425206):0.01569056,AB254149:0.07959679):0.00380127,AB254142:0.08342407):0.00000038,AB254148:0.05299566):0.01372938,(AB286850:0.00000001,AB286849:0.00000001):0.05888380):0.04158486):0.00333952):0.02368074,(((AB480299:0.00000001,AB480298:0.00000001):0.01144169,AB480300:0.02116475):0.00413477,(AB485657:0.00000001,AB485656:0.00000001):0.03285543):0.02953577):0.01841334):0.22687716,(AB485667:0.00000001,AB485666:0.00000001):0.05972241):0.05645865,AB485669:0.00425506,AB485668:0.00391167);
 
 
* DT MODEL SELECTION : Selection uncertainty
 
Model             -lnL    K       DT       delta       weight   cumWeight
------------------------------------------------------------------------- 
K80         4708.04966   300    0.002507   0.000000    0.566790   0.566790 
SYM         4697.45811   304    0.003812   0.001305    0.372738   0.939528 
JC          4919.61744   299    0.023496   0.020990    0.060472   1.000000
-------------------------------------------------------------------------
-lnL:t	negative log likelihod
K:	number of estimated parameters
DT:	decision theory performance-based score
delta:	DT difference
weight:	DT weight* (calculated using 1/DT)
cumWeight:	cumulative DT weight
 
 
* DT MODEL SELECTION : Confidence interval
 
There are 3 models in the 100% confidence interval: [ K80 SYM JC ] 
 
 
* DT MODEL SELECTION : Best Model's command line
 
phyml  -i /tmp/jmodeltest1804097137302139257.phy -d nt -n 1 -b 0 --run_id K80 -m 010010 -f 0.25,0.25,0.25,0.25 -c 1 --no_memory_check -o lr



---------------------------------------------------------------
*                                                             *
*          HIERARCHICAL LIKELIHOO RATIO TESTS (hLRT)          *
*                                                             *
---------------------------------------------------------------

hLRT is only available when likelihoods are calculated on the same tree (i.e., models are nested)
Execute jModelTest using a fixed BIONJ-JC tree or a user-defined topology
 
 
 
---------------------------------------------------------------
*                                                             *
*                    SELECTION SUMMARY                        *
*                                                             *
---------------------------------------------------------------

::Optimized Topologies Summary::

There are 1 different topologies.

Topology Id: 1
	Rank	Weight		 RF	AvgEucl		VarEucl
BIC	  1	100.00%		  0	1.00e-02	1.01e-04
AICc	  1	100.00%		  0	1.00e-02	1.01e-04
DT	  1	100.00%		  0	1.00e-02	1.01e-04
Models supporting:   3
                     JC K80 SYM 

 
 
 
::Best Models::
 
	Model 		f(a) 	f(c) 	f(g) 	f(t) 	kappa 	titv 	Ra	Rb	Rc	Rd	Re	Rf	pInv 	gamma
----------------------------------------------------------------------------------------------------------------------------------------
BIC 	K80		0.25	0.25	0.25	0.25	4.49	2.24	  1.000   4.486   1.000   1.000   4.486   1.000 N/A	N/A
AICc 	K80		0.25	0.25	0.25	0.25	4.49	2.24	  1.000   4.486   1.000   1.000   4.486   1.000 N/A	N/A
DT 	K80		0.25	0.25	0.25	0.25	4.49	2.24	  1.000   4.486   1.000   1.000   4.486   1.000 N/A	N/A
 
Program is done.
