-------------------------- jModeltest 2.1.10 v20160303 --------------------------
(c) 2011-onwards D. Darriba, G.L. Taboada, R. Doallo and D. Posada,
(1) Department of Biochemistry, Genetics and Immunology
    University of Vigo, 36310 Vigo, Spain.
(2) Department of Electronics and Systems
    University of A Coruna, 15071 A Coruna, Spain.
e-mail: ddarriba@udc.es, dposada@uvigo.es
--------------------------------------------------------------------------------
 
Tue May 01 17:18:24 EDT 2018
Linux 3.10.0-327.3.1.el7.x86_64, arch: amd64, bits: 64, numcores: 28
 
--------------------------------------------------------------------------------
Citation: Darriba D, Taboada GL, Doallo R and Posada D. 2012.
          "jModelTest 2: more models, new heuristics and parallel computing".
          Nature Methods 9(8), 772.
--------------------------------------------------------------------------------
 
jModelTest 2.1.10 v20160303
Copyright (C) 2011 D. Darriba, G.L. Taboada, R. Doallo and D. Posada
This program comes with ABSOLUTELY NO WARRANTY
This is free software, and you are welcome to redistribute it under certain
conditions
 
Notice: This program may contain errors. Please inspect results carefully.
 
 
Arguments = -d /gpfs/scratch/cltucker/GAG_VPU_fasfiles/SIV_aligned_VPX.fas -t BIONJ -o SIV_aligned_VPX.out -AICc -BIC -DT -s 3 -hLRT

Reading data file "SIV_aligned_VPX.fas"... OK.
  number of sequences: 38
  number of sites: 339
 
 
---------------------------------------------------------------
*                                                             *
*        COMPUTATION OF LIKELIHOOD SCORES WITH PHYML          *
*                                                             *
---------------------------------------------------------------
 
::Settings::
 
 Phyml version = 20130103
 Phyml binary = PhyML_3.0_linux64
 Phyml path = /gpfs/home/cltucker/jModelTest/jmodeltest-2.1.10/exe/phyml/
 Candidate models = 3
   number of substitution schemes = 3
   including only models with equal base frequencies
   including only models without a proportion of invariable sites
   including only models without rate variation among sites
 Optimized free parameters (K) = substitution parameters + 73 branch lengths 
 Base tree for likelihood calculations = BIONJ tree
 
 
 
::Progress::
 
Model 		 Exec. Time 	 Total Time 	 -lnL
-------------------------------------------------------------------------
JC		00h:00:00:07	00h:00:00:07	    6041.5241	 (1/3)
K80		00h:00:00:08	00h:00:00:08	    5856.6992	 (2/3)
SYM		00h:00:01:01	00h:00:01:01	    5809.7762	 (3/3)
 
   Model = JC
   partition = 000000
   -lnL = 6041.5241
   K = 73 
 
   Model = K80
   partition = 010010
   -lnL = 5856.6992
   K = 74
   kappa = 3.2444 (ti/tv = 1.6222) 
 
   Model = SYM
   partition = 012345
   -lnL = 5809.7762
   K = 78
   R(a) [AC] =  5.3037
   R(b) [AG] =  11.3970
   R(c) [AT] =  4.2828
   R(d) [CG] =  2.4701
   R(e) [CT] =  10.9059
   R(f) [GT] =  1.0000 
 
  Best-fit models should be reoptimized for comparison with unconstrained likelihood
 
Computation of likelihood scores completed. It took 00h:00:01:01.
 



---------------------------------------------------------------
*                                                             *
*        CORRECTED AKAIKE INFORMATION CRITERION (AICc)        *
*                                                             *
---------------------------------------------------------------
 
 Sample size: 339.0
 
 Model selected: 
   Model = SYM
   partition = 012345
   -lnL = 5809.7762
   K = 78
   R(a) [AC] =  5.3037
   R(b) [AG] =  11.3970
   R(c) [AT] =  4.2828
   R(d) [CG] =  2.4701
   R(e) [CT] =  10.9059
   R(f) [GT] =  1.0000 
 
Tree for the best AICc model = (((((AF382828:0.24398119,(((((EF535993:0.04417939,AF115393:0.06487848):0.03122362,AJ271369:0.08744051):0.04487108,(JN835460:0.00000001,DQ373065:0.00000001):0.12637872):0.04117907,AF103818:0.14413028):0.06343691,(((KP004990:0.08779860,KP004989:0.06229135):0.11916229,((((FJ424866:0.00000001,FJ424865:0.00000001):0.00000016,FJ424864:0.00306689):0.00913505,FJ424863:0.00930580):0.01414997,FJ424871:0.01085040):0.13601355):0.04876818,KP004991:0.16195599):0.08885324):0.00000803):0.00093908,(((X52154:0.11346292,AY169968:0.13158381):0.02433604,(FR686511:0.00000016,FR686510:0.00000001):0.16950458):0.04151738,GQ217539:0.21017252):0.05464853):0.00894438,(((JX178450:0.08894346,(JN835461:0.00000001,EF535994:0.00000001):0.08028975):0.02396033,DQ373064:0.10486123):0.03931645,DQ373063:0.12062120):0.09977675):0.08795157,((((((EF394356:0.00123872,AF447763:0.00454355):0.06832169,JN091691:0.06502004):0.02342128,((EF394358:0.00000001,DQ374658:0.00000014):0.01436215,(EF394357:0.00000001,DQ374657:0.00000014):0.04557319):0.02067809):0.04062295,JN091690:0.11935718):0.03293379,JQ768416:0.12913590):0.07104108,(JQ866001:0.22122698,U42720:0.21202567):0.07165183):0.13347799):0.19430989,JN835462:0.00000001,DQ373066:0.00000001);
 
 
* AICc MODEL SELECTION : Selection uncertainty
 
Model             -lnL    K     AICc       delta       weight   cumWeight
------------------------------------------------------------------------- 
SYM         5809.77620   78  11822.952400   0.000000    1.000000   1.000000 
K80         5856.69922   74  11903.443895  80.491495   3.32e-018   1.000000 
JC          6041.52406   73  12269.817931  446.865531   9.21e-098   1.000000
-------------------------------------------------------------------------
-lnL:	negative log likelihod
 K:	number of estimated parameters
 AICc:	Corrected Akaike Information Criterion
 delta:	AICc difference
 weight:	AICc weight
 cumWeight:	cumulative AICc weight
 
 
* AICc MODEL SELECTION : Confidence interval
 
There are 3 models in the 100% confidence interval: [ SYM K80 JC ] 
 
 
* AICc MODEL SELECTION : Best Model's command line
 
phyml  -i /tmp/jmodeltest5924590708851434953.phy -d nt -n 1 -b 0 --run_id SYM -m 012345 -f 0.25,0.25,0.25,0.25 -c 1 --no_memory_check -o lr



---------------------------------------------------------------
*                                                             *
*             BAYESIAN INFORMATION CRITERION (BIC)            *
*                                                             *
---------------------------------------------------------------
 
 Sample size: 339.0
 
 Model selected: 
   Model = SYM
   partition = 012345
   -lnL = 5809.7762
   K = 78
   R(a) [AC] =  5.3037
   R(b) [AG] =  11.3970
   R(c) [AT] =  4.2828
   R(d) [CG] =  2.4701
   R(e) [CT] =  10.9059
   R(f) [GT] =  1.0000 
 
Tree for the best BIC model = (((((AF382828:0.24398119,(((((EF535993:0.04417939,AF115393:0.06487848):0.03122362,AJ271369:0.08744051):0.04487108,(JN835460:0.00000001,DQ373065:0.00000001):0.12637872):0.04117907,AF103818:0.14413028):0.06343691,(((KP004990:0.08779860,KP004989:0.06229135):0.11916229,((((FJ424866:0.00000001,FJ424865:0.00000001):0.00000016,FJ424864:0.00306689):0.00913505,FJ424863:0.00930580):0.01414997,FJ424871:0.01085040):0.13601355):0.04876818,KP004991:0.16195599):0.08885324):0.00000803):0.00093908,(((X52154:0.11346292,AY169968:0.13158381):0.02433604,(FR686511:0.00000016,FR686510:0.00000001):0.16950458):0.04151738,GQ217539:0.21017252):0.05464853):0.00894438,(((JX178450:0.08894346,(JN835461:0.00000001,EF535994:0.00000001):0.08028975):0.02396033,DQ373064:0.10486123):0.03931645,DQ373063:0.12062120):0.09977675):0.08795157,((((((EF394356:0.00123872,AF447763:0.00454355):0.06832169,JN091691:0.06502004):0.02342128,((EF394358:0.00000001,DQ374658:0.00000014):0.01436215,(EF394357:0.00000001,DQ374657:0.00000014):0.04557319):0.02067809):0.04062295,JN091690:0.11935718):0.03293379,JQ768416:0.12913590):0.07104108,(JQ866001:0.22122698,U42720:0.21202567):0.07165183):0.13347799):0.19430989,JN835462:0.00000001,DQ373066:0.00000001);
 
 
* BIC MODEL SELECTION : Selection uncertainty
 
Model             -lnL    K      BIC       delta       weight   cumWeight
------------------------------------------------------------------------- 
SYM         5809.77620   78  12073.980408   0.000000    1.000000   1.000000 
K80         5856.69922   74  12144.522448  70.542040   4.81e-016   1.000000 
JC          6041.52406   73  12508.346128  434.365719   4.77e-095   1.000000
-------------------------------------------------------------------------
-lnL:	negative log likelihod
K:	number of estimated parameters
BIC:	Bayesian Information Criterion
delta:	BIC difference
weight:	BIC weight
cumWeight:	cumulative BIC weight
 
 
* BIC MODEL SELECTION : Confidence interval
 
There are 3 models in the 100% confidence interval: [ SYM K80 JC ] 
 
 
* BIC MODEL SELECTION : Best Model's command line
 
phyml  -i /tmp/jmodeltest5924590708851434953.phy -d nt -n 1 -b 0 --run_id SYM -m 012345 -f 0.25,0.25,0.25,0.25 -c 1 --no_memory_check -o lr



---------------------------------------------------------------
*                                                             *
*      DECISION THEORY PERFORMANCE-BASED SELECTION (DT)       *
*                                                             *
---------------------------------------------------------------
 
 Sample size: 339.0
 
 Model selected: 
   Model = SYM
   partition = 012345
   -lnL = 5809.7762
   K = 78
   R(a) [AC] =  5.3037
   R(b) [AG] =  11.3970
   R(c) [AT] =  4.2828
   R(d) [CG] =  2.4701
   R(e) [CT] =  10.9059
   R(f) [GT] =  1.0000 
 
Tree for the best DT model = (((((AF382828:0.24398119,(((((EF535993:0.04417939,AF115393:0.06487848):0.03122362,AJ271369:0.08744051):0.04487108,(JN835460:0.00000001,DQ373065:0.00000001):0.12637872):0.04117907,AF103818:0.14413028):0.06343691,(((KP004990:0.08779860,KP004989:0.06229135):0.11916229,((((FJ424866:0.00000001,FJ424865:0.00000001):0.00000016,FJ424864:0.00306689):0.00913505,FJ424863:0.00930580):0.01414997,FJ424871:0.01085040):0.13601355):0.04876818,KP004991:0.16195599):0.08885324):0.00000803):0.00093908,(((X52154:0.11346292,AY169968:0.13158381):0.02433604,(FR686511:0.00000016,FR686510:0.00000001):0.16950458):0.04151738,GQ217539:0.21017252):0.05464853):0.00894438,(((JX178450:0.08894346,(JN835461:0.00000001,EF535994:0.00000001):0.08028975):0.02396033,DQ373064:0.10486123):0.03931645,DQ373063:0.12062120):0.09977675):0.08795157,((((((EF394356:0.00123872,AF447763:0.00454355):0.06832169,JN091691:0.06502004):0.02342128,((EF394358:0.00000001,DQ374658:0.00000014):0.01436215,(EF394357:0.00000001,DQ374657:0.00000014):0.04557319):0.02067809):0.04062295,JN091690:0.11935718):0.03293379,JQ768416:0.12913590):0.07104108,(JQ866001:0.22122698,U42720:0.21202567):0.07165183):0.13347799):0.19430989,JN835462:0.00000001,DQ373066:0.00000001);
 
 
* DT MODEL SELECTION : Selection uncertainty
 
Model             -lnL    K       DT       delta       weight   cumWeight
------------------------------------------------------------------------- 
SYM         5809.77620   78    0.000000   0.000000    1.000000   1.000000 
K80         5856.69922   74    0.027802   0.027802   4.81e-016   1.000000 
JC          6041.52406   73    0.035456   0.035456   3.77e-016   1.000000
-------------------------------------------------------------------------
-lnL:t	negative log likelihod
K:	number of estimated parameters
DT:	decision theory performance-based score
delta:	DT difference
weight:	DT weight* (calculated using 1/DT)
cumWeight:	cumulative DT weight
 
 
* DT MODEL SELECTION : Confidence interval
 
There are 3 models in the 100% confidence interval: [ SYM K80 JC ] 
 
 
* DT MODEL SELECTION : Best Model's command line
 
phyml  -i /tmp/jmodeltest5924590708851434953.phy -d nt -n 1 -b 0 --run_id SYM -m 012345 -f 0.25,0.25,0.25,0.25 -c 1 --no_memory_check -o lr



---------------------------------------------------------------
*                                                             *
*          HIERARCHICAL LIKELIHOO RATIO TESTS (hLRT)          *
*                                                             *
---------------------------------------------------------------

hLRT is only available when likelihoods are calculated on the same tree (i.e., models are nested)
Execute jModelTest using a fixed BIONJ-JC tree or a user-defined topology
 
 
 
---------------------------------------------------------------
*                                                             *
*                    SELECTION SUMMARY                        *
*                                                             *
---------------------------------------------------------------

::Optimized Topologies Summary::

There are 1 different topologies.

Topology Id: 1
	Rank	Weight		 RF	AvgEucl		VarEucl
BIC	  1	100.00%		  0	2.11e-02	2.32e-04
AICc	  1	100.00%		  0	2.11e-02	2.32e-04
DT	  1	100.00%		  0	2.11e-02	2.32e-04
Models supporting:   3
                     JC K80 SYM 

 
 
 
::Best Models::
 
	Model 		f(a) 	f(c) 	f(g) 	f(t) 	kappa 	titv 	Ra	Rb	Rc	Rd	Re	Rf	pInv 	gamma
----------------------------------------------------------------------------------------------------------------------------------------
BIC 	SYM		0.25	0.25	0.25	0.25	0.00	0.00	  5.304  11.397   4.283   2.470  10.906   1.000 N/A	N/A
AICc 	SYM		0.25	0.25	0.25	0.25	0.00	0.00	  5.304  11.397   4.283   2.470  10.906   1.000 N/A	N/A
DT 	SYM		0.25	0.25	0.25	0.25	0.00	0.00	  5.304  11.397   4.283   2.470  10.906   1.000 N/A	N/A
 
Program is done.
